2018-10-29 11:42:49.528  INFO Vtyc-Qiu-7460 --- [           main] c.v.SqlserverApplication                 : Info log
2018-10-29 11:42:49.548  WARN Vtyc-Qiu-7460 --- [           main] c.v.SqlserverApplication                 : Hey, This is a warning!
2018-10-29 11:42:49.548 ERROR Vtyc-Qiu-7460 --- [           main] c.v.SqlserverApplication                 : Oops! We have an Error. OK
2018-10-29 11:42:49.548 FATAL Vtyc-Qiu-7460 --- [           main] c.v.SqlserverApplication                 : Damn! Fatal error. Please fix me.
2018-10-29 11:42:50.098  INFO Vtyc-Qiu-7460 --- [           main] c.v.SqlserverApplication                 : Starting SqlserverApplication on Vtyc-Qiu-7460 with PID 15124 (D:\work\qiuuqan\projects\sqlserver\target\classes started by tmc10427 in D:\work\qiuuqan\projects\sqlserver)
2018-10-29 11:42:50.099  INFO Vtyc-Qiu-7460 --- [           main] c.v.SqlserverApplication                 : No active profile set, falling back to default profiles: default
2018-10-29 11:42:50.144  INFO Vtyc-Qiu-7460 --- [           main] ConfigServletWebServerApplicationContext : Refreshing org.springframework.boot.web.servlet.context.AnnotationConfigServletWebServerApplicationContext@6a03bcb1: startup date [Mon Oct 29 11:42:50 CST 2018]; root of context hierarchy
2018-10-29 11:42:51.287  INFO Vtyc-Qiu-7460 --- [           main] trationDelegate$BeanPostProcessorChecker : Bean 'org.springframework.transaction.annotation.ProxyTransactionManagementConfiguration' of type [org.springframework.transaction.annotation.ProxyTransactionManagementConfiguration$$EnhancerBySpringCGLIB$$2aec7ec7] is not eligible for getting processed by all BeanPostProcessors (for example: not eligible for auto-proxying)
2018-10-29 11:42:51.812  INFO Vtyc-Qiu-7460 --- [           main] o.s.b.w.e.t.TomcatWebServer              : Tomcat initialized with port(s): 9999 (http)
2018-10-29 11:42:51.839  INFO Vtyc-Qiu-7460 --- [           main] o.a.c.h.Http11NioProtocol                : Initializing ProtocolHandler ["http-nio-9999"]
2018-10-29 11:42:51.852  INFO Vtyc-Qiu-7460 --- [           main] o.a.c.c.StandardService                  : Starting service [Tomcat]
2018-10-29 11:42:51.853  INFO Vtyc-Qiu-7460 --- [           main] o.a.c.c.StandardEngine                   : Starting Servlet Engine: Apache Tomcat/8.5.28
2018-10-29 11:42:51.865  INFO Vtyc-Qiu-7460 --- [ost-startStop-1] o.a.c.c.AprLifecycleListener             : Loaded APR based Apache Tomcat Native library [1.2.16] using APR version [1.6.3].
2018-10-29 11:42:51.865  INFO Vtyc-Qiu-7460 --- [ost-startStop-1] o.a.c.c.AprLifecycleListener             : APR capabilities: IPv6 [true], sendfile [true], accept filters [false], random [true].
2018-10-29 11:42:51.865  INFO Vtyc-Qiu-7460 --- [ost-startStop-1] o.a.c.c.AprLifecycleListener             : APR/OpenSSL configuration: useAprConnector [false], useOpenSSL [true]
2018-10-29 11:42:52.926  INFO Vtyc-Qiu-7460 --- [ost-startStop-1] o.a.c.c.AprLifecycleListener             : OpenSSL successfully initialized [OpenSSL 1.0.2m  2 Nov 2017]
2018-10-29 11:42:53.213  INFO Vtyc-Qiu-7460 --- [ost-startStop-1] o.a.c.c.C.[.[.[/]                        : Initializing Spring embedded WebApplicationContext
2018-10-29 11:42:53.213  INFO Vtyc-Qiu-7460 --- [ost-startStop-1] o.s.w.c.ContextLoader                    : Root WebApplicationContext: initialization completed in 3072 ms
2018-10-29 11:42:53.314  INFO Vtyc-Qiu-7460 --- [ost-startStop-1] o.s.b.w.s.ServletRegistrationBean        : Servlet dispatcherServlet mapped to [/]
2018-10-29 11:42:53.317  INFO Vtyc-Qiu-7460 --- [ost-startStop-1] o.s.b.w.s.FilterRegistrationBean         : Mapping filter: 'characterEncodingFilter' to: [/*]
2018-10-29 11:42:53.318  INFO Vtyc-Qiu-7460 --- [ost-startStop-1] o.s.b.w.s.FilterRegistrationBean         : Mapping filter: 'hiddenHttpMethodFilter' to: [/*]
2018-10-29 11:42:53.318  INFO Vtyc-Qiu-7460 --- [ost-startStop-1] o.s.b.w.s.FilterRegistrationBean         : Mapping filter: 'httpPutFormContentFilter' to: [/*]
2018-10-29 11:42:53.318  INFO Vtyc-Qiu-7460 --- [ost-startStop-1] o.s.b.w.s.FilterRegistrationBean         : Mapping filter: 'requestContextFilter' to: [/*]
2018-10-29 11:42:53.646  INFO Vtyc-Qiu-7460 --- [           main] o.s.j.d.DriverManagerDataSource          : Loaded JDBC driver: com.microsoft.sqlserver.jdbc.SQLServerDriver
2018-10-29 11:42:53.651  INFO Vtyc-Qiu-7460 --- [           main] o.s.j.d.DriverManagerDataSource          : Loaded JDBC driver: com.microsoft.sqlserver.jdbc.SQLServerDriver
2018-10-29 11:42:57.988  INFO Vtyc-Qiu-7460 --- [           main] j.LocalContainerEntityManagerFactoryBean : Building JPA container EntityManagerFactory for persistence unit 'default'
2018-10-29 11:42:58.001  INFO Vtyc-Qiu-7460 --- [           main] o.h.j.i.u.LogHelper                      : HHH000204: Processing PersistenceUnitInfo [
	name: default
	...]
2018-10-29 11:42:58.075  INFO Vtyc-Qiu-7460 --- [           main] o.h.Version                              : HHH000412: Hibernate Core {5.2.14.Final}
2018-10-29 11:42:58.076  INFO Vtyc-Qiu-7460 --- [           main] o.h.c.Environment                        : HHH000206: hibernate.properties not found
2018-10-29 11:42:58.112  INFO Vtyc-Qiu-7460 --- [           main] o.h.a.c.Version                          : HCANN000001: Hibernate Commons Annotations {5.0.1.Final}
2018-10-29 11:42:58.238  INFO Vtyc-Qiu-7460 --- [           main] o.h.d.Dialect                            : HHH000400: Using dialect: org.hibernate.dialect.SQLServer2012Dialect
2018-10-29 11:42:58.495  INFO Vtyc-Qiu-7460 --- [           main] j.LocalContainerEntityManagerFactoryBean : Initialized JPA EntityManagerFactory for persistence unit 'default'
2018-10-29 11:42:58.514  INFO Vtyc-Qiu-7460 --- [           main] o.s.j.d.DriverManagerDataSource          : Loaded JDBC driver: com.microsoft.sqlserver.jdbc.SQLServerDriver
2018-10-29 11:42:58.515  INFO Vtyc-Qiu-7460 --- [           main] o.s.j.d.DriverManagerDataSource          : Loaded JDBC driver: com.microsoft.sqlserver.jdbc.SQLServerDriver
2018-10-29 11:42:58.927  INFO Vtyc-Qiu-7460 --- [           main] s.w.s.m.m.a.RequestMappingHandlerAdapter : Looking for @ControllerAdvice: org.springframework.boot.web.servlet.context.AnnotationConfigServletWebServerApplicationContext@6a03bcb1: startup date [Mon Oct 29 11:42:50 CST 2018]; root of context hierarchy
2018-10-29 11:42:58.962  WARN Vtyc-Qiu-7460 --- [           main] aWebConfiguration$JpaWebMvcConfiguration : spring.jpa.open-in-view is enabled by default. Therefore, database queries may be performed during view rendering. Explicitly configure spring.jpa.open-in-view to disable this warning
2018-10-29 11:42:59.134  INFO Vtyc-Qiu-7460 --- [           main] s.w.s.m.m.a.RequestMappingHandlerMapping : Mapped "{[/CQ/productionDay/{workcenter}/{s_date}],methods=[GET]}" onto public java.lang.String com.vtyc.controller.CQProlinkSQLController.getProductionByDay(java.lang.String,java.lang.String)
2018-10-29 11:42:59.137  INFO Vtyc-Qiu-7460 --- [           main] s.w.s.m.m.a.RequestMappingHandlerMapping : Mapped "{[/CQ/wc/{wc_id}],methods=[GET]}" onto public java.lang.String com.vtyc.controller.CQProlinkSQLController.getWorkcenterDesc(java.lang.String)
2018-10-29 11:42:59.137  INFO Vtyc-Qiu-7460 --- [           main] s.w.s.m.m.a.RequestMappingHandlerMapping : Mapped "{[/CQ/wcs],methods=[GET]}" onto public java.lang.String com.vtyc.controller.CQProlinkSQLController.getAllWorkcenters()
2018-10-29 11:42:59.137  INFO Vtyc-Qiu-7460 --- [           main] s.w.s.m.m.a.RequestMappingHandlerMapping : Mapped "{[/CQ/productionNight/{workcenter}/{s_date}],methods=[GET]}" onto public java.lang.String com.vtyc.controller.CQProlinkSQLController.getProductionByNight(java.lang.String,java.lang.String)
2018-10-29 11:42:59.137  INFO Vtyc-Qiu-7460 --- [           main] s.w.s.m.m.a.RequestMappingHandlerMapping : Mapped "{[/CQ/wc_wcd],methods=[GET]}" onto public java.lang.String com.vtyc.controller.CQProlinkSQLController.getAllWorkcenterWorkcenterDecs()
2018-10-29 11:42:59.137  INFO Vtyc-Qiu-7460 --- [           main] s.w.s.m.m.a.RequestMappingHandlerMapping : Mapped "{[/CQ/productionDayAll/{s_date}],methods=[GET]}" onto public java.lang.String com.vtyc.controller.CQProlinkSQLController.getProductionByDayAll(java.lang.String)
2018-10-29 11:42:59.138  INFO Vtyc-Qiu-7460 --- [           main] s.w.s.m.m.a.RequestMappingHandlerMapping : Mapped "{[/CQ/productionNightAll/{s_date}],methods=[GET]}" onto public java.lang.String com.vtyc.controller.CQProlinkSQLController.getProductionByNightAll(java.lang.String)
2018-10-29 11:42:59.138  INFO Vtyc-Qiu-7460 --- [           main] s.w.s.m.m.a.RequestMappingHandlerMapping : Mapped "{[/CQ/costcenterToWorkcenters/{costcenter}],methods=[GET]}" onto public java.lang.String com.vtyc.controller.CQProlinkSQLController.costcenterToWorkcenters(java.lang.String)
2018-10-29 11:42:59.138  INFO Vtyc-Qiu-7460 --- [           main] s.w.s.m.m.a.RequestMappingHandlerMapping : Mapped "{[/CQ/count_pt],methods=[GET]}" onto public java.lang.String com.vtyc.controller.CQProlinkSQLController.getCountPt()
2018-10-29 11:42:59.138  INFO Vtyc-Qiu-7460 --- [           main] s.w.s.m.m.a.RequestMappingHandlerMapping : Mapped "{[/CQ/api],methods=[GET]}" onto public java.lang.String com.vtyc.controller.CQProlinkSQLController.getAllApi()
2018-10-29 11:42:59.139  INFO Vtyc-Qiu-7460 --- [           main] s.w.s.m.m.a.RequestMappingHandlerMapping : Mapped "{[/CQ/pt/{id}/**],methods=[GET]}" onto public java.lang.String com.vtyc.controller.CQProlinkSQLController.checkPartNum(java.lang.String,javax.servlet.http.HttpServletRequest)
2018-10-29 11:42:59.143  INFO Vtyc-Qiu-7460 --- [           main] s.w.s.m.m.a.RequestMappingHandlerMapping : Mapped "{[/CZ/workcenterToCostcenter/{workcenter}],methods=[GET]}" onto public java.lang.String com.vtyc.controller.CzProlinkSQLController.workcenterToCostcenter(java.lang.String)
2018-10-29 11:42:59.144  INFO Vtyc-Qiu-7460 --- [           main] s.w.s.m.m.a.RequestMappingHandlerMapping : Mapped "{[/CZ/productionDay/{workcenter}/{s_date}],methods=[GET]}" onto public java.lang.String com.vtyc.controller.CzProlinkSQLController.getProductionByDay(java.lang.String,java.lang.String)
2018-10-29 11:42:59.144  INFO Vtyc-Qiu-7460 --- [           main] s.w.s.m.m.a.RequestMappingHandlerMapping : Mapped "{[/CZ/wc/{wc_id}],methods=[GET]}" onto public java.lang.String com.vtyc.controller.CzProlinkSQLController.getWorkcenterDesc(java.lang.String)
2018-10-29 11:42:59.144  INFO Vtyc-Qiu-7460 --- [           main] s.w.s.m.m.a.RequestMappingHandlerMapping : Mapped "{[/CZ/wcs],methods=[GET]}" onto public java.lang.String com.vtyc.controller.CzProlinkSQLController.getAllWorkcenters()
2018-10-29 11:42:59.144  INFO Vtyc-Qiu-7460 --- [           main] s.w.s.m.m.a.RequestMappingHandlerMapping : Mapped "{[/CZ/productionNight/{workcenter}/{s_date}],methods=[GET]}" onto public java.lang.String com.vtyc.controller.CzProlinkSQLController.getProductionByNight(java.lang.String,java.lang.String)
2018-10-29 11:42:59.145  INFO Vtyc-Qiu-7460 --- [           main] s.w.s.m.m.a.RequestMappingHandlerMapping : Mapped "{[/CZ/wc_wcd],methods=[GET]}" onto public java.lang.String com.vtyc.controller.CzProlinkSQLController.getAllWorkcenterWorkcenterDecs()
2018-10-29 11:42:59.145  INFO Vtyc-Qiu-7460 --- [           main] s.w.s.m.m.a.RequestMappingHandlerMapping : Mapped "{[/CZ/productionDayAll/{s_date}],methods=[GET]}" onto public java.lang.String com.vtyc.controller.CzProlinkSQLController.getProductionByDayAll(java.lang.String)
2018-10-29 11:42:59.145  INFO Vtyc-Qiu-7460 --- [           main] s.w.s.m.m.a.RequestMappingHandlerMapping : Mapped "{[/CZ/productionNightAll/{s_date}],methods=[GET]}" onto public java.lang.String com.vtyc.controller.CzProlinkSQLController.getProductionByNightAll(java.lang.String)
2018-10-29 11:42:59.145  INFO Vtyc-Qiu-7460 --- [           main] s.w.s.m.m.a.RequestMappingHandlerMapping : Mapped "{[/CZ/costcenterToWorkcenters/{costcenter}],methods=[GET]}" onto public java.lang.String com.vtyc.controller.CzProlinkSQLController.costcenterToWorkcenters(java.lang.String)
2018-10-29 11:42:59.145  INFO Vtyc-Qiu-7460 --- [           main] s.w.s.m.m.a.RequestMappingHandlerMapping : Mapped "{[/CZ/count_pt],methods=[GET]}" onto public java.lang.String com.vtyc.controller.CzProlinkSQLController.getCountPt()
2018-10-29 11:42:59.146  INFO Vtyc-Qiu-7460 --- [           main] s.w.s.m.m.a.RequestMappingHandlerMapping : Mapped "{[/CZ/api],methods=[GET]}" onto public java.lang.String com.vtyc.controller.CzProlinkSQLController.getAllApi()
2018-10-29 11:42:59.146  INFO Vtyc-Qiu-7460 --- [           main] s.w.s.m.m.a.RequestMappingHandlerMapping : Mapped "{[/CZ/pt/{id}/**],methods=[GET]}" onto public java.lang.String com.vtyc.controller.CzProlinkSQLController.checkPartNum(java.lang.String,javax.servlet.http.HttpServletRequest)
2018-10-29 11:42:59.147  INFO Vtyc-Qiu-7460 --- [           main] s.w.s.m.m.a.RequestMappingHandlerMapping : Mapped "{[/simpleemail]}" onto public java.lang.String com.vtyc.controller.QQEmailController.home()
2018-10-29 11:42:59.148  INFO Vtyc-Qiu-7460 --- [           main] s.w.s.m.m.a.RequestMappingHandlerMapping : Mapped "{[/vtycemail]}" onto public java.lang.String com.vtyc.controller.VtycEmailController.home()
2018-10-29 11:42:59.151  INFO Vtyc-Qiu-7460 --- [           main] s.w.s.m.m.a.RequestMappingHandlerMapping : Mapped "{[/error]}" onto public org.springframework.http.ResponseEntity<java.util.Map<java.lang.String, java.lang.Object>> org.springframework.boot.autoconfigure.web.servlet.error.BasicErrorController.error(javax.servlet.http.HttpServletRequest)
2018-10-29 11:42:59.152  INFO Vtyc-Qiu-7460 --- [           main] s.w.s.m.m.a.RequestMappingHandlerMapping : Mapped "{[/error],produces=[text/html]}" onto public org.springframework.web.servlet.ModelAndView org.springframework.boot.autoconfigure.web.servlet.error.BasicErrorController.errorHtml(javax.servlet.http.HttpServletRequest,javax.servlet.http.HttpServletResponse)
2018-10-29 11:42:59.211  INFO Vtyc-Qiu-7460 --- [           main] o.s.w.s.h.SimpleUrlHandlerMapping        : Mapped URL path [/webjars/**] onto handler of type [class org.springframework.web.servlet.resource.ResourceHttpRequestHandler]
2018-10-29 11:42:59.212  INFO Vtyc-Qiu-7460 --- [           main] o.s.w.s.h.SimpleUrlHandlerMapping        : Mapped URL path [/**] onto handler of type [class org.springframework.web.servlet.resource.ResourceHttpRequestHandler]
2018-10-29 11:42:59.252  INFO Vtyc-Qiu-7460 --- [           main] o.s.w.s.h.SimpleUrlHandlerMapping        : Mapped URL path [/**/favicon.ico] onto handler of type [class org.springframework.web.servlet.resource.ResourceHttpRequestHandler]
2018-10-29 11:42:59.671  INFO Vtyc-Qiu-7460 --- [           main] o.s.j.e.a.AnnotationMBeanExporter        : Registering beans for JMX exposure on startup
2018-10-29 11:42:59.688  INFO Vtyc-Qiu-7460 --- [           main] o.a.c.h.Http11NioProtocol                : Starting ProtocolHandler ["http-nio-9999"]
2018-10-29 11:42:59.700  INFO Vtyc-Qiu-7460 --- [           main] o.a.t.u.n.NioSelectorPool                : Using a shared selector for servlet write/read
2018-10-29 11:42:59.735  INFO Vtyc-Qiu-7460 --- [           main] o.s.b.w.e.t.TomcatWebServer              : Tomcat started on port(s): 9999 (http) with context path ''
2018-10-29 11:42:59.750  INFO Vtyc-Qiu-7460 --- [           main] c.v.SqlserverApplication                 : Started SqlserverApplication in 10.148 seconds (JVM running for 12.642)
2018-10-29 11:43:55.846  INFO Vtyc-Qiu-7460 --- [nio-9999-exec-1] o.a.c.c.C.[.[.[/]                        : Initializing Spring FrameworkServlet 'dispatcherServlet'
2018-10-29 11:43:55.847  INFO Vtyc-Qiu-7460 --- [nio-9999-exec-1] o.s.w.s.DispatcherServlet                : FrameworkServlet 'dispatcherServlet': initialization started
2018-10-29 11:43:55.862  INFO Vtyc-Qiu-7460 --- [nio-9999-exec-1] o.s.w.s.DispatcherServlet                : FrameworkServlet 'dispatcherServlet': initialization completed in 15 ms
2018-10-29 11:46:15.157  INFO Vtyc-Qiu-7460 --- [           main] .b.t.c.SpringBootTestContextBootstrapper : Neither @ContextConfiguration nor @ContextHierarchy found for test class [com.vtyc.SqlserverApplicationTests], using SpringBootContextLoader
2018-10-29 11:46:15.169  INFO Vtyc-Qiu-7460 --- [           main] o.s.t.c.s.AbstractContextLoader          : Could not detect default resource locations for test class [com.vtyc.SqlserverApplicationTests]: no resource found for suffixes {-context.xml, Context.groovy}.
2018-10-29 11:46:15.171  INFO Vtyc-Qiu-7460 --- [           main] t.c.s.AnnotationConfigContextLoaderUtils : Could not detect default configuration classes for test class [com.vtyc.SqlserverApplicationTests]: SqlserverApplicationTests does not declare any static, non-private, non-final, nested classes annotated with @Configuration.
2018-10-29 11:46:15.345  INFO Vtyc-Qiu-7460 --- [           main] .b.t.c.SpringBootTestContextBootstrapper : Found @SpringBootConfiguration com.vtyc.SqlserverApplication for test class com.vtyc.SqlserverApplicationTests
2018-10-29 11:46:15.517  INFO Vtyc-Qiu-7460 --- [           main] .b.t.c.SpringBootTestContextBootstrapper : Loaded default TestExecutionListener class names from location [META-INF/spring.factories]: [org.springframework.boot.test.mock.mockito.MockitoTestExecutionListener, org.springframework.boot.test.mock.mockito.ResetMocksTestExecutionListener, org.springframework.boot.test.autoconfigure.restdocs.RestDocsTestExecutionListener, org.springframework.boot.test.autoconfigure.web.client.MockRestServiceServerResetTestExecutionListener, org.springframework.boot.test.autoconfigure.web.servlet.MockMvcPrintOnlyOnFailureTestExecutionListener, org.springframework.boot.test.autoconfigure.web.servlet.WebDriverTestExecutionListener, org.springframework.test.context.web.ServletTestExecutionListener, org.springframework.test.context.support.DirtiesContextBeforeModesTestExecutionListener, org.springframework.test.context.support.DependencyInjectionTestExecutionListener, org.springframework.test.context.support.DirtiesContextTestExecutionListener, org.springframework.test.context.transaction.TransactionalTestExecutionListener, org.springframework.test.context.jdbc.SqlScriptsTestExecutionListener]
2018-10-29 11:46:15.558  INFO Vtyc-Qiu-7460 --- [           main] .b.t.c.SpringBootTestContextBootstrapper : Using TestExecutionListeners: [org.springframework.test.context.web.ServletTestExecutionListener@1224144a, org.springframework.test.context.support.DirtiesContextBeforeModesTestExecutionListener@29f7cefd, org.springframework.boot.test.mock.mockito.MockitoTestExecutionListener@700fb871, org.springframework.boot.test.autoconfigure.SpringBootDependencyInjectionTestExecutionListener@3b35a229, org.springframework.test.context.support.DirtiesContextTestExecutionListener@9816741, org.springframework.test.context.transaction.TransactionalTestExecutionListener@1e16c0aa, org.springframework.test.context.jdbc.SqlScriptsTestExecutionListener@13d73f29, org.springframework.boot.test.mock.mockito.ResetMocksTestExecutionListener@565f390, org.springframework.boot.test.autoconfigure.restdocs.RestDocsTestExecutionListener@7dc3712, org.springframework.boot.test.autoconfigure.web.client.MockRestServiceServerResetTestExecutionListener@2f67a4d3, org.springframework.boot.test.autoconfigure.web.servlet.MockMvcPrintOnlyOnFailureTestExecutionListener@5e3f861, org.springframework.boot.test.autoconfigure.web.servlet.WebDriverTestExecutionListener@2fb0623e]
2018-10-29 11:46:15.903  INFO Vtyc-Qiu-7460 --- [           main] c.v.SqlserverApplicationTests            : Starting SqlserverApplicationTests on Vtyc-Qiu-7460 with PID 17196 (started by tmc10427 in D:\work\qiuuqan\projects\sqlserver)
2018-10-29 11:46:15.904  INFO Vtyc-Qiu-7460 --- [           main] c.v.SqlserverApplicationTests            : No active profile set, falling back to default profiles: default
2018-10-29 11:46:16.074  INFO Vtyc-Qiu-7460 --- [           main] o.s.w.c.s.GenericWebApplicationContext   : Refreshing org.springframework.web.context.support.GenericWebApplicationContext@20f5281c: startup date [Mon Oct 29 11:46:16 CST 2018]; root of context hierarchy
2018-10-29 11:46:18.346  INFO Vtyc-Qiu-7460 --- [           main] trationDelegate$BeanPostProcessorChecker : Bean 'org.springframework.transaction.annotation.ProxyTransactionManagementConfiguration' of type [org.springframework.transaction.annotation.ProxyTransactionManagementConfiguration$$EnhancerBySpringCGLIB$$321d4270] is not eligible for getting processed by all BeanPostProcessors (for example: not eligible for auto-proxying)
2018-10-29 11:46:18.543  INFO Vtyc-Qiu-7460 --- [           main] o.s.j.d.DriverManagerDataSource          : Loaded JDBC driver: com.microsoft.sqlserver.jdbc.SQLServerDriver
2018-10-29 11:46:18.597  INFO Vtyc-Qiu-7460 --- [           main] o.s.j.d.DriverManagerDataSource          : Loaded JDBC driver: com.microsoft.sqlserver.jdbc.SQLServerDriver
2018-10-29 11:46:19.342  INFO Vtyc-Qiu-7460 --- [           main] j.LocalContainerEntityManagerFactoryBean : Building JPA container EntityManagerFactory for persistence unit 'default'
2018-10-29 11:46:19.363  INFO Vtyc-Qiu-7460 --- [           main] o.h.j.i.u.LogHelper                      : HHH000204: Processing PersistenceUnitInfo [
	name: default
	...]
2018-10-29 11:46:19.465  INFO Vtyc-Qiu-7460 --- [           main] o.h.Version                              : HHH000412: Hibernate Core {5.2.14.Final}
2018-10-29 11:46:19.467  INFO Vtyc-Qiu-7460 --- [           main] o.h.c.Environment                        : HHH000206: hibernate.properties not found
2018-10-29 11:46:19.512  INFO Vtyc-Qiu-7460 --- [           main] o.h.a.c.Version                          : HCANN000001: Hibernate Commons Annotations {5.0.1.Final}
2018-10-29 11:46:19.672  INFO Vtyc-Qiu-7460 --- [           main] o.h.d.Dialect                            : HHH000400: Using dialect: org.hibernate.dialect.SQLServer2012Dialect
2018-10-29 11:46:20.122  INFO Vtyc-Qiu-7460 --- [           main] j.LocalContainerEntityManagerFactoryBean : Initialized JPA EntityManagerFactory for persistence unit 'default'
2018-10-29 11:46:20.168  INFO Vtyc-Qiu-7460 --- [           main] o.s.j.d.DriverManagerDataSource          : Loaded JDBC driver: com.microsoft.sqlserver.jdbc.SQLServerDriver
2018-10-29 11:46:20.187  INFO Vtyc-Qiu-7460 --- [           main] o.s.j.d.DriverManagerDataSource          : Loaded JDBC driver: com.microsoft.sqlserver.jdbc.SQLServerDriver
2018-10-29 11:46:21.466  INFO Vtyc-Qiu-7460 --- [           main] s.w.s.m.m.a.RequestMappingHandlerAdapter : Looking for @ControllerAdvice: org.springframework.web.context.support.GenericWebApplicationContext@20f5281c: startup date [Mon Oct 29 11:46:16 CST 2018]; root of context hierarchy
2018-10-29 11:46:21.541  WARN Vtyc-Qiu-7460 --- [           main] aWebConfiguration$JpaWebMvcConfiguration : spring.jpa.open-in-view is enabled by default. Therefore, database queries may be performed during view rendering. Explicitly configure spring.jpa.open-in-view to disable this warning
2018-10-29 11:46:21.645  INFO Vtyc-Qiu-7460 --- [           main] s.w.s.m.m.a.RequestMappingHandlerMapping : Mapped "{[/CQ/api],methods=[GET]}" onto public java.lang.String com.vtyc.controller.CQProlinkSQLController.getAllApi()
2018-10-29 11:46:21.647  INFO Vtyc-Qiu-7460 --- [           main] s.w.s.m.m.a.RequestMappingHandlerMapping : Mapped "{[/CQ/count_pt],methods=[GET]}" onto public java.lang.String com.vtyc.controller.CQProlinkSQLController.getCountPt()
2018-10-29 11:46:21.647  INFO Vtyc-Qiu-7460 --- [           main] s.w.s.m.m.a.RequestMappingHandlerMapping : Mapped "{[/CQ/pt/{id}/**],methods=[GET]}" onto public java.lang.String com.vtyc.controller.CQProlinkSQLController.checkPartNum(java.lang.String,javax.servlet.http.HttpServletRequest)
2018-10-29 11:46:21.648  INFO Vtyc-Qiu-7460 --- [           main] s.w.s.m.m.a.RequestMappingHandlerMapping : Mapped "{[/CQ/wc/{wc_id}],methods=[GET]}" onto public java.lang.String com.vtyc.controller.CQProlinkSQLController.getWorkcenterDesc(java.lang.String)
2018-10-29 11:46:21.649  INFO Vtyc-Qiu-7460 --- [           main] s.w.s.m.m.a.RequestMappingHandlerMapping : Mapped "{[/CQ/wc_wcd],methods=[GET]}" onto public java.lang.String com.vtyc.controller.CQProlinkSQLController.getAllWorkcenterWorkcenterDecs()
2018-10-29 11:46:21.650  INFO Vtyc-Qiu-7460 --- [           main] s.w.s.m.m.a.RequestMappingHandlerMapping : Mapped "{[/CQ/productionNight/{workcenter}/{s_date}],methods=[GET]}" onto public java.lang.String com.vtyc.controller.CQProlinkSQLController.getProductionByNight(java.lang.String,java.lang.String)
2018-10-29 11:46:21.650  INFO Vtyc-Qiu-7460 --- [           main] s.w.s.m.m.a.RequestMappingHandlerMapping : Mapped "{[/CQ/productionNightAll/{s_date}],methods=[GET]}" onto public java.lang.String com.vtyc.controller.CQProlinkSQLController.getProductionByNightAll(java.lang.String)
2018-10-29 11:46:21.652  INFO Vtyc-Qiu-7460 --- [           main] s.w.s.m.m.a.RequestMappingHandlerMapping : Mapped "{[/CQ/productionDay/{workcenter}/{s_date}],methods=[GET]}" onto public java.lang.String com.vtyc.controller.CQProlinkSQLController.getProductionByDay(java.lang.String,java.lang.String)
2018-10-29 11:46:21.652  INFO Vtyc-Qiu-7460 --- [           main] s.w.s.m.m.a.RequestMappingHandlerMapping : Mapped "{[/CQ/wcs],methods=[GET]}" onto public java.lang.String com.vtyc.controller.CQProlinkSQLController.getAllWorkcenters()
2018-10-29 11:46:21.653  INFO Vtyc-Qiu-7460 --- [           main] s.w.s.m.m.a.RequestMappingHandlerMapping : Mapped "{[/CQ/costcenterToWorkcenters/{costcenter}],methods=[GET]}" onto public java.lang.String com.vtyc.controller.CQProlinkSQLController.costcenterToWorkcenters(java.lang.String)
2018-10-29 11:46:21.653  INFO Vtyc-Qiu-7460 --- [           main] s.w.s.m.m.a.RequestMappingHandlerMapping : Mapped "{[/CQ/productionDayAll/{s_date}],methods=[GET]}" onto public java.lang.String com.vtyc.controller.CQProlinkSQLController.getProductionByDayAll(java.lang.String)
2018-10-29 11:46:21.666  INFO Vtyc-Qiu-7460 --- [           main] s.w.s.m.m.a.RequestMappingHandlerMapping : Mapped "{[/CZ/api],methods=[GET]}" onto public java.lang.String com.vtyc.controller.CzProlinkSQLController.getAllApi()
2018-10-29 11:46:21.667  INFO Vtyc-Qiu-7460 --- [           main] s.w.s.m.m.a.RequestMappingHandlerMapping : Mapped "{[/CZ/count_pt],methods=[GET]}" onto public java.lang.String com.vtyc.controller.CzProlinkSQLController.getCountPt()
2018-10-29 11:46:21.668  INFO Vtyc-Qiu-7460 --- [           main] s.w.s.m.m.a.RequestMappingHandlerMapping : Mapped "{[/CZ/pt/{id}/**],methods=[GET]}" onto public java.lang.String com.vtyc.controller.CzProlinkSQLController.checkPartNum(java.lang.String,javax.servlet.http.HttpServletRequest)
2018-10-29 11:46:21.669  INFO Vtyc-Qiu-7460 --- [           main] s.w.s.m.m.a.RequestMappingHandlerMapping : Mapped "{[/CZ/wc/{wc_id}],methods=[GET]}" onto public java.lang.String com.vtyc.controller.CzProlinkSQLController.getWorkcenterDesc(java.lang.String)
2018-10-29 11:46:21.669  INFO Vtyc-Qiu-7460 --- [           main] s.w.s.m.m.a.RequestMappingHandlerMapping : Mapped "{[/CZ/wc_wcd],methods=[GET]}" onto public java.lang.String com.vtyc.controller.CzProlinkSQLController.getAllWorkcenterWorkcenterDecs()
2018-10-29 11:46:21.671  INFO Vtyc-Qiu-7460 --- [           main] s.w.s.m.m.a.RequestMappingHandlerMapping : Mapped "{[/CZ/productionNight/{workcenter}/{s_date}],methods=[GET]}" onto public java.lang.String com.vtyc.controller.CzProlinkSQLController.getProductionByNight(java.lang.String,java.lang.String)
2018-10-29 11:46:21.671  INFO Vtyc-Qiu-7460 --- [           main] s.w.s.m.m.a.RequestMappingHandlerMapping : Mapped "{[/CZ/productionNightAll/{s_date}],methods=[GET]}" onto public java.lang.String com.vtyc.controller.CzProlinkSQLController.getProductionByNightAll(java.lang.String)
2018-10-29 11:46:21.684  INFO Vtyc-Qiu-7460 --- [           main] s.w.s.m.m.a.RequestMappingHandlerMapping : Mapped "{[/CZ/productionDay/{workcenter}/{s_date}],methods=[GET]}" onto public java.lang.String com.vtyc.controller.CzProlinkSQLController.getProductionByDay(java.lang.String,java.lang.String)
2018-10-29 11:46:21.686  INFO Vtyc-Qiu-7460 --- [           main] s.w.s.m.m.a.RequestMappingHandlerMapping : Mapped "{[/CZ/wcs],methods=[GET]}" onto public java.lang.String com.vtyc.controller.CzProlinkSQLController.getAllWorkcenters()
2018-10-29 11:46:21.687  INFO Vtyc-Qiu-7460 --- [           main] s.w.s.m.m.a.RequestMappingHandlerMapping : Mapped "{[/CZ/costcenterToWorkcenters/{costcenter}],methods=[GET]}" onto public java.lang.String com.vtyc.controller.CzProlinkSQLController.costcenterToWorkcenters(java.lang.String)
2018-10-29 11:46:21.688  INFO Vtyc-Qiu-7460 --- [           main] s.w.s.m.m.a.RequestMappingHandlerMapping : Mapped "{[/CZ/productionDayAll/{s_date}],methods=[GET]}" onto public java.lang.String com.vtyc.controller.CzProlinkSQLController.getProductionByDayAll(java.lang.String)
2018-10-29 11:46:21.689  INFO Vtyc-Qiu-7460 --- [           main] s.w.s.m.m.a.RequestMappingHandlerMapping : Mapped "{[/CZ/workcenterToCostcenter/{workcenter}],methods=[GET]}" onto public java.lang.String com.vtyc.controller.CzProlinkSQLController.workcenterToCostcenter(java.lang.String)
2018-10-29 11:46:21.690  INFO Vtyc-Qiu-7460 --- [           main] s.w.s.m.m.a.RequestMappingHandlerMapping : Mapped "{[/simpleemail]}" onto public java.lang.String com.vtyc.controller.QQEmailController.home()
2018-10-29 11:46:21.691  INFO Vtyc-Qiu-7460 --- [           main] s.w.s.m.m.a.RequestMappingHandlerMapping : Mapped "{[/vtycemail]}" onto public java.lang.String com.vtyc.controller.VtycEmailController.home()
2018-10-29 11:46:21.698  INFO Vtyc-Qiu-7460 --- [           main] s.w.s.m.m.a.RequestMappingHandlerMapping : Mapped "{[/error]}" onto public org.springframework.http.ResponseEntity<java.util.Map<java.lang.String, java.lang.Object>> org.springframework.boot.autoconfigure.web.servlet.error.BasicErrorController.error(javax.servlet.http.HttpServletRequest)
2018-10-29 11:46:21.699  INFO Vtyc-Qiu-7460 --- [           main] s.w.s.m.m.a.RequestMappingHandlerMapping : Mapped "{[/error],produces=[text/html]}" onto public org.springframework.web.servlet.ModelAndView org.springframework.boot.autoconfigure.web.servlet.error.BasicErrorController.errorHtml(javax.servlet.http.HttpServletRequest,javax.servlet.http.HttpServletResponse)
2018-10-29 11:46:21.805  INFO Vtyc-Qiu-7460 --- [           main] o.s.w.s.h.SimpleUrlHandlerMapping        : Mapped URL path [/webjars/**] onto handler of type [class org.springframework.web.servlet.resource.ResourceHttpRequestHandler]
2018-10-29 11:46:21.808  INFO Vtyc-Qiu-7460 --- [           main] o.s.w.s.h.SimpleUrlHandlerMapping        : Mapped URL path [/**] onto handler of type [class org.springframework.web.servlet.resource.ResourceHttpRequestHandler]
2018-10-29 11:46:21.903  INFO Vtyc-Qiu-7460 --- [           main] o.s.w.s.h.SimpleUrlHandlerMapping        : Mapped URL path [/**/favicon.ico] onto handler of type [class org.springframework.web.servlet.resource.ResourceHttpRequestHandler]
2018-10-29 11:46:23.181  INFO Vtyc-Qiu-7460 --- [           main] c.v.SqlserverApplicationTests            : Started SqlserverApplicationTests in 7.574 seconds (JVM running for 9.95)
2018-10-29 11:46:23.859  INFO Vtyc-Qiu-7460 --- [       Thread-2] o.s.w.c.s.GenericWebApplicationContext   : Closing org.springframework.web.context.support.GenericWebApplicationContext@20f5281c: startup date [Mon Oct 29 11:46:16 CST 2018]; root of context hierarchy
2018-10-29 11:46:23.863  INFO Vtyc-Qiu-7460 --- [       Thread-2] j.LocalContainerEntityManagerFactoryBean : Closing JPA EntityManagerFactory for persistence unit 'default'
2018-10-29 11:49:18.815  INFO Vtyc-Qiu-7460 --- [           main] c.v.SqlserverApplication                 : Info log
2018-10-29 11:49:18.821  WARN Vtyc-Qiu-7460 --- [           main] c.v.SqlserverApplication                 : Hey, This is a warning!
2018-10-29 11:49:18.822 ERROR Vtyc-Qiu-7460 --- [           main] c.v.SqlserverApplication                 : Oops! We have an Error. OK
2018-10-29 11:49:18.822 FATAL Vtyc-Qiu-7460 --- [           main] c.v.SqlserverApplication                 : Damn! Fatal error. Please fix me.
2018-10-29 11:49:19.373  INFO Vtyc-Qiu-7460 --- [           main] c.v.SqlserverApplication                 : Starting SqlserverApplication on Vtyc-Qiu-7460 with PID 3112 (D:\work\qiuuqan\projects\sqlserver\target\classes started by tmc10427 in D:\work\qiuuqan\projects\sqlserver)
2018-10-29 11:49:19.373  INFO Vtyc-Qiu-7460 --- [           main] c.v.SqlserverApplication                 : No active profile set, falling back to default profiles: default
2018-10-29 11:49:19.420  INFO Vtyc-Qiu-7460 --- [           main] ConfigServletWebServerApplicationContext : Refreshing org.springframework.boot.web.servlet.context.AnnotationConfigServletWebServerApplicationContext@fa36558: startup date [Mon Oct 29 11:49:19 CST 2018]; root of context hierarchy
2018-10-29 11:49:20.389  INFO Vtyc-Qiu-7460 --- [           main] trationDelegate$BeanPostProcessorChecker : Bean 'org.springframework.transaction.annotation.ProxyTransactionManagementConfiguration' of type [org.springframework.transaction.annotation.ProxyTransactionManagementConfiguration$$EnhancerBySpringCGLIB$$44a5e271] is not eligible for getting processed by all BeanPostProcessors (for example: not eligible for auto-proxying)
2018-10-29 11:49:20.672  INFO Vtyc-Qiu-7460 --- [           main] o.s.b.w.e.t.TomcatWebServer              : Tomcat initialized with port(s): 9999 (http)
2018-10-29 11:49:20.682  INFO Vtyc-Qiu-7460 --- [           main] o.a.c.h.Http11NioProtocol                : Initializing ProtocolHandler ["http-nio-9999"]
2018-10-29 11:49:20.689  INFO Vtyc-Qiu-7460 --- [           main] o.a.c.c.StandardService                  : Starting service [Tomcat]
2018-10-29 11:49:20.689  INFO Vtyc-Qiu-7460 --- [           main] o.a.c.c.StandardEngine                   : Starting Servlet Engine: Apache Tomcat/8.5.28
2018-10-29 11:49:20.693  INFO Vtyc-Qiu-7460 --- [ost-startStop-1] o.a.c.c.AprLifecycleListener             : Loaded APR based Apache Tomcat Native library [1.2.16] using APR version [1.6.3].
2018-10-29 11:49:20.694  INFO Vtyc-Qiu-7460 --- [ost-startStop-1] o.a.c.c.AprLifecycleListener             : APR capabilities: IPv6 [true], sendfile [true], accept filters [false], random [true].
2018-10-29 11:49:20.694  INFO Vtyc-Qiu-7460 --- [ost-startStop-1] o.a.c.c.AprLifecycleListener             : APR/OpenSSL configuration: useAprConnector [false], useOpenSSL [true]
2018-10-29 11:49:21.733  INFO Vtyc-Qiu-7460 --- [ost-startStop-1] o.a.c.c.AprLifecycleListener             : OpenSSL successfully initialized [OpenSSL 1.0.2m  2 Nov 2017]
2018-10-29 11:49:21.815  INFO Vtyc-Qiu-7460 --- [ost-startStop-1] o.a.c.c.C.[.[.[/]                        : Initializing Spring embedded WebApplicationContext
2018-10-29 11:49:21.815  INFO Vtyc-Qiu-7460 --- [ost-startStop-1] o.s.w.c.ContextLoader                    : Root WebApplicationContext: initialization completed in 2398 ms
2018-10-29 11:49:21.931  INFO Vtyc-Qiu-7460 --- [ost-startStop-1] o.s.b.w.s.ServletRegistrationBean        : Servlet dispatcherServlet mapped to [/]
2018-10-29 11:49:21.935  INFO Vtyc-Qiu-7460 --- [ost-startStop-1] o.s.b.w.s.FilterRegistrationBean         : Mapping filter: 'characterEncodingFilter' to: [/*]
2018-10-29 11:49:21.936  INFO Vtyc-Qiu-7460 --- [ost-startStop-1] o.s.b.w.s.FilterRegistrationBean         : Mapping filter: 'hiddenHttpMethodFilter' to: [/*]
2018-10-29 11:49:21.936  INFO Vtyc-Qiu-7460 --- [ost-startStop-1] o.s.b.w.s.FilterRegistrationBean         : Mapping filter: 'httpPutFormContentFilter' to: [/*]
2018-10-29 11:49:21.936  INFO Vtyc-Qiu-7460 --- [ost-startStop-1] o.s.b.w.s.FilterRegistrationBean         : Mapping filter: 'requestContextFilter' to: [/*]
2018-10-29 11:49:22.029  INFO Vtyc-Qiu-7460 --- [           main] o.s.j.d.DriverManagerDataSource          : Loaded JDBC driver: com.microsoft.sqlserver.jdbc.SQLServerDriver
2018-10-29 11:49:22.035  INFO Vtyc-Qiu-7460 --- [           main] o.s.j.d.DriverManagerDataSource          : Loaded JDBC driver: com.microsoft.sqlserver.jdbc.SQLServerDriver
2018-10-29 11:49:22.452  INFO Vtyc-Qiu-7460 --- [           main] j.LocalContainerEntityManagerFactoryBean : Building JPA container EntityManagerFactory for persistence unit 'default'
2018-10-29 11:49:22.462  INFO Vtyc-Qiu-7460 --- [           main] o.h.j.i.u.LogHelper                      : HHH000204: Processing PersistenceUnitInfo [
	name: default
	...]
2018-10-29 11:49:22.517  INFO Vtyc-Qiu-7460 --- [           main] o.h.Version                              : HHH000412: Hibernate Core {5.2.14.Final}
2018-10-29 11:49:22.517  INFO Vtyc-Qiu-7460 --- [           main] o.h.c.Environment                        : HHH000206: hibernate.properties not found
2018-10-29 11:49:22.546  INFO Vtyc-Qiu-7460 --- [           main] o.h.a.c.Version                          : HCANN000001: Hibernate Commons Annotations {5.0.1.Final}
2018-10-29 11:49:22.634  INFO Vtyc-Qiu-7460 --- [           main] o.h.d.Dialect                            : HHH000400: Using dialect: org.hibernate.dialect.SQLServer2012Dialect
2018-10-29 11:49:22.835  INFO Vtyc-Qiu-7460 --- [           main] j.LocalContainerEntityManagerFactoryBean : Initialized JPA EntityManagerFactory for persistence unit 'default'
2018-10-29 11:49:22.854  INFO Vtyc-Qiu-7460 --- [           main] o.s.j.d.DriverManagerDataSource          : Loaded JDBC driver: com.microsoft.sqlserver.jdbc.SQLServerDriver
2018-10-29 11:49:22.856  INFO Vtyc-Qiu-7460 --- [           main] o.s.j.d.DriverManagerDataSource          : Loaded JDBC driver: com.microsoft.sqlserver.jdbc.SQLServerDriver
2018-10-29 11:49:23.233  INFO Vtyc-Qiu-7460 --- [           main] s.w.s.m.m.a.RequestMappingHandlerAdapter : Looking for @ControllerAdvice: org.springframework.boot.web.servlet.context.AnnotationConfigServletWebServerApplicationContext@fa36558: startup date [Mon Oct 29 11:49:19 CST 2018]; root of context hierarchy
2018-10-29 11:49:23.261  WARN Vtyc-Qiu-7460 --- [           main] aWebConfiguration$JpaWebMvcConfiguration : spring.jpa.open-in-view is enabled by default. Therefore, database queries may be performed during view rendering. Explicitly configure spring.jpa.open-in-view to disable this warning
2018-10-29 11:49:23.308  INFO Vtyc-Qiu-7460 --- [           main] s.w.s.m.m.a.RequestMappingHandlerMapping : Mapped "{[/CQ/wcs],methods=[GET]}" onto public java.lang.String com.vtyc.controller.CQProlinkSQLController.getAllWorkcenters()
2018-10-29 11:49:23.310  INFO Vtyc-Qiu-7460 --- [           main] s.w.s.m.m.a.RequestMappingHandlerMapping : Mapped "{[/CQ/productionDay/{workcenter}/{s_date}],methods=[GET]}" onto public java.lang.String com.vtyc.controller.CQProlinkSQLController.getProductionByDay(java.lang.String,java.lang.String)
2018-10-29 11:49:23.311  INFO Vtyc-Qiu-7460 --- [           main] s.w.s.m.m.a.RequestMappingHandlerMapping : Mapped "{[/CQ/productionNightAll/{s_date}],methods=[GET]}" onto public java.lang.String com.vtyc.controller.CQProlinkSQLController.getProductionByNightAll(java.lang.String)
2018-10-29 11:49:23.311  INFO Vtyc-Qiu-7460 --- [           main] s.w.s.m.m.a.RequestMappingHandlerMapping : Mapped "{[/CQ/workcenterToCostcenter/{workcenter}],methods=[GET]}" onto public java.lang.String com.vtyc.controller.CQProlinkSQLController.workcenterToCostcenter(java.lang.String)
2018-10-29 11:49:23.311  INFO Vtyc-Qiu-7460 --- [           main] s.w.s.m.m.a.RequestMappingHandlerMapping : Mapped "{[/CQ/wc/{wc_id}],methods=[GET]}" onto public java.lang.String com.vtyc.controller.CQProlinkSQLController.getWorkcenterDesc(java.lang.String)
2018-10-29 11:49:23.311  INFO Vtyc-Qiu-7460 --- [           main] s.w.s.m.m.a.RequestMappingHandlerMapping : Mapped "{[/CQ/productionDayAll/{s_date}],methods=[GET]}" onto public java.lang.String com.vtyc.controller.CQProlinkSQLController.getProductionByDayAll(java.lang.String)
2018-10-29 11:49:23.312  INFO Vtyc-Qiu-7460 --- [           main] s.w.s.m.m.a.RequestMappingHandlerMapping : Mapped "{[/CQ/productionNight/{workcenter}/{s_date}],methods=[GET]}" onto public java.lang.String com.vtyc.controller.CQProlinkSQLController.getProductionByNight(java.lang.String,java.lang.String)
2018-10-29 11:49:23.312  INFO Vtyc-Qiu-7460 --- [           main] s.w.s.m.m.a.RequestMappingHandlerMapping : Mapped "{[/CQ/costcenterToWorkcenters/{costcenter}],methods=[GET]}" onto public java.lang.String com.vtyc.controller.CQProlinkSQLController.costcenterToWorkcenters(java.lang.String)
2018-10-29 11:49:23.312  INFO Vtyc-Qiu-7460 --- [           main] s.w.s.m.m.a.RequestMappingHandlerMapping : Mapped "{[/CQ/wc_wcd],methods=[GET]}" onto public java.lang.String com.vtyc.controller.CQProlinkSQLController.getAllWorkcenterWorkcenterDecs()
2018-10-29 11:49:23.312  INFO Vtyc-Qiu-7460 --- [           main] s.w.s.m.m.a.RequestMappingHandlerMapping : Mapped "{[/CQ/api],methods=[GET]}" onto public java.lang.String com.vtyc.controller.CQProlinkSQLController.getAllApi()
2018-10-29 11:49:23.312  INFO Vtyc-Qiu-7460 --- [           main] s.w.s.m.m.a.RequestMappingHandlerMapping : Mapped "{[/CQ/pt/{id}/**],methods=[GET]}" onto public java.lang.String com.vtyc.controller.CQProlinkSQLController.checkPartNum(java.lang.String,javax.servlet.http.HttpServletRequest)
2018-10-29 11:49:23.313  INFO Vtyc-Qiu-7460 --- [           main] s.w.s.m.m.a.RequestMappingHandlerMapping : Mapped "{[/CQ/count_pt],methods=[GET]}" onto public java.lang.String com.vtyc.controller.CQProlinkSQLController.getCountPt()
2018-10-29 11:49:23.318  INFO Vtyc-Qiu-7460 --- [           main] s.w.s.m.m.a.RequestMappingHandlerMapping : Mapped "{[/CZ/wcs],methods=[GET]}" onto public java.lang.String com.vtyc.controller.CzProlinkSQLController.getAllWorkcenters()
2018-10-29 11:49:23.318  INFO Vtyc-Qiu-7460 --- [           main] s.w.s.m.m.a.RequestMappingHandlerMapping : Mapped "{[/CZ/productionDay/{workcenter}/{s_date}],methods=[GET]}" onto public java.lang.String com.vtyc.controller.CzProlinkSQLController.getProductionByDay(java.lang.String,java.lang.String)
2018-10-29 11:49:23.318  INFO Vtyc-Qiu-7460 --- [           main] s.w.s.m.m.a.RequestMappingHandlerMapping : Mapped "{[/CZ/productionNightAll/{s_date}],methods=[GET]}" onto public java.lang.String com.vtyc.controller.CzProlinkSQLController.getProductionByNightAll(java.lang.String)
2018-10-29 11:49:23.319  INFO Vtyc-Qiu-7460 --- [           main] s.w.s.m.m.a.RequestMappingHandlerMapping : Mapped "{[/CZ/workcenterToCostcenter/{workcenter}],methods=[GET]}" onto public java.lang.String com.vtyc.controller.CzProlinkSQLController.workcenterToCostcenter(java.lang.String)
2018-10-29 11:49:23.319  INFO Vtyc-Qiu-7460 --- [           main] s.w.s.m.m.a.RequestMappingHandlerMapping : Mapped "{[/CZ/wc/{wc_id}],methods=[GET]}" onto public java.lang.String com.vtyc.controller.CzProlinkSQLController.getWorkcenterDesc(java.lang.String)
2018-10-29 11:49:23.319  INFO Vtyc-Qiu-7460 --- [           main] s.w.s.m.m.a.RequestMappingHandlerMapping : Mapped "{[/CZ/productionDayAll/{s_date}],methods=[GET]}" onto public java.lang.String com.vtyc.controller.CzProlinkSQLController.getProductionByDayAll(java.lang.String)
2018-10-29 11:49:23.319  INFO Vtyc-Qiu-7460 --- [           main] s.w.s.m.m.a.RequestMappingHandlerMapping : Mapped "{[/CZ/productionNight/{workcenter}/{s_date}],methods=[GET]}" onto public java.lang.String com.vtyc.controller.CzProlinkSQLController.getProductionByNight(java.lang.String,java.lang.String)
2018-10-29 11:49:23.320  INFO Vtyc-Qiu-7460 --- [           main] s.w.s.m.m.a.RequestMappingHandlerMapping : Mapped "{[/CZ/costcenterToWorkcenters/{costcenter}],methods=[GET]}" onto public java.lang.String com.vtyc.controller.CzProlinkSQLController.costcenterToWorkcenters(java.lang.String)
2018-10-29 11:49:23.320  INFO Vtyc-Qiu-7460 --- [           main] s.w.s.m.m.a.RequestMappingHandlerMapping : Mapped "{[/CZ/wc_wcd],methods=[GET]}" onto public java.lang.String com.vtyc.controller.CzProlinkSQLController.getAllWorkcenterWorkcenterDecs()
2018-10-29 11:49:23.320  INFO Vtyc-Qiu-7460 --- [           main] s.w.s.m.m.a.RequestMappingHandlerMapping : Mapped "{[/CZ/api],methods=[GET]}" onto public java.lang.String com.vtyc.controller.CzProlinkSQLController.getAllApi()
2018-10-29 11:49:23.320  INFO Vtyc-Qiu-7460 --- [           main] s.w.s.m.m.a.RequestMappingHandlerMapping : Mapped "{[/CZ/pt/{id}/**],methods=[GET]}" onto public java.lang.String com.vtyc.controller.CzProlinkSQLController.checkPartNum(java.lang.String,javax.servlet.http.HttpServletRequest)
2018-10-29 11:49:23.321  INFO Vtyc-Qiu-7460 --- [           main] s.w.s.m.m.a.RequestMappingHandlerMapping : Mapped "{[/CZ/count_pt],methods=[GET]}" onto public java.lang.String com.vtyc.controller.CzProlinkSQLController.getCountPt()
2018-10-29 11:49:23.321  INFO Vtyc-Qiu-7460 --- [           main] s.w.s.m.m.a.RequestMappingHandlerMapping : Mapped "{[/simpleemail]}" onto public java.lang.String com.vtyc.controller.QQEmailController.home()
2018-10-29 11:49:23.321  INFO Vtyc-Qiu-7460 --- [           main] s.w.s.m.m.a.RequestMappingHandlerMapping : Mapped "{[/vtycemail]}" onto public java.lang.String com.vtyc.controller.VtycEmailController.home()
2018-10-29 11:49:23.324  INFO Vtyc-Qiu-7460 --- [           main] s.w.s.m.m.a.RequestMappingHandlerMapping : Mapped "{[/error]}" onto public org.springframework.http.ResponseEntity<java.util.Map<java.lang.String, java.lang.Object>> org.springframework.boot.autoconfigure.web.servlet.error.BasicErrorController.error(javax.servlet.http.HttpServletRequest)
2018-10-29 11:49:23.325  INFO Vtyc-Qiu-7460 --- [           main] s.w.s.m.m.a.RequestMappingHandlerMapping : Mapped "{[/error],produces=[text/html]}" onto public org.springframework.web.servlet.ModelAndView org.springframework.boot.autoconfigure.web.servlet.error.BasicErrorController.errorHtml(javax.servlet.http.HttpServletRequest,javax.servlet.http.HttpServletResponse)
2018-10-29 11:49:23.366  INFO Vtyc-Qiu-7460 --- [           main] o.s.w.s.h.SimpleUrlHandlerMapping        : Mapped URL path [/webjars/**] onto handler of type [class org.springframework.web.servlet.resource.ResourceHttpRequestHandler]
2018-10-29 11:49:23.366  INFO Vtyc-Qiu-7460 --- [           main] o.s.w.s.h.SimpleUrlHandlerMapping        : Mapped URL path [/**] onto handler of type [class org.springframework.web.servlet.resource.ResourceHttpRequestHandler]
2018-10-29 11:49:23.402  INFO Vtyc-Qiu-7460 --- [           main] o.s.w.s.h.SimpleUrlHandlerMapping        : Mapped URL path [/**/favicon.ico] onto handler of type [class org.springframework.web.servlet.resource.ResourceHttpRequestHandler]
2018-10-29 11:49:23.690  INFO Vtyc-Qiu-7460 --- [           main] o.s.j.e.a.AnnotationMBeanExporter        : Registering beans for JMX exposure on startup
2018-10-29 11:49:23.706  INFO Vtyc-Qiu-7460 --- [           main] o.a.c.h.Http11NioProtocol                : Starting ProtocolHandler ["http-nio-9999"]
2018-10-29 11:49:23.715  INFO Vtyc-Qiu-7460 --- [           main] o.a.t.u.n.NioSelectorPool                : Using a shared selector for servlet write/read
2018-10-29 11:49:23.728  INFO Vtyc-Qiu-7460 --- [           main] o.s.b.w.e.t.TomcatWebServer              : Tomcat started on port(s): 9999 (http) with context path ''
2018-10-29 11:49:23.785  INFO Vtyc-Qiu-7460 --- [           main] c.v.SqlserverApplication                 : Started SqlserverApplication in 4.856 seconds (JVM running for 5.942)
2018-10-29 11:49:34.606  INFO Vtyc-Qiu-7460 --- [nio-9999-exec-1] o.a.c.c.C.[.[.[/]                        : Initializing Spring FrameworkServlet 'dispatcherServlet'
2018-10-29 11:49:34.607  INFO Vtyc-Qiu-7460 --- [nio-9999-exec-1] o.s.w.s.DispatcherServlet                : FrameworkServlet 'dispatcherServlet': initialization started
2018-10-29 11:49:34.623  INFO Vtyc-Qiu-7460 --- [nio-9999-exec-1] o.s.w.s.DispatcherServlet                : FrameworkServlet 'dispatcherServlet': initialization completed in 16 ms
2018-10-29 11:49:49.672  INFO Vtyc-Qiu-7460 --- [           main] .b.t.c.SpringBootTestContextBootstrapper : Neither @ContextConfiguration nor @ContextHierarchy found for test class [com.vtyc.SqlserverApplicationTests], using SpringBootContextLoader
2018-10-29 11:49:49.684  INFO Vtyc-Qiu-7460 --- [           main] o.s.t.c.s.AbstractContextLoader          : Could not detect default resource locations for test class [com.vtyc.SqlserverApplicationTests]: no resource found for suffixes {-context.xml, Context.groovy}.
2018-10-29 11:49:49.685  INFO Vtyc-Qiu-7460 --- [           main] t.c.s.AnnotationConfigContextLoaderUtils : Could not detect default configuration classes for test class [com.vtyc.SqlserverApplicationTests]: SqlserverApplicationTests does not declare any static, non-private, non-final, nested classes annotated with @Configuration.
2018-10-29 11:49:49.799  INFO Vtyc-Qiu-7460 --- [           main] .b.t.c.SpringBootTestContextBootstrapper : Found @SpringBootConfiguration com.vtyc.SqlserverApplication for test class com.vtyc.SqlserverApplicationTests
2018-10-29 11:49:49.956  INFO Vtyc-Qiu-7460 --- [           main] .b.t.c.SpringBootTestContextBootstrapper : Loaded default TestExecutionListener class names from location [META-INF/spring.factories]: [org.springframework.boot.test.mock.mockito.MockitoTestExecutionListener, org.springframework.boot.test.mock.mockito.ResetMocksTestExecutionListener, org.springframework.boot.test.autoconfigure.restdocs.RestDocsTestExecutionListener, org.springframework.boot.test.autoconfigure.web.client.MockRestServiceServerResetTestExecutionListener, org.springframework.boot.test.autoconfigure.web.servlet.MockMvcPrintOnlyOnFailureTestExecutionListener, org.springframework.boot.test.autoconfigure.web.servlet.WebDriverTestExecutionListener, org.springframework.test.context.web.ServletTestExecutionListener, org.springframework.test.context.support.DirtiesContextBeforeModesTestExecutionListener, org.springframework.test.context.support.DependencyInjectionTestExecutionListener, org.springframework.test.context.support.DirtiesContextTestExecutionListener, org.springframework.test.context.transaction.TransactionalTestExecutionListener, org.springframework.test.context.jdbc.SqlScriptsTestExecutionListener]
2018-10-29 11:49:49.985  INFO Vtyc-Qiu-7460 --- [           main] .b.t.c.SpringBootTestContextBootstrapper : Using TestExecutionListeners: [org.springframework.test.context.web.ServletTestExecutionListener@29f7cefd, org.springframework.test.context.support.DirtiesContextBeforeModesTestExecutionListener@700fb871, org.springframework.boot.test.mock.mockito.MockitoTestExecutionListener@3b35a229, org.springframework.boot.test.autoconfigure.SpringBootDependencyInjectionTestExecutionListener@9816741, org.springframework.test.context.support.DirtiesContextTestExecutionListener@1e16c0aa, org.springframework.test.context.transaction.TransactionalTestExecutionListener@13d73f29, org.springframework.test.context.jdbc.SqlScriptsTestExecutionListener@565f390, org.springframework.boot.test.mock.mockito.ResetMocksTestExecutionListener@7dc3712, org.springframework.boot.test.autoconfigure.restdocs.RestDocsTestExecutionListener@2f67a4d3, org.springframework.boot.test.autoconfigure.web.client.MockRestServiceServerResetTestExecutionListener@5e3f861, org.springframework.boot.test.autoconfigure.web.servlet.MockMvcPrintOnlyOnFailureTestExecutionListener@2fb0623e, org.springframework.boot.test.autoconfigure.web.servlet.WebDriverTestExecutionListener@49b2a47d]
2018-10-29 11:49:50.339  INFO Vtyc-Qiu-7460 --- [           main] c.v.SqlserverApplicationTests            : Starting SqlserverApplicationTests on Vtyc-Qiu-7460 with PID 1196 (started by tmc10427 in D:\work\qiuuqan\projects\sqlserver)
2018-10-29 11:49:50.340  INFO Vtyc-Qiu-7460 --- [           main] c.v.SqlserverApplicationTests            : No active profile set, falling back to default profiles: default
2018-10-29 11:49:50.439  INFO Vtyc-Qiu-7460 --- [           main] o.s.w.c.s.GenericWebApplicationContext   : Refreshing org.springframework.web.context.support.GenericWebApplicationContext@56c4278e: startup date [Mon Oct 29 11:49:50 CST 2018]; root of context hierarchy
2018-10-29 11:49:52.241  INFO Vtyc-Qiu-7460 --- [           main] trationDelegate$BeanPostProcessorChecker : Bean 'org.springframework.transaction.annotation.ProxyTransactionManagementConfiguration' of type [org.springframework.transaction.annotation.ProxyTransactionManagementConfiguration$$EnhancerBySpringCGLIB$$87e2c230] is not eligible for getting processed by all BeanPostProcessors (for example: not eligible for auto-proxying)
2018-10-29 11:49:52.424  INFO Vtyc-Qiu-7460 --- [           main] o.s.j.d.DriverManagerDataSource          : Loaded JDBC driver: com.microsoft.sqlserver.jdbc.SQLServerDriver
2018-10-29 11:49:52.466  INFO Vtyc-Qiu-7460 --- [           main] o.s.j.d.DriverManagerDataSource          : Loaded JDBC driver: com.microsoft.sqlserver.jdbc.SQLServerDriver
2018-10-29 11:49:53.285  INFO Vtyc-Qiu-7460 --- [           main] j.LocalContainerEntityManagerFactoryBean : Building JPA container EntityManagerFactory for persistence unit 'default'
2018-10-29 11:49:53.304  INFO Vtyc-Qiu-7460 --- [           main] o.h.j.i.u.LogHelper                      : HHH000204: Processing PersistenceUnitInfo [
	name: default
	...]
2018-10-29 11:49:53.402  INFO Vtyc-Qiu-7460 --- [           main] o.h.Version                              : HHH000412: Hibernate Core {5.2.14.Final}
2018-10-29 11:49:53.404  INFO Vtyc-Qiu-7460 --- [           main] o.h.c.Environment                        : HHH000206: hibernate.properties not found
2018-10-29 11:49:53.455  INFO Vtyc-Qiu-7460 --- [           main] o.h.a.c.Version                          : HCANN000001: Hibernate Commons Annotations {5.0.1.Final}
2018-10-29 11:49:53.626  INFO Vtyc-Qiu-7460 --- [           main] o.h.d.Dialect                            : HHH000400: Using dialect: org.hibernate.dialect.SQLServer2012Dialect
2018-10-29 11:49:54.038  INFO Vtyc-Qiu-7460 --- [           main] j.LocalContainerEntityManagerFactoryBean : Initialized JPA EntityManagerFactory for persistence unit 'default'
2018-10-29 11:49:54.083  INFO Vtyc-Qiu-7460 --- [           main] o.s.j.d.DriverManagerDataSource          : Loaded JDBC driver: com.microsoft.sqlserver.jdbc.SQLServerDriver
2018-10-29 11:49:54.086  INFO Vtyc-Qiu-7460 --- [           main] o.s.j.d.DriverManagerDataSource          : Loaded JDBC driver: com.microsoft.sqlserver.jdbc.SQLServerDriver
2018-10-29 11:49:55.077  INFO Vtyc-Qiu-7460 --- [           main] s.w.s.m.m.a.RequestMappingHandlerAdapter : Looking for @ControllerAdvice: org.springframework.web.context.support.GenericWebApplicationContext@56c4278e: startup date [Mon Oct 29 11:49:50 CST 2018]; root of context hierarchy
2018-10-29 11:49:55.148  WARN Vtyc-Qiu-7460 --- [           main] aWebConfiguration$JpaWebMvcConfiguration : spring.jpa.open-in-view is enabled by default. Therefore, database queries may be performed during view rendering. Explicitly configure spring.jpa.open-in-view to disable this warning
2018-10-29 11:49:55.241  INFO Vtyc-Qiu-7460 --- [           main] s.w.s.m.m.a.RequestMappingHandlerMapping : Mapped "{[/CQ/count_pt],methods=[GET]}" onto public java.lang.String com.vtyc.controller.CQProlinkSQLController.getCountPt()
2018-10-29 11:49:55.244  INFO Vtyc-Qiu-7460 --- [           main] s.w.s.m.m.a.RequestMappingHandlerMapping : Mapped "{[/CQ/api],methods=[GET]}" onto public java.lang.String com.vtyc.controller.CQProlinkSQLController.getAllApi()
2018-10-29 11:49:55.248  INFO Vtyc-Qiu-7460 --- [           main] s.w.s.m.m.a.RequestMappingHandlerMapping : Mapped "{[/CQ/pt/{id}/**],methods=[GET]}" onto public java.lang.String com.vtyc.controller.CQProlinkSQLController.checkPartNum(java.lang.String,javax.servlet.http.HttpServletRequest)
2018-10-29 11:49:55.251  INFO Vtyc-Qiu-7460 --- [           main] s.w.s.m.m.a.RequestMappingHandlerMapping : Mapped "{[/CQ/productionDay/{workcenter}/{s_date}],methods=[GET]}" onto public java.lang.String com.vtyc.controller.CQProlinkSQLController.getProductionByDay(java.lang.String,java.lang.String)
2018-10-29 11:49:55.253  INFO Vtyc-Qiu-7460 --- [           main] s.w.s.m.m.a.RequestMappingHandlerMapping : Mapped "{[/CQ/wc/{wc_id}],methods=[GET]}" onto public java.lang.String com.vtyc.controller.CQProlinkSQLController.getWorkcenterDesc(java.lang.String)
2018-10-29 11:49:55.254  INFO Vtyc-Qiu-7460 --- [           main] s.w.s.m.m.a.RequestMappingHandlerMapping : Mapped "{[/CQ/wcs],methods=[GET]}" onto public java.lang.String com.vtyc.controller.CQProlinkSQLController.getAllWorkcenters()
2018-10-29 11:49:55.255  INFO Vtyc-Qiu-7460 --- [           main] s.w.s.m.m.a.RequestMappingHandlerMapping : Mapped "{[/CQ/productionDayAll/{s_date}],methods=[GET]}" onto public java.lang.String com.vtyc.controller.CQProlinkSQLController.getProductionByDayAll(java.lang.String)
2018-10-29 11:49:55.257  INFO Vtyc-Qiu-7460 --- [           main] s.w.s.m.m.a.RequestMappingHandlerMapping : Mapped "{[/CQ/productionNightAll/{s_date}],methods=[GET]}" onto public java.lang.String com.vtyc.controller.CQProlinkSQLController.getProductionByNightAll(java.lang.String)
2018-10-29 11:49:55.257  INFO Vtyc-Qiu-7460 --- [           main] s.w.s.m.m.a.RequestMappingHandlerMapping : Mapped "{[/CQ/productionNight/{workcenter}/{s_date}],methods=[GET]}" onto public java.lang.String com.vtyc.controller.CQProlinkSQLController.getProductionByNight(java.lang.String,java.lang.String)
2018-10-29 11:49:55.259  INFO Vtyc-Qiu-7460 --- [           main] s.w.s.m.m.a.RequestMappingHandlerMapping : Mapped "{[/CQ/wc_wcd],methods=[GET]}" onto public java.lang.String com.vtyc.controller.CQProlinkSQLController.getAllWorkcenterWorkcenterDecs()
2018-10-29 11:49:55.260  INFO Vtyc-Qiu-7460 --- [           main] s.w.s.m.m.a.RequestMappingHandlerMapping : Mapped "{[/CQ/workcenterToCostcenter/{workcenter}],methods=[GET]}" onto public java.lang.String com.vtyc.controller.CQProlinkSQLController.workcenterToCostcenter(java.lang.String)
2018-10-29 11:49:55.261  INFO Vtyc-Qiu-7460 --- [           main] s.w.s.m.m.a.RequestMappingHandlerMapping : Mapped "{[/CQ/costcenterToWorkcenters/{costcenter}],methods=[GET]}" onto public java.lang.String com.vtyc.controller.CQProlinkSQLController.costcenterToWorkcenters(java.lang.String)
2018-10-29 11:49:55.273  INFO Vtyc-Qiu-7460 --- [           main] s.w.s.m.m.a.RequestMappingHandlerMapping : Mapped "{[/CZ/count_pt],methods=[GET]}" onto public java.lang.String com.vtyc.controller.CzProlinkSQLController.getCountPt()
2018-10-29 11:49:55.274  INFO Vtyc-Qiu-7460 --- [           main] s.w.s.m.m.a.RequestMappingHandlerMapping : Mapped "{[/CZ/api],methods=[GET]}" onto public java.lang.String com.vtyc.controller.CzProlinkSQLController.getAllApi()
2018-10-29 11:49:55.279  INFO Vtyc-Qiu-7460 --- [           main] s.w.s.m.m.a.RequestMappingHandlerMapping : Mapped "{[/CZ/pt/{id}/**],methods=[GET]}" onto public java.lang.String com.vtyc.controller.CzProlinkSQLController.checkPartNum(java.lang.String,javax.servlet.http.HttpServletRequest)
2018-10-29 11:49:55.280  INFO Vtyc-Qiu-7460 --- [           main] s.w.s.m.m.a.RequestMappingHandlerMapping : Mapped "{[/CZ/productionDay/{workcenter}/{s_date}],methods=[GET]}" onto public java.lang.String com.vtyc.controller.CzProlinkSQLController.getProductionByDay(java.lang.String,java.lang.String)
2018-10-29 11:49:55.281  INFO Vtyc-Qiu-7460 --- [           main] s.w.s.m.m.a.RequestMappingHandlerMapping : Mapped "{[/CZ/wc/{wc_id}],methods=[GET]}" onto public java.lang.String com.vtyc.controller.CzProlinkSQLController.getWorkcenterDesc(java.lang.String)
2018-10-29 11:49:55.282  INFO Vtyc-Qiu-7460 --- [           main] s.w.s.m.m.a.RequestMappingHandlerMapping : Mapped "{[/CZ/wcs],methods=[GET]}" onto public java.lang.String com.vtyc.controller.CzProlinkSQLController.getAllWorkcenters()
2018-10-29 11:49:55.283  INFO Vtyc-Qiu-7460 --- [           main] s.w.s.m.m.a.RequestMappingHandlerMapping : Mapped "{[/CZ/productionDayAll/{s_date}],methods=[GET]}" onto public java.lang.String com.vtyc.controller.CzProlinkSQLController.getProductionByDayAll(java.lang.String)
2018-10-29 11:49:55.283  INFO Vtyc-Qiu-7460 --- [           main] s.w.s.m.m.a.RequestMappingHandlerMapping : Mapped "{[/CZ/productionNightAll/{s_date}],methods=[GET]}" onto public java.lang.String com.vtyc.controller.CzProlinkSQLController.getProductionByNightAll(java.lang.String)
2018-10-29 11:49:55.300  INFO Vtyc-Qiu-7460 --- [           main] s.w.s.m.m.a.RequestMappingHandlerMapping : Mapped "{[/CZ/productionNight/{workcenter}/{s_date}],methods=[GET]}" onto public java.lang.String com.vtyc.controller.CzProlinkSQLController.getProductionByNight(java.lang.String,java.lang.String)
2018-10-29 11:49:55.302  INFO Vtyc-Qiu-7460 --- [           main] s.w.s.m.m.a.RequestMappingHandlerMapping : Mapped "{[/CZ/wc_wcd],methods=[GET]}" onto public java.lang.String com.vtyc.controller.CzProlinkSQLController.getAllWorkcenterWorkcenterDecs()
2018-10-29 11:49:55.303  INFO Vtyc-Qiu-7460 --- [           main] s.w.s.m.m.a.RequestMappingHandlerMapping : Mapped "{[/CZ/workcenterToCostcenter/{workcenter}],methods=[GET]}" onto public java.lang.String com.vtyc.controller.CzProlinkSQLController.workcenterToCostcenter(java.lang.String)
2018-10-29 11:49:55.303  INFO Vtyc-Qiu-7460 --- [           main] s.w.s.m.m.a.RequestMappingHandlerMapping : Mapped "{[/CZ/costcenterToWorkcenters/{costcenter}],methods=[GET]}" onto public java.lang.String com.vtyc.controller.CzProlinkSQLController.costcenterToWorkcenters(java.lang.String)
2018-10-29 11:49:55.308  INFO Vtyc-Qiu-7460 --- [           main] s.w.s.m.m.a.RequestMappingHandlerMapping : Mapped "{[/simpleemail]}" onto public java.lang.String com.vtyc.controller.QQEmailController.home()
2018-10-29 11:49:55.308  INFO Vtyc-Qiu-7460 --- [           main] s.w.s.m.m.a.RequestMappingHandlerMapping : Mapped "{[/vtycemail]}" onto public java.lang.String com.vtyc.controller.VtycEmailController.home()
2018-10-29 11:49:55.311  INFO Vtyc-Qiu-7460 --- [           main] s.w.s.m.m.a.RequestMappingHandlerMapping : Mapped "{[/error]}" onto public org.springframework.http.ResponseEntity<java.util.Map<java.lang.String, java.lang.Object>> org.springframework.boot.autoconfigure.web.servlet.error.BasicErrorController.error(javax.servlet.http.HttpServletRequest)
2018-10-29 11:49:55.313  INFO Vtyc-Qiu-7460 --- [           main] s.w.s.m.m.a.RequestMappingHandlerMapping : Mapped "{[/error],produces=[text/html]}" onto public org.springframework.web.servlet.ModelAndView org.springframework.boot.autoconfigure.web.servlet.error.BasicErrorController.errorHtml(javax.servlet.http.HttpServletRequest,javax.servlet.http.HttpServletResponse)
2018-10-29 11:49:55.422  INFO Vtyc-Qiu-7460 --- [           main] o.s.w.s.h.SimpleUrlHandlerMapping        : Mapped URL path [/webjars/**] onto handler of type [class org.springframework.web.servlet.resource.ResourceHttpRequestHandler]
2018-10-29 11:49:55.422  INFO Vtyc-Qiu-7460 --- [           main] o.s.w.s.h.SimpleUrlHandlerMapping        : Mapped URL path [/**] onto handler of type [class org.springframework.web.servlet.resource.ResourceHttpRequestHandler]
2018-10-29 11:49:55.498  INFO Vtyc-Qiu-7460 --- [           main] o.s.w.s.h.SimpleUrlHandlerMapping        : Mapped URL path [/**/favicon.ico] onto handler of type [class org.springframework.web.servlet.resource.ResourceHttpRequestHandler]
2018-10-29 11:49:56.055  INFO Vtyc-Qiu-7460 --- [           main] c.v.SqlserverApplicationTests            : Started SqlserverApplicationTests in 6.016 seconds (JVM running for 7.559)
2018-10-29 11:49:56.308  INFO Vtyc-Qiu-7460 --- [       Thread-2] o.s.w.c.s.GenericWebApplicationContext   : Closing org.springframework.web.context.support.GenericWebApplicationContext@56c4278e: startup date [Mon Oct 29 11:49:50 CST 2018]; root of context hierarchy
2018-10-29 11:49:56.313  INFO Vtyc-Qiu-7460 --- [       Thread-2] j.LocalContainerEntityManagerFactoryBean : Closing JPA EntityManagerFactory for persistence unit 'default'
