2018-08-28 09:32:53.114  INFO Vtyc-Qiu-7460 --- [           main] c.v.SqlserverApplication                 : Info log
2018-08-28 09:32:53.167  WARN Vtyc-Qiu-7460 --- [           main] c.v.SqlserverApplication                 : Hey, This is a warning!
2018-08-28 09:32:53.167 ERROR Vtyc-Qiu-7460 --- [           main] c.v.SqlserverApplication                 : Oops! We have an Error. OK
2018-08-28 09:32:53.167 FATAL Vtyc-Qiu-7460 --- [           main] c.v.SqlserverApplication                 : Damn! Fatal error. Please fix me.
2018-08-28 09:32:56.130  INFO Vtyc-Qiu-7460 --- [           main] c.v.SqlserverApplication                 : Starting SqlserverApplication on Vtyc-Qiu-7460 with PID 10176 (D:\work\qiuuqan\projects\sqlserver\target\classes started by tmc10427 in D:\work\qiuuqan\projects\sqlserver)
2018-08-28 09:32:56.131  INFO Vtyc-Qiu-7460 --- [           main] c.v.SqlserverApplication                 : No active profile set, falling back to default profiles: default
2018-08-28 09:32:56.343  INFO Vtyc-Qiu-7460 --- [           main] ConfigServletWebServerApplicationContext : Refreshing org.springframework.boot.web.servlet.context.AnnotationConfigServletWebServerApplicationContext@37f1104d: startup date [Tue Aug 28 09:32:56 CST 2018]; root of context hierarchy
2018-08-28 09:33:00.389  INFO Vtyc-Qiu-7460 --- [           main] trationDelegate$BeanPostProcessorChecker : Bean 'org.springframework.transaction.annotation.ProxyTransactionManagementConfiguration' of type [org.springframework.transaction.annotation.ProxyTransactionManagementConfiguration$$EnhancerBySpringCGLIB$$a1534fa1] is not eligible for getting processed by all BeanPostProcessors (for example: not eligible for auto-proxying)
2018-08-28 09:33:01.375  INFO Vtyc-Qiu-7460 --- [           main] o.s.b.w.e.t.TomcatWebServer              : Tomcat initialized with port(s): 9999 (http)
2018-08-28 09:33:01.447  INFO Vtyc-Qiu-7460 --- [           main] o.a.c.h.Http11NioProtocol                : Initializing ProtocolHandler ["http-nio-9999"]
2018-08-28 09:33:01.515  INFO Vtyc-Qiu-7460 --- [           main] o.a.c.c.StandardService                  : Starting service [Tomcat]
2018-08-28 09:33:01.516  INFO Vtyc-Qiu-7460 --- [           main] o.a.c.c.StandardEngine                   : Starting Servlet Engine: Apache Tomcat/8.5.28
2018-08-28 09:33:01.595  INFO Vtyc-Qiu-7460 --- [ost-startStop-1] o.a.c.c.AprLifecycleListener             : Loaded APR based Apache Tomcat Native library [1.2.16] using APR version [1.6.3].
2018-08-28 09:33:01.595  INFO Vtyc-Qiu-7460 --- [ost-startStop-1] o.a.c.c.AprLifecycleListener             : APR capabilities: IPv6 [true], sendfile [true], accept filters [false], random [true].
2018-08-28 09:33:01.595  INFO Vtyc-Qiu-7460 --- [ost-startStop-1] o.a.c.c.AprLifecycleListener             : APR/OpenSSL configuration: useAprConnector [false], useOpenSSL [true]
2018-08-28 09:33:03.644  INFO Vtyc-Qiu-7460 --- [ost-startStop-1] o.a.c.c.AprLifecycleListener             : OpenSSL successfully initialized [OpenSSL 1.0.2m  2 Nov 2017]
2018-08-28 09:33:03.911  INFO Vtyc-Qiu-7460 --- [ost-startStop-1] o.a.c.c.C.[.[.[/]                        : Initializing Spring embedded WebApplicationContext
2018-08-28 09:33:03.911  INFO Vtyc-Qiu-7460 --- [ost-startStop-1] o.s.w.c.ContextLoader                    : Root WebApplicationContext: initialization completed in 7721 ms
2018-08-28 09:33:04.027  INFO Vtyc-Qiu-7460 --- [ost-startStop-1] o.s.b.w.s.ServletRegistrationBean        : Servlet dispatcherServlet mapped to [/]
2018-08-28 09:33:04.031  INFO Vtyc-Qiu-7460 --- [ost-startStop-1] o.s.b.w.s.FilterRegistrationBean         : Mapping filter: 'characterEncodingFilter' to: [/*]
2018-08-28 09:33:04.032  INFO Vtyc-Qiu-7460 --- [ost-startStop-1] o.s.b.w.s.FilterRegistrationBean         : Mapping filter: 'hiddenHttpMethodFilter' to: [/*]
2018-08-28 09:33:04.032  INFO Vtyc-Qiu-7460 --- [ost-startStop-1] o.s.b.w.s.FilterRegistrationBean         : Mapping filter: 'httpPutFormContentFilter' to: [/*]
2018-08-28 09:33:04.032  INFO Vtyc-Qiu-7460 --- [ost-startStop-1] o.s.b.w.s.FilterRegistrationBean         : Mapping filter: 'requestContextFilter' to: [/*]
2018-08-28 09:33:06.560  INFO Vtyc-Qiu-7460 --- [           main] o.s.j.d.DriverManagerDataSource          : Loaded JDBC driver: com.microsoft.sqlserver.jdbc.SQLServerDriver
2018-08-28 09:33:06.624  INFO Vtyc-Qiu-7460 --- [           main] o.s.j.d.DriverManagerDataSource          : Loaded JDBC driver: com.microsoft.sqlserver.jdbc.SQLServerDriver
2018-08-28 09:33:10.066  INFO Vtyc-Qiu-7460 --- [           main] j.LocalContainerEntityManagerFactoryBean : Building JPA container EntityManagerFactory for persistence unit 'default'
2018-08-28 09:33:10.078  INFO Vtyc-Qiu-7460 --- [           main] o.h.j.i.u.LogHelper                      : HHH000204: Processing PersistenceUnitInfo [
	name: default
	...]
2018-08-28 09:33:10.167  INFO Vtyc-Qiu-7460 --- [           main] o.h.Version                              : HHH000412: Hibernate Core {5.2.14.Final}
2018-08-28 09:33:10.168  INFO Vtyc-Qiu-7460 --- [           main] o.h.c.Environment                        : HHH000206: hibernate.properties not found
2018-08-28 09:33:10.329  INFO Vtyc-Qiu-7460 --- [           main] o.h.a.c.Version                          : HCANN000001: Hibernate Commons Annotations {5.0.1.Final}
2018-08-28 09:33:10.508  INFO Vtyc-Qiu-7460 --- [           main] o.h.d.Dialect                            : HHH000400: Using dialect: org.hibernate.dialect.SQLServer2012Dialect
2018-08-28 09:33:10.820  INFO Vtyc-Qiu-7460 --- [           main] j.LocalContainerEntityManagerFactoryBean : Initialized JPA EntityManagerFactory for persistence unit 'default'
2018-08-28 09:33:10.839  INFO Vtyc-Qiu-7460 --- [           main] o.s.j.d.DriverManagerDataSource          : Loaded JDBC driver: com.microsoft.sqlserver.jdbc.SQLServerDriver
2018-08-28 09:33:10.840  INFO Vtyc-Qiu-7460 --- [           main] o.s.j.d.DriverManagerDataSource          : Loaded JDBC driver: com.microsoft.sqlserver.jdbc.SQLServerDriver
2018-08-28 09:33:11.266  INFO Vtyc-Qiu-7460 --- [           main] s.w.s.m.m.a.RequestMappingHandlerAdapter : Looking for @ControllerAdvice: org.springframework.boot.web.servlet.context.AnnotationConfigServletWebServerApplicationContext@37f1104d: startup date [Tue Aug 28 09:32:56 CST 2018]; root of context hierarchy
2018-08-28 09:33:11.300  WARN Vtyc-Qiu-7460 --- [           main] aWebConfiguration$JpaWebMvcConfiguration : spring.jpa.open-in-view is enabled by default. Therefore, database queries may be performed during view rendering. Explicitly configure spring.jpa.open-in-view to disable this warning
2018-08-28 09:33:11.415  INFO Vtyc-Qiu-7460 --- [           main] s.w.s.m.m.a.RequestMappingHandlerMapping : Mapped "{[/CQ/count_pt],methods=[GET]}" onto public java.lang.String com.vtyc.controller.CQProlinkSQLController.getCountPt()
2018-08-28 09:33:11.415  INFO Vtyc-Qiu-7460 --- [           main] s.w.s.m.m.a.RequestMappingHandlerMapping : Mapped "{[/CQ/api],methods=[GET]}" onto public java.lang.String com.vtyc.controller.CQProlinkSQLController.getAllApi()
2018-08-28 09:33:11.417  INFO Vtyc-Qiu-7460 --- [           main] s.w.s.m.m.a.RequestMappingHandlerMapping : Mapped "{[/CQ/pt/{id}],methods=[GET]}" onto public java.lang.String com.vtyc.controller.CQProlinkSQLController.checkPartNum(java.lang.String)
2018-08-28 09:33:11.417  INFO Vtyc-Qiu-7460 --- [           main] s.w.s.m.m.a.RequestMappingHandlerMapping : Mapped "{[/CQ/productionDayAll/{s_date}],methods=[GET]}" onto public java.lang.String com.vtyc.controller.CQProlinkSQLController.getProductionByDayAll(java.lang.String)
2018-08-28 09:33:11.417  INFO Vtyc-Qiu-7460 --- [           main] s.w.s.m.m.a.RequestMappingHandlerMapping : Mapped "{[/CQ/wc/{wc_id}],methods=[GET]}" onto public java.lang.String com.vtyc.controller.CQProlinkSQLController.getWorkcenterDesc(java.lang.String)
2018-08-28 09:33:11.417  INFO Vtyc-Qiu-7460 --- [           main] s.w.s.m.m.a.RequestMappingHandlerMapping : Mapped "{[/CQ/productionDay/{workcenter}/{s_date}],methods=[GET]}" onto public java.lang.String com.vtyc.controller.CQProlinkSQLController.getProductionByDay(java.lang.String,java.lang.String)
2018-08-28 09:33:11.417  INFO Vtyc-Qiu-7460 --- [           main] s.w.s.m.m.a.RequestMappingHandlerMapping : Mapped "{[/CQ/productionNightAll/{s_date}],methods=[GET]}" onto public java.lang.String com.vtyc.controller.CQProlinkSQLController.getProductionByNightAll(java.lang.String)
2018-08-28 09:33:11.418  INFO Vtyc-Qiu-7460 --- [           main] s.w.s.m.m.a.RequestMappingHandlerMapping : Mapped "{[/CQ/wcs],methods=[GET]}" onto public java.lang.String com.vtyc.controller.CQProlinkSQLController.getAllWorkcenters()
2018-08-28 09:33:11.418  INFO Vtyc-Qiu-7460 --- [           main] s.w.s.m.m.a.RequestMappingHandlerMapping : Mapped "{[/CQ/wc_wcd],methods=[GET]}" onto public java.lang.String com.vtyc.controller.CQProlinkSQLController.getAllWorkcenterWorkcenterDecs()
2018-08-28 09:33:11.418  INFO Vtyc-Qiu-7460 --- [           main] s.w.s.m.m.a.RequestMappingHandlerMapping : Mapped "{[/CQ/productionNight/{workcenter}/{s_date}],methods=[GET]}" onto public java.lang.String com.vtyc.controller.CQProlinkSQLController.getProductionByNight(java.lang.String,java.lang.String)
2018-08-28 09:33:11.421  INFO Vtyc-Qiu-7460 --- [           main] s.w.s.m.m.a.RequestMappingHandlerMapping : Mapped "{[/CZ/count_pt],methods=[GET]}" onto public java.lang.String com.vtyc.controller.CzProlinkSQLController.getCountPt()
2018-08-28 09:33:11.422  INFO Vtyc-Qiu-7460 --- [           main] s.w.s.m.m.a.RequestMappingHandlerMapping : Mapped "{[/CZ/api],methods=[GET]}" onto public java.lang.String com.vtyc.controller.CzProlinkSQLController.getAllApi()
2018-08-28 09:33:11.422  INFO Vtyc-Qiu-7460 --- [           main] s.w.s.m.m.a.RequestMappingHandlerMapping : Mapped "{[/CZ/pt/{id}],methods=[GET]}" onto public java.lang.String com.vtyc.controller.CzProlinkSQLController.checkPartNum(java.lang.String)
2018-08-28 09:33:11.422  INFO Vtyc-Qiu-7460 --- [           main] s.w.s.m.m.a.RequestMappingHandlerMapping : Mapped "{[/CZ/costcenterToWorkcenters/{costcenter}],methods=[GET]}" onto public java.lang.String com.vtyc.controller.CzProlinkSQLController.costcenterToWorkcenters(java.lang.String)
2018-08-28 09:33:11.422  INFO Vtyc-Qiu-7460 --- [           main] s.w.s.m.m.a.RequestMappingHandlerMapping : Mapped "{[/CZ/productionDayAll/{s_date}],methods=[GET]}" onto public java.lang.String com.vtyc.controller.CzProlinkSQLController.getProductionByDayAll(java.lang.String)
2018-08-28 09:33:11.422  INFO Vtyc-Qiu-7460 --- [           main] s.w.s.m.m.a.RequestMappingHandlerMapping : Mapped "{[/CZ/wc/{wc_id}],methods=[GET]}" onto public java.lang.String com.vtyc.controller.CzProlinkSQLController.getWorkcenterDesc(java.lang.String)
2018-08-28 09:33:11.422  INFO Vtyc-Qiu-7460 --- [           main] s.w.s.m.m.a.RequestMappingHandlerMapping : Mapped "{[/CZ/productionDay/{workcenter}/{s_date}],methods=[GET]}" onto public java.lang.String com.vtyc.controller.CzProlinkSQLController.getProductionByDay(java.lang.String,java.lang.String)
2018-08-28 09:33:11.423  INFO Vtyc-Qiu-7460 --- [           main] s.w.s.m.m.a.RequestMappingHandlerMapping : Mapped "{[/CZ/productionNightAll/{s_date}],methods=[GET]}" onto public java.lang.String com.vtyc.controller.CzProlinkSQLController.getProductionByNightAll(java.lang.String)
2018-08-28 09:33:11.423  INFO Vtyc-Qiu-7460 --- [           main] s.w.s.m.m.a.RequestMappingHandlerMapping : Mapped "{[/CZ/wcs],methods=[GET]}" onto public java.lang.String com.vtyc.controller.CzProlinkSQLController.getAllWorkcenters()
2018-08-28 09:33:11.423  INFO Vtyc-Qiu-7460 --- [           main] s.w.s.m.m.a.RequestMappingHandlerMapping : Mapped "{[/CZ/wc_wcd],methods=[GET]}" onto public java.lang.String com.vtyc.controller.CzProlinkSQLController.getAllWorkcenterWorkcenterDecs()
2018-08-28 09:33:11.423  INFO Vtyc-Qiu-7460 --- [           main] s.w.s.m.m.a.RequestMappingHandlerMapping : Mapped "{[/CZ/productionNight/{workcenter}/{s_date}],methods=[GET]}" onto public java.lang.String com.vtyc.controller.CzProlinkSQLController.getProductionByNight(java.lang.String,java.lang.String)
2018-08-28 09:33:11.423  INFO Vtyc-Qiu-7460 --- [           main] s.w.s.m.m.a.RequestMappingHandlerMapping : Mapped "{[/simpleemail]}" onto public java.lang.String com.vtyc.controller.QQEmailController.home()
2018-08-28 09:33:11.424  INFO Vtyc-Qiu-7460 --- [           main] s.w.s.m.m.a.RequestMappingHandlerMapping : Mapped "{[/vtycemail]}" onto public java.lang.String com.vtyc.controller.VtycEmailController.home()
2018-08-28 09:33:11.426  INFO Vtyc-Qiu-7460 --- [           main] s.w.s.m.m.a.RequestMappingHandlerMapping : Mapped "{[/error]}" onto public org.springframework.http.ResponseEntity<java.util.Map<java.lang.String, java.lang.Object>> org.springframework.boot.autoconfigure.web.servlet.error.BasicErrorController.error(javax.servlet.http.HttpServletRequest)
2018-08-28 09:33:11.426  INFO Vtyc-Qiu-7460 --- [           main] s.w.s.m.m.a.RequestMappingHandlerMapping : Mapped "{[/error],produces=[text/html]}" onto public org.springframework.web.servlet.ModelAndView org.springframework.boot.autoconfigure.web.servlet.error.BasicErrorController.errorHtml(javax.servlet.http.HttpServletRequest,javax.servlet.http.HttpServletResponse)
2018-08-28 09:33:11.456  INFO Vtyc-Qiu-7460 --- [           main] o.s.w.s.h.SimpleUrlHandlerMapping        : Mapped URL path [/webjars/**] onto handler of type [class org.springframework.web.servlet.resource.ResourceHttpRequestHandler]
2018-08-28 09:33:11.456  INFO Vtyc-Qiu-7460 --- [           main] o.s.w.s.h.SimpleUrlHandlerMapping        : Mapped URL path [/**] onto handler of type [class org.springframework.web.servlet.resource.ResourceHttpRequestHandler]
2018-08-28 09:33:11.507  INFO Vtyc-Qiu-7460 --- [           main] o.s.w.s.h.SimpleUrlHandlerMapping        : Mapped URL path [/**/favicon.ico] onto handler of type [class org.springframework.web.servlet.resource.ResourceHttpRequestHandler]
2018-08-28 09:33:11.990  INFO Vtyc-Qiu-7460 --- [           main] o.s.j.e.a.AnnotationMBeanExporter        : Registering beans for JMX exposure on startup
2018-08-28 09:33:12.001  INFO Vtyc-Qiu-7460 --- [           main] o.a.c.h.Http11NioProtocol                : Starting ProtocolHandler ["http-nio-9999"]
2018-08-28 09:33:12.008  INFO Vtyc-Qiu-7460 --- [           main] o.a.t.u.n.NioSelectorPool                : Using a shared selector for servlet write/read
2018-08-28 09:33:12.044  INFO Vtyc-Qiu-7460 --- [           main] o.s.b.w.e.t.TomcatWebServer              : Tomcat started on port(s): 9999 (http) with context path ''
2018-08-28 09:33:12.046  INFO Vtyc-Qiu-7460 --- [           main] c.v.SqlserverApplication                 : Started SqlserverApplication in 18.792 seconds (JVM running for 27.773)
2018-08-28 09:34:24.591  INFO Vtyc-Qiu-7460 --- [nio-9999-exec-1] o.a.c.c.C.[.[.[/]                        : Initializing Spring FrameworkServlet 'dispatcherServlet'
2018-08-28 09:34:24.591  INFO Vtyc-Qiu-7460 --- [nio-9999-exec-1] o.s.w.s.DispatcherServlet                : FrameworkServlet 'dispatcherServlet': initialization started
2018-08-28 09:34:24.608  INFO Vtyc-Qiu-7460 --- [nio-9999-exec-1] o.s.w.s.DispatcherServlet                : FrameworkServlet 'dispatcherServlet': initialization completed in 17 ms
2018-08-28 09:36:19.184  INFO Vtyc-Qiu-7460 --- [           main] c.v.SqlserverApplication                 : Info log
2018-08-28 09:36:19.191  WARN Vtyc-Qiu-7460 --- [           main] c.v.SqlserverApplication                 : Hey, This is a warning!
2018-08-28 09:36:19.191 ERROR Vtyc-Qiu-7460 --- [           main] c.v.SqlserverApplication                 : Oops! We have an Error. OK
2018-08-28 09:36:19.197 FATAL Vtyc-Qiu-7460 --- [           main] c.v.SqlserverApplication                 : Damn! Fatal error. Please fix me.
2018-08-28 09:36:19.740  INFO Vtyc-Qiu-7460 --- [           main] c.v.SqlserverApplication                 : Starting SqlserverApplication on Vtyc-Qiu-7460 with PID 12440 (D:\work\qiuuqan\projects\sqlserver\target\classes started by tmc10427 in D:\work\qiuuqan\projects\sqlserver)
2018-08-28 09:36:19.741  INFO Vtyc-Qiu-7460 --- [           main] c.v.SqlserverApplication                 : No active profile set, falling back to default profiles: default
2018-08-28 09:36:19.785  INFO Vtyc-Qiu-7460 --- [           main] ConfigServletWebServerApplicationContext : Refreshing org.springframework.boot.web.servlet.context.AnnotationConfigServletWebServerApplicationContext@740773a3: startup date [Tue Aug 28 09:36:19 CST 2018]; root of context hierarchy
2018-08-28 09:36:20.834  INFO Vtyc-Qiu-7460 --- [           main] trationDelegate$BeanPostProcessorChecker : Bean 'org.springframework.transaction.annotation.ProxyTransactionManagementConfiguration' of type [org.springframework.transaction.annotation.ProxyTransactionManagementConfiguration$$EnhancerBySpringCGLIB$$b1ea2c39] is not eligible for getting processed by all BeanPostProcessors (for example: not eligible for auto-proxying)
2018-08-28 09:36:21.132  INFO Vtyc-Qiu-7460 --- [           main] o.s.b.w.e.t.TomcatWebServer              : Tomcat initialized with port(s): 9999 (http)
2018-08-28 09:36:21.145  INFO Vtyc-Qiu-7460 --- [           main] o.a.c.h.Http11NioProtocol                : Initializing ProtocolHandler ["http-nio-9999"]
2018-08-28 09:36:21.153  INFO Vtyc-Qiu-7460 --- [           main] o.a.c.c.StandardService                  : Starting service [Tomcat]
2018-08-28 09:36:21.153  INFO Vtyc-Qiu-7460 --- [           main] o.a.c.c.StandardEngine                   : Starting Servlet Engine: Apache Tomcat/8.5.28
2018-08-28 09:36:21.157  INFO Vtyc-Qiu-7460 --- [ost-startStop-1] o.a.c.c.AprLifecycleListener             : Loaded APR based Apache Tomcat Native library [1.2.16] using APR version [1.6.3].
2018-08-28 09:36:21.158  INFO Vtyc-Qiu-7460 --- [ost-startStop-1] o.a.c.c.AprLifecycleListener             : APR capabilities: IPv6 [true], sendfile [true], accept filters [false], random [true].
2018-08-28 09:36:21.158  INFO Vtyc-Qiu-7460 --- [ost-startStop-1] o.a.c.c.AprLifecycleListener             : APR/OpenSSL configuration: useAprConnector [false], useOpenSSL [true]
2018-08-28 09:36:22.206  INFO Vtyc-Qiu-7460 --- [ost-startStop-1] o.a.c.c.AprLifecycleListener             : OpenSSL successfully initialized [OpenSSL 1.0.2m  2 Nov 2017]
2018-08-28 09:36:22.304  INFO Vtyc-Qiu-7460 --- [ost-startStop-1] o.a.c.c.C.[.[.[/]                        : Initializing Spring embedded WebApplicationContext
2018-08-28 09:36:22.304  INFO Vtyc-Qiu-7460 --- [ost-startStop-1] o.s.w.c.ContextLoader                    : Root WebApplicationContext: initialization completed in 2522 ms
2018-08-28 09:36:22.438  INFO Vtyc-Qiu-7460 --- [ost-startStop-1] o.s.b.w.s.ServletRegistrationBean        : Servlet dispatcherServlet mapped to [/]
2018-08-28 09:36:22.441  INFO Vtyc-Qiu-7460 --- [ost-startStop-1] o.s.b.w.s.FilterRegistrationBean         : Mapping filter: 'characterEncodingFilter' to: [/*]
2018-08-28 09:36:22.442  INFO Vtyc-Qiu-7460 --- [ost-startStop-1] o.s.b.w.s.FilterRegistrationBean         : Mapping filter: 'hiddenHttpMethodFilter' to: [/*]
2018-08-28 09:36:22.442  INFO Vtyc-Qiu-7460 --- [ost-startStop-1] o.s.b.w.s.FilterRegistrationBean         : Mapping filter: 'httpPutFormContentFilter' to: [/*]
2018-08-28 09:36:22.442  INFO Vtyc-Qiu-7460 --- [ost-startStop-1] o.s.b.w.s.FilterRegistrationBean         : Mapping filter: 'requestContextFilter' to: [/*]
2018-08-28 09:36:22.527  INFO Vtyc-Qiu-7460 --- [           main] o.s.j.d.DriverManagerDataSource          : Loaded JDBC driver: com.microsoft.sqlserver.jdbc.SQLServerDriver
2018-08-28 09:36:22.532  INFO Vtyc-Qiu-7460 --- [           main] o.s.j.d.DriverManagerDataSource          : Loaded JDBC driver: com.microsoft.sqlserver.jdbc.SQLServerDriver
2018-08-28 09:36:22.946  INFO Vtyc-Qiu-7460 --- [           main] j.LocalContainerEntityManagerFactoryBean : Building JPA container EntityManagerFactory for persistence unit 'default'
2018-08-28 09:36:22.959  INFO Vtyc-Qiu-7460 --- [           main] o.h.j.i.u.LogHelper                      : HHH000204: Processing PersistenceUnitInfo [
	name: default
	...]
2018-08-28 09:36:23.019  INFO Vtyc-Qiu-7460 --- [           main] o.h.Version                              : HHH000412: Hibernate Core {5.2.14.Final}
2018-08-28 09:36:23.020  INFO Vtyc-Qiu-7460 --- [           main] o.h.c.Environment                        : HHH000206: hibernate.properties not found
2018-08-28 09:36:23.054  INFO Vtyc-Qiu-7460 --- [           main] o.h.a.c.Version                          : HCANN000001: Hibernate Commons Annotations {5.0.1.Final}
2018-08-28 09:36:23.172  INFO Vtyc-Qiu-7460 --- [           main] o.h.d.Dialect                            : HHH000400: Using dialect: org.hibernate.dialect.SQLServer2012Dialect
2018-08-28 09:36:23.397  INFO Vtyc-Qiu-7460 --- [           main] j.LocalContainerEntityManagerFactoryBean : Initialized JPA EntityManagerFactory for persistence unit 'default'
2018-08-28 09:36:23.416  INFO Vtyc-Qiu-7460 --- [           main] o.s.j.d.DriverManagerDataSource          : Loaded JDBC driver: com.microsoft.sqlserver.jdbc.SQLServerDriver
2018-08-28 09:36:23.417  INFO Vtyc-Qiu-7460 --- [           main] o.s.j.d.DriverManagerDataSource          : Loaded JDBC driver: com.microsoft.sqlserver.jdbc.SQLServerDriver
2018-08-28 09:36:23.778  INFO Vtyc-Qiu-7460 --- [           main] s.w.s.m.m.a.RequestMappingHandlerAdapter : Looking for @ControllerAdvice: org.springframework.boot.web.servlet.context.AnnotationConfigServletWebServerApplicationContext@740773a3: startup date [Tue Aug 28 09:36:19 CST 2018]; root of context hierarchy
2018-08-28 09:36:23.807  WARN Vtyc-Qiu-7460 --- [           main] aWebConfiguration$JpaWebMvcConfiguration : spring.jpa.open-in-view is enabled by default. Therefore, database queries may be performed during view rendering. Explicitly configure spring.jpa.open-in-view to disable this warning
2018-08-28 09:36:23.856  INFO Vtyc-Qiu-7460 --- [           main] s.w.s.m.m.a.RequestMappingHandlerMapping : Mapped "{[/CQ/productionDay/{workcenter}/{s_date}],methods=[GET]}" onto public java.lang.String com.vtyc.controller.CQProlinkSQLController.getProductionByDay(java.lang.String,java.lang.String)
2018-08-28 09:36:23.857  INFO Vtyc-Qiu-7460 --- [           main] s.w.s.m.m.a.RequestMappingHandlerMapping : Mapped "{[/CQ/wc/{wc_id}],methods=[GET]}" onto public java.lang.String com.vtyc.controller.CQProlinkSQLController.getWorkcenterDesc(java.lang.String)
2018-08-28 09:36:23.858  INFO Vtyc-Qiu-7460 --- [           main] s.w.s.m.m.a.RequestMappingHandlerMapping : Mapped "{[/CQ/productionDayAll/{s_date}],methods=[GET]}" onto public java.lang.String com.vtyc.controller.CQProlinkSQLController.getProductionByDayAll(java.lang.String)
2018-08-28 09:36:23.858  INFO Vtyc-Qiu-7460 --- [           main] s.w.s.m.m.a.RequestMappingHandlerMapping : Mapped "{[/CQ/wcs],methods=[GET]}" onto public java.lang.String com.vtyc.controller.CQProlinkSQLController.getAllWorkcenters()
2018-08-28 09:36:23.858  INFO Vtyc-Qiu-7460 --- [           main] s.w.s.m.m.a.RequestMappingHandlerMapping : Mapped "{[/CQ/productionNightAll/{s_date}],methods=[GET]}" onto public java.lang.String com.vtyc.controller.CQProlinkSQLController.getProductionByNightAll(java.lang.String)
2018-08-28 09:36:23.858  INFO Vtyc-Qiu-7460 --- [           main] s.w.s.m.m.a.RequestMappingHandlerMapping : Mapped "{[/CQ/productionNight/{workcenter}/{s_date}],methods=[GET]}" onto public java.lang.String com.vtyc.controller.CQProlinkSQLController.getProductionByNight(java.lang.String,java.lang.String)
2018-08-28 09:36:23.858  INFO Vtyc-Qiu-7460 --- [           main] s.w.s.m.m.a.RequestMappingHandlerMapping : Mapped "{[/CQ/wc_wcd],methods=[GET]}" onto public java.lang.String com.vtyc.controller.CQProlinkSQLController.getAllWorkcenterWorkcenterDecs()
2018-08-28 09:36:23.859  INFO Vtyc-Qiu-7460 --- [           main] s.w.s.m.m.a.RequestMappingHandlerMapping : Mapped "{[/CQ/costcenterToWorkcenters/{costcenter}],methods=[GET]}" onto public java.lang.String com.vtyc.controller.CQProlinkSQLController.costcenterToWorkcenters(java.lang.String)
2018-08-28 09:36:23.859  INFO Vtyc-Qiu-7460 --- [           main] s.w.s.m.m.a.RequestMappingHandlerMapping : Mapped "{[/CQ/count_pt],methods=[GET]}" onto public java.lang.String com.vtyc.controller.CQProlinkSQLController.getCountPt()
2018-08-28 09:36:23.859  INFO Vtyc-Qiu-7460 --- [           main] s.w.s.m.m.a.RequestMappingHandlerMapping : Mapped "{[/CQ/pt/{id}],methods=[GET]}" onto public java.lang.String com.vtyc.controller.CQProlinkSQLController.checkPartNum(java.lang.String)
2018-08-28 09:36:23.859  INFO Vtyc-Qiu-7460 --- [           main] s.w.s.m.m.a.RequestMappingHandlerMapping : Mapped "{[/CQ/api],methods=[GET]}" onto public java.lang.String com.vtyc.controller.CQProlinkSQLController.getAllApi()
2018-08-28 09:36:23.865  INFO Vtyc-Qiu-7460 --- [           main] s.w.s.m.m.a.RequestMappingHandlerMapping : Mapped "{[/CZ/productionDay/{workcenter}/{s_date}],methods=[GET]}" onto public java.lang.String com.vtyc.controller.CzProlinkSQLController.getProductionByDay(java.lang.String,java.lang.String)
2018-08-28 09:36:23.865  INFO Vtyc-Qiu-7460 --- [           main] s.w.s.m.m.a.RequestMappingHandlerMapping : Mapped "{[/CZ/wc/{wc_id}],methods=[GET]}" onto public java.lang.String com.vtyc.controller.CzProlinkSQLController.getWorkcenterDesc(java.lang.String)
2018-08-28 09:36:23.866  INFO Vtyc-Qiu-7460 --- [           main] s.w.s.m.m.a.RequestMappingHandlerMapping : Mapped "{[/CZ/productionDayAll/{s_date}],methods=[GET]}" onto public java.lang.String com.vtyc.controller.CzProlinkSQLController.getProductionByDayAll(java.lang.String)
2018-08-28 09:36:23.866  INFO Vtyc-Qiu-7460 --- [           main] s.w.s.m.m.a.RequestMappingHandlerMapping : Mapped "{[/CZ/wcs],methods=[GET]}" onto public java.lang.String com.vtyc.controller.CzProlinkSQLController.getAllWorkcenters()
2018-08-28 09:36:23.866  INFO Vtyc-Qiu-7460 --- [           main] s.w.s.m.m.a.RequestMappingHandlerMapping : Mapped "{[/CZ/productionNightAll/{s_date}],methods=[GET]}" onto public java.lang.String com.vtyc.controller.CzProlinkSQLController.getProductionByNightAll(java.lang.String)
2018-08-28 09:36:23.866  INFO Vtyc-Qiu-7460 --- [           main] s.w.s.m.m.a.RequestMappingHandlerMapping : Mapped "{[/CZ/productionNight/{workcenter}/{s_date}],methods=[GET]}" onto public java.lang.String com.vtyc.controller.CzProlinkSQLController.getProductionByNight(java.lang.String,java.lang.String)
2018-08-28 09:36:23.867  INFO Vtyc-Qiu-7460 --- [           main] s.w.s.m.m.a.RequestMappingHandlerMapping : Mapped "{[/CZ/wc_wcd],methods=[GET]}" onto public java.lang.String com.vtyc.controller.CzProlinkSQLController.getAllWorkcenterWorkcenterDecs()
2018-08-28 09:36:23.867  INFO Vtyc-Qiu-7460 --- [           main] s.w.s.m.m.a.RequestMappingHandlerMapping : Mapped "{[/CZ/costcenterToWorkcenters/{costcenter}],methods=[GET]}" onto public java.lang.String com.vtyc.controller.CzProlinkSQLController.costcenterToWorkcenters(java.lang.String)
2018-08-28 09:36:23.867  INFO Vtyc-Qiu-7460 --- [           main] s.w.s.m.m.a.RequestMappingHandlerMapping : Mapped "{[/CZ/count_pt],methods=[GET]}" onto public java.lang.String com.vtyc.controller.CzProlinkSQLController.getCountPt()
2018-08-28 09:36:23.867  INFO Vtyc-Qiu-7460 --- [           main] s.w.s.m.m.a.RequestMappingHandlerMapping : Mapped "{[/CZ/pt/{id}],methods=[GET]}" onto public java.lang.String com.vtyc.controller.CzProlinkSQLController.checkPartNum(java.lang.String)
2018-08-28 09:36:23.868  INFO Vtyc-Qiu-7460 --- [           main] s.w.s.m.m.a.RequestMappingHandlerMapping : Mapped "{[/CZ/api],methods=[GET]}" onto public java.lang.String com.vtyc.controller.CzProlinkSQLController.getAllApi()
2018-08-28 09:36:23.868  INFO Vtyc-Qiu-7460 --- [           main] s.w.s.m.m.a.RequestMappingHandlerMapping : Mapped "{[/simpleemail]}" onto public java.lang.String com.vtyc.controller.QQEmailController.home()
2018-08-28 09:36:23.869  INFO Vtyc-Qiu-7460 --- [           main] s.w.s.m.m.a.RequestMappingHandlerMapping : Mapped "{[/vtycemail]}" onto public java.lang.String com.vtyc.controller.VtycEmailController.home()
2018-08-28 09:36:23.871  INFO Vtyc-Qiu-7460 --- [           main] s.w.s.m.m.a.RequestMappingHandlerMapping : Mapped "{[/error]}" onto public org.springframework.http.ResponseEntity<java.util.Map<java.lang.String, java.lang.Object>> org.springframework.boot.autoconfigure.web.servlet.error.BasicErrorController.error(javax.servlet.http.HttpServletRequest)
2018-08-28 09:36:23.872  INFO Vtyc-Qiu-7460 --- [           main] s.w.s.m.m.a.RequestMappingHandlerMapping : Mapped "{[/error],produces=[text/html]}" onto public org.springframework.web.servlet.ModelAndView org.springframework.boot.autoconfigure.web.servlet.error.BasicErrorController.errorHtml(javax.servlet.http.HttpServletRequest,javax.servlet.http.HttpServletResponse)
2018-08-28 09:36:23.911  INFO Vtyc-Qiu-7460 --- [           main] o.s.w.s.h.SimpleUrlHandlerMapping        : Mapped URL path [/webjars/**] onto handler of type [class org.springframework.web.servlet.resource.ResourceHttpRequestHandler]
2018-08-28 09:36:23.911  INFO Vtyc-Qiu-7460 --- [           main] o.s.w.s.h.SimpleUrlHandlerMapping        : Mapped URL path [/**] onto handler of type [class org.springframework.web.servlet.resource.ResourceHttpRequestHandler]
2018-08-28 09:36:23.949  INFO Vtyc-Qiu-7460 --- [           main] o.s.w.s.h.SimpleUrlHandlerMapping        : Mapped URL path [/**/favicon.ico] onto handler of type [class org.springframework.web.servlet.resource.ResourceHttpRequestHandler]
2018-08-28 09:36:24.279  INFO Vtyc-Qiu-7460 --- [           main] o.s.j.e.a.AnnotationMBeanExporter        : Registering beans for JMX exposure on startup
2018-08-28 09:36:24.296  INFO Vtyc-Qiu-7460 --- [           main] o.a.c.h.Http11NioProtocol                : Starting ProtocolHandler ["http-nio-9999"]
2018-08-28 09:36:24.306  INFO Vtyc-Qiu-7460 --- [           main] o.a.t.u.n.NioSelectorPool                : Using a shared selector for servlet write/read
2018-08-28 09:36:24.319  INFO Vtyc-Qiu-7460 --- [           main] o.s.b.w.e.t.TomcatWebServer              : Tomcat started on port(s): 9999 (http) with context path ''
2018-08-28 09:36:24.323  INFO Vtyc-Qiu-7460 --- [           main] c.v.SqlserverApplication                 : Started SqlserverApplication in 5.063 seconds (JVM running for 6.14)
2018-08-28 09:37:00.464  INFO Vtyc-Qiu-7460 --- [nio-9999-exec-1] o.a.c.c.C.[.[.[/]                        : Initializing Spring FrameworkServlet 'dispatcherServlet'
2018-08-28 09:37:00.464  INFO Vtyc-Qiu-7460 --- [nio-9999-exec-1] o.s.w.s.DispatcherServlet                : FrameworkServlet 'dispatcherServlet': initialization started
2018-08-28 09:37:00.480  INFO Vtyc-Qiu-7460 --- [nio-9999-exec-1] o.s.w.s.DispatcherServlet                : FrameworkServlet 'dispatcherServlet': initialization completed in 16 ms
2018-08-28 09:41:29.199  INFO Vtyc-Qiu-7460 --- [           main] .b.t.c.SpringBootTestContextBootstrapper : Neither @ContextConfiguration nor @ContextHierarchy found for test class [com.vtyc.SqlserverApplicationTests], using SpringBootContextLoader
2018-08-28 09:41:29.210  INFO Vtyc-Qiu-7460 --- [           main] o.s.t.c.s.AbstractContextLoader          : Could not detect default resource locations for test class [com.vtyc.SqlserverApplicationTests]: no resource found for suffixes {-context.xml, Context.groovy}.
2018-08-28 09:41:29.211  INFO Vtyc-Qiu-7460 --- [           main] t.c.s.AnnotationConfigContextLoaderUtils : Could not detect default configuration classes for test class [com.vtyc.SqlserverApplicationTests]: SqlserverApplicationTests does not declare any static, non-private, non-final, nested classes annotated with @Configuration.
2018-08-28 09:41:29.327  INFO Vtyc-Qiu-7460 --- [           main] .b.t.c.SpringBootTestContextBootstrapper : Found @SpringBootConfiguration com.vtyc.SqlserverApplication for test class com.vtyc.SqlserverApplicationTests
2018-08-28 09:41:29.474  INFO Vtyc-Qiu-7460 --- [           main] .b.t.c.SpringBootTestContextBootstrapper : Loaded default TestExecutionListener class names from location [META-INF/spring.factories]: [org.springframework.boot.test.mock.mockito.MockitoTestExecutionListener, org.springframework.boot.test.mock.mockito.ResetMocksTestExecutionListener, org.springframework.boot.test.autoconfigure.restdocs.RestDocsTestExecutionListener, org.springframework.boot.test.autoconfigure.web.client.MockRestServiceServerResetTestExecutionListener, org.springframework.boot.test.autoconfigure.web.servlet.MockMvcPrintOnlyOnFailureTestExecutionListener, org.springframework.boot.test.autoconfigure.web.servlet.WebDriverTestExecutionListener, org.springframework.test.context.web.ServletTestExecutionListener, org.springframework.test.context.support.DirtiesContextBeforeModesTestExecutionListener, org.springframework.test.context.support.DependencyInjectionTestExecutionListener, org.springframework.test.context.support.DirtiesContextTestExecutionListener, org.springframework.test.context.transaction.TransactionalTestExecutionListener, org.springframework.test.context.jdbc.SqlScriptsTestExecutionListener]
2018-08-28 09:41:29.503  INFO Vtyc-Qiu-7460 --- [           main] .b.t.c.SpringBootTestContextBootstrapper : Using TestExecutionListeners: [org.springframework.test.context.web.ServletTestExecutionListener@1224144a, org.springframework.test.context.support.DirtiesContextBeforeModesTestExecutionListener@29f7cefd, org.springframework.boot.test.mock.mockito.MockitoTestExecutionListener@700fb871, org.springframework.boot.test.autoconfigure.SpringBootDependencyInjectionTestExecutionListener@3b35a229, org.springframework.test.context.support.DirtiesContextTestExecutionListener@9816741, org.springframework.test.context.transaction.TransactionalTestExecutionListener@1e16c0aa, org.springframework.test.context.jdbc.SqlScriptsTestExecutionListener@13d73f29, org.springframework.boot.test.mock.mockito.ResetMocksTestExecutionListener@565f390, org.springframework.boot.test.autoconfigure.restdocs.RestDocsTestExecutionListener@7dc3712, org.springframework.boot.test.autoconfigure.web.client.MockRestServiceServerResetTestExecutionListener@2f67a4d3, org.springframework.boot.test.autoconfigure.web.servlet.MockMvcPrintOnlyOnFailureTestExecutionListener@5e3f861, org.springframework.boot.test.autoconfigure.web.servlet.WebDriverTestExecutionListener@2fb0623e]
2018-08-28 09:41:29.941  INFO Vtyc-Qiu-7460 --- [           main] c.v.SqlserverApplicationTests            : Starting SqlserverApplicationTests on Vtyc-Qiu-7460 with PID 10156 (started by tmc10427 in D:\work\qiuuqan\projects\sqlserver)
2018-08-28 09:41:29.942  INFO Vtyc-Qiu-7460 --- [           main] c.v.SqlserverApplicationTests            : No active profile set, falling back to default profiles: default
2018-08-28 09:41:30.046  INFO Vtyc-Qiu-7460 --- [           main] o.s.w.c.s.GenericWebApplicationContext   : Refreshing org.springframework.web.context.support.GenericWebApplicationContext@20f5281c: startup date [Tue Aug 28 09:41:30 CST 2018]; root of context hierarchy
2018-08-28 09:41:31.600  INFO Vtyc-Qiu-7460 --- [           main] trationDelegate$BeanPostProcessorChecker : Bean 'org.springframework.transaction.annotation.ProxyTransactionManagementConfiguration' of type [org.springframework.transaction.annotation.ProxyTransactionManagementConfiguration$$EnhancerBySpringCGLIB$$6ed9fda7] is not eligible for getting processed by all BeanPostProcessors (for example: not eligible for auto-proxying)
2018-08-28 09:41:31.760  INFO Vtyc-Qiu-7460 --- [           main] o.s.j.d.DriverManagerDataSource          : Loaded JDBC driver: com.microsoft.sqlserver.jdbc.SQLServerDriver
2018-08-28 09:41:31.795  INFO Vtyc-Qiu-7460 --- [           main] o.s.j.d.DriverManagerDataSource          : Loaded JDBC driver: com.microsoft.sqlserver.jdbc.SQLServerDriver
2018-08-28 09:41:32.489  INFO Vtyc-Qiu-7460 --- [           main] j.LocalContainerEntityManagerFactoryBean : Building JPA container EntityManagerFactory for persistence unit 'default'
2018-08-28 09:41:32.517  INFO Vtyc-Qiu-7460 --- [           main] o.h.j.i.u.LogHelper                      : HHH000204: Processing PersistenceUnitInfo [
	name: default
	...]
2018-08-28 09:41:32.626  INFO Vtyc-Qiu-7460 --- [           main] o.h.Version                              : HHH000412: Hibernate Core {5.2.14.Final}
2018-08-28 09:41:32.628  INFO Vtyc-Qiu-7460 --- [           main] o.h.c.Environment                        : HHH000206: hibernate.properties not found
2018-08-28 09:41:32.681  INFO Vtyc-Qiu-7460 --- [           main] o.h.a.c.Version                          : HCANN000001: Hibernate Commons Annotations {5.0.1.Final}
2018-08-28 09:41:32.833  INFO Vtyc-Qiu-7460 --- [           main] o.h.d.Dialect                            : HHH000400: Using dialect: org.hibernate.dialect.SQLServer2012Dialect
2018-08-28 09:41:33.246  INFO Vtyc-Qiu-7460 --- [           main] j.LocalContainerEntityManagerFactoryBean : Initialized JPA EntityManagerFactory for persistence unit 'default'
2018-08-28 09:41:33.284  INFO Vtyc-Qiu-7460 --- [           main] o.s.j.d.DriverManagerDataSource          : Loaded JDBC driver: com.microsoft.sqlserver.jdbc.SQLServerDriver
2018-08-28 09:41:33.288  INFO Vtyc-Qiu-7460 --- [           main] o.s.j.d.DriverManagerDataSource          : Loaded JDBC driver: com.microsoft.sqlserver.jdbc.SQLServerDriver
2018-08-28 09:41:34.495  INFO Vtyc-Qiu-7460 --- [           main] s.w.s.m.m.a.RequestMappingHandlerAdapter : Looking for @ControllerAdvice: org.springframework.web.context.support.GenericWebApplicationContext@20f5281c: startup date [Tue Aug 28 09:41:30 CST 2018]; root of context hierarchy
2018-08-28 09:41:34.605  WARN Vtyc-Qiu-7460 --- [           main] aWebConfiguration$JpaWebMvcConfiguration : spring.jpa.open-in-view is enabled by default. Therefore, database queries may be performed during view rendering. Explicitly configure spring.jpa.open-in-view to disable this warning
2018-08-28 09:41:34.678  INFO Vtyc-Qiu-7460 --- [           main] s.w.s.m.m.a.RequestMappingHandlerMapping : Mapped "{[/CQ/costcenterToWorkcenters/{costcenter}],methods=[GET]}" onto public java.lang.String com.vtyc.controller.CQProlinkSQLController.costcenterToWorkcenters(java.lang.String)
2018-08-28 09:41:34.679  INFO Vtyc-Qiu-7460 --- [           main] s.w.s.m.m.a.RequestMappingHandlerMapping : Mapped "{[/CQ/wc_wcd],methods=[GET]}" onto public java.lang.String com.vtyc.controller.CQProlinkSQLController.getAllWorkcenterWorkcenterDecs()
2018-08-28 09:41:34.680  INFO Vtyc-Qiu-7460 --- [           main] s.w.s.m.m.a.RequestMappingHandlerMapping : Mapped "{[/CQ/productionDay/{workcenter}/{s_date}],methods=[GET]}" onto public java.lang.String com.vtyc.controller.CQProlinkSQLController.getProductionByDay(java.lang.String,java.lang.String)
2018-08-28 09:41:34.680  INFO Vtyc-Qiu-7460 --- [           main] s.w.s.m.m.a.RequestMappingHandlerMapping : Mapped "{[/CQ/productionDayAll/{s_date}],methods=[GET]}" onto public java.lang.String com.vtyc.controller.CQProlinkSQLController.getProductionByDayAll(java.lang.String)
2018-08-28 09:41:34.680  INFO Vtyc-Qiu-7460 --- [           main] s.w.s.m.m.a.RequestMappingHandlerMapping : Mapped "{[/CQ/productionNightAll/{s_date}],methods=[GET]}" onto public java.lang.String com.vtyc.controller.CQProlinkSQLController.getProductionByNightAll(java.lang.String)
2018-08-28 09:41:34.681  INFO Vtyc-Qiu-7460 --- [           main] s.w.s.m.m.a.RequestMappingHandlerMapping : Mapped "{[/CQ/wc/{wc_id}],methods=[GET]}" onto public java.lang.String com.vtyc.controller.CQProlinkSQLController.getWorkcenterDesc(java.lang.String)
2018-08-28 09:41:34.681  INFO Vtyc-Qiu-7460 --- [           main] s.w.s.m.m.a.RequestMappingHandlerMapping : Mapped "{[/CQ/wcs],methods=[GET]}" onto public java.lang.String com.vtyc.controller.CQProlinkSQLController.getAllWorkcenters()
2018-08-28 09:41:34.681  INFO Vtyc-Qiu-7460 --- [           main] s.w.s.m.m.a.RequestMappingHandlerMapping : Mapped "{[/CQ/productionNight/{workcenter}/{s_date}],methods=[GET]}" onto public java.lang.String com.vtyc.controller.CQProlinkSQLController.getProductionByNight(java.lang.String,java.lang.String)
2018-08-28 09:41:34.682  INFO Vtyc-Qiu-7460 --- [           main] s.w.s.m.m.a.RequestMappingHandlerMapping : Mapped "{[/CQ/api],methods=[GET]}" onto public java.lang.String com.vtyc.controller.CQProlinkSQLController.getAllApi()
2018-08-28 09:41:34.682  INFO Vtyc-Qiu-7460 --- [           main] s.w.s.m.m.a.RequestMappingHandlerMapping : Mapped "{[/CQ/count_pt],methods=[GET]}" onto public java.lang.String com.vtyc.controller.CQProlinkSQLController.getCountPt()
2018-08-28 09:41:34.683  INFO Vtyc-Qiu-7460 --- [           main] s.w.s.m.m.a.RequestMappingHandlerMapping : Mapped "{[/CQ/pt/{id}],methods=[GET]}" onto public java.lang.String com.vtyc.controller.CQProlinkSQLController.checkPartNum(java.lang.String)
2018-08-28 09:41:34.694  INFO Vtyc-Qiu-7460 --- [           main] s.w.s.m.m.a.RequestMappingHandlerMapping : Mapped "{[/CZ/costcenterToWorkcenters/{costcenter}],methods=[GET]}" onto public java.lang.String com.vtyc.controller.CzProlinkSQLController.costcenterToWorkcenters(java.lang.String)
2018-08-28 09:41:34.695  INFO Vtyc-Qiu-7460 --- [           main] s.w.s.m.m.a.RequestMappingHandlerMapping : Mapped "{[/CZ/wc_wcd],methods=[GET]}" onto public java.lang.String com.vtyc.controller.CzProlinkSQLController.getAllWorkcenterWorkcenterDecs()
2018-08-28 09:41:34.695  INFO Vtyc-Qiu-7460 --- [           main] s.w.s.m.m.a.RequestMappingHandlerMapping : Mapped "{[/CZ/productionDay/{workcenter}/{s_date}],methods=[GET]}" onto public java.lang.String com.vtyc.controller.CzProlinkSQLController.getProductionByDay(java.lang.String,java.lang.String)
2018-08-28 09:41:34.696  INFO Vtyc-Qiu-7460 --- [           main] s.w.s.m.m.a.RequestMappingHandlerMapping : Mapped "{[/CZ/productionDayAll/{s_date}],methods=[GET]}" onto public java.lang.String com.vtyc.controller.CzProlinkSQLController.getProductionByDayAll(java.lang.String)
2018-08-28 09:41:34.697  INFO Vtyc-Qiu-7460 --- [           main] s.w.s.m.m.a.RequestMappingHandlerMapping : Mapped "{[/CZ/productionNightAll/{s_date}],methods=[GET]}" onto public java.lang.String com.vtyc.controller.CzProlinkSQLController.getProductionByNightAll(java.lang.String)
2018-08-28 09:41:34.697  INFO Vtyc-Qiu-7460 --- [           main] s.w.s.m.m.a.RequestMappingHandlerMapping : Mapped "{[/CZ/wc/{wc_id}],methods=[GET]}" onto public java.lang.String com.vtyc.controller.CzProlinkSQLController.getWorkcenterDesc(java.lang.String)
2018-08-28 09:41:34.698  INFO Vtyc-Qiu-7460 --- [           main] s.w.s.m.m.a.RequestMappingHandlerMapping : Mapped "{[/CZ/wcs],methods=[GET]}" onto public java.lang.String com.vtyc.controller.CzProlinkSQLController.getAllWorkcenters()
2018-08-28 09:41:34.699  INFO Vtyc-Qiu-7460 --- [           main] s.w.s.m.m.a.RequestMappingHandlerMapping : Mapped "{[/CZ/productionNight/{workcenter}/{s_date}],methods=[GET]}" onto public java.lang.String com.vtyc.controller.CzProlinkSQLController.getProductionByNight(java.lang.String,java.lang.String)
2018-08-28 09:41:34.699  INFO Vtyc-Qiu-7460 --- [           main] s.w.s.m.m.a.RequestMappingHandlerMapping : Mapped "{[/CZ/api],methods=[GET]}" onto public java.lang.String com.vtyc.controller.CzProlinkSQLController.getAllApi()
2018-08-28 09:41:34.699  INFO Vtyc-Qiu-7460 --- [           main] s.w.s.m.m.a.RequestMappingHandlerMapping : Mapped "{[/CZ/count_pt],methods=[GET]}" onto public java.lang.String com.vtyc.controller.CzProlinkSQLController.getCountPt()
2018-08-28 09:41:34.707  INFO Vtyc-Qiu-7460 --- [           main] s.w.s.m.m.a.RequestMappingHandlerMapping : Mapped "{[/CZ/pt/{id}],methods=[GET]}" onto public java.lang.String com.vtyc.controller.CzProlinkSQLController.checkPartNum(java.lang.String)
2018-08-28 09:41:34.722  INFO Vtyc-Qiu-7460 --- [           main] s.w.s.m.m.a.RequestMappingHandlerMapping : Mapped "{[/simpleemail]}" onto public java.lang.String com.vtyc.controller.QQEmailController.home()
2018-08-28 09:41:34.724  INFO Vtyc-Qiu-7460 --- [           main] s.w.s.m.m.a.RequestMappingHandlerMapping : Mapped "{[/vtycemail]}" onto public java.lang.String com.vtyc.controller.VtycEmailController.home()
2018-08-28 09:41:34.730  INFO Vtyc-Qiu-7460 --- [           main] s.w.s.m.m.a.RequestMappingHandlerMapping : Mapped "{[/error]}" onto public org.springframework.http.ResponseEntity<java.util.Map<java.lang.String, java.lang.Object>> org.springframework.boot.autoconfigure.web.servlet.error.BasicErrorController.error(javax.servlet.http.HttpServletRequest)
2018-08-28 09:41:34.732  INFO Vtyc-Qiu-7460 --- [           main] s.w.s.m.m.a.RequestMappingHandlerMapping : Mapped "{[/error],produces=[text/html]}" onto public org.springframework.web.servlet.ModelAndView org.springframework.boot.autoconfigure.web.servlet.error.BasicErrorController.errorHtml(javax.servlet.http.HttpServletRequest,javax.servlet.http.HttpServletResponse)
2018-08-28 09:41:34.805  INFO Vtyc-Qiu-7460 --- [           main] o.s.w.s.h.SimpleUrlHandlerMapping        : Mapped URL path [/webjars/**] onto handler of type [class org.springframework.web.servlet.resource.ResourceHttpRequestHandler]
2018-08-28 09:41:34.806  INFO Vtyc-Qiu-7460 --- [           main] o.s.w.s.h.SimpleUrlHandlerMapping        : Mapped URL path [/**] onto handler of type [class org.springframework.web.servlet.resource.ResourceHttpRequestHandler]
2018-08-28 09:41:34.882  INFO Vtyc-Qiu-7460 --- [           main] o.s.w.s.h.SimpleUrlHandlerMapping        : Mapped URL path [/**/favicon.ico] onto handler of type [class org.springframework.web.servlet.resource.ResourceHttpRequestHandler]
2018-08-28 09:41:35.502  INFO Vtyc-Qiu-7460 --- [           main] c.v.SqlserverApplicationTests            : Started SqlserverApplicationTests in 5.948 seconds (JVM running for 8.083)
2018-08-28 09:41:35.796  INFO Vtyc-Qiu-7460 --- [       Thread-2] o.s.w.c.s.GenericWebApplicationContext   : Closing org.springframework.web.context.support.GenericWebApplicationContext@20f5281c: startup date [Tue Aug 28 09:41:30 CST 2018]; root of context hierarchy
2018-08-28 09:41:35.799  INFO Vtyc-Qiu-7460 --- [       Thread-2] j.LocalContainerEntityManagerFactoryBean : Closing JPA EntityManagerFactory for persistence unit 'default'
2018-08-28 10:33:14.647  INFO Vtyc-Qiu-7460 --- [           main] c.v.SqlserverApplication                 : Info log
2018-08-28 10:33:14.650  WARN Vtyc-Qiu-7460 --- [           main] c.v.SqlserverApplication                 : Hey, This is a warning!
2018-08-28 10:33:14.650 ERROR Vtyc-Qiu-7460 --- [           main] c.v.SqlserverApplication                 : Oops! We have an Error. OK
2018-08-28 10:33:14.650 FATAL Vtyc-Qiu-7460 --- [           main] c.v.SqlserverApplication                 : Damn! Fatal error. Please fix me.
2018-08-28 10:33:15.123  INFO Vtyc-Qiu-7460 --- [           main] c.v.SqlserverApplication                 : Starting SqlserverApplication on Vtyc-Qiu-7460 with PID 11616 (D:\work\qiuuqan\projects\sqlserver\target\classes started by tmc10427 in D:\work\qiuuqan\projects\sqlserver)
2018-08-28 10:33:15.124  INFO Vtyc-Qiu-7460 --- [           main] c.v.SqlserverApplication                 : No active profile set, falling back to default profiles: default
2018-08-28 10:33:15.177  INFO Vtyc-Qiu-7460 --- [           main] ConfigServletWebServerApplicationContext : Refreshing org.springframework.boot.web.servlet.context.AnnotationConfigServletWebServerApplicationContext@313b2ea6: startup date [Tue Aug 28 10:33:15 CST 2018]; root of context hierarchy
2018-08-28 10:33:16.594  INFO Vtyc-Qiu-7460 --- [           main] trationDelegate$BeanPostProcessorChecker : Bean 'org.springframework.transaction.annotation.ProxyTransactionManagementConfiguration' of type [org.springframework.transaction.annotation.ProxyTransactionManagementConfiguration$$EnhancerBySpringCGLIB$$e8103aaf] is not eligible for getting processed by all BeanPostProcessors (for example: not eligible for auto-proxying)
2018-08-28 10:33:16.996  INFO Vtyc-Qiu-7460 --- [           main] o.s.b.w.e.t.TomcatWebServer              : Tomcat initialized with port(s): 9999 (http)
2018-08-28 10:33:17.013  INFO Vtyc-Qiu-7460 --- [           main] o.a.c.h.Http11NioProtocol                : Initializing ProtocolHandler ["http-nio-9999"]
2018-08-28 10:33:17.026  INFO Vtyc-Qiu-7460 --- [           main] o.a.c.c.StandardService                  : Starting service [Tomcat]
2018-08-28 10:33:17.026  INFO Vtyc-Qiu-7460 --- [           main] o.a.c.c.StandardEngine                   : Starting Servlet Engine: Apache Tomcat/8.5.28
2018-08-28 10:33:17.035  INFO Vtyc-Qiu-7460 --- [ost-startStop-1] o.a.c.c.AprLifecycleListener             : Loaded APR based Apache Tomcat Native library [1.2.16] using APR version [1.6.3].
2018-08-28 10:33:17.036  INFO Vtyc-Qiu-7460 --- [ost-startStop-1] o.a.c.c.AprLifecycleListener             : APR capabilities: IPv6 [true], sendfile [true], accept filters [false], random [true].
2018-08-28 10:33:17.036  INFO Vtyc-Qiu-7460 --- [ost-startStop-1] o.a.c.c.AprLifecycleListener             : APR/OpenSSL configuration: useAprConnector [false], useOpenSSL [true]
2018-08-28 10:33:18.109  INFO Vtyc-Qiu-7460 --- [ost-startStop-1] o.a.c.c.AprLifecycleListener             : OpenSSL successfully initialized [OpenSSL 1.0.2m  2 Nov 2017]
2018-08-28 10:33:18.308  INFO Vtyc-Qiu-7460 --- [ost-startStop-1] o.a.c.c.C.[.[.[/]                        : Initializing Spring embedded WebApplicationContext
2018-08-28 10:33:18.308  INFO Vtyc-Qiu-7460 --- [ost-startStop-1] o.s.w.c.ContextLoader                    : Root WebApplicationContext: initialization completed in 3147 ms
2018-08-28 10:33:18.443  INFO Vtyc-Qiu-7460 --- [ost-startStop-1] o.s.b.w.s.ServletRegistrationBean        : Servlet dispatcherServlet mapped to [/]
2018-08-28 10:33:18.447  INFO Vtyc-Qiu-7460 --- [ost-startStop-1] o.s.b.w.s.FilterRegistrationBean         : Mapping filter: 'characterEncodingFilter' to: [/*]
2018-08-28 10:33:18.447  INFO Vtyc-Qiu-7460 --- [ost-startStop-1] o.s.b.w.s.FilterRegistrationBean         : Mapping filter: 'hiddenHttpMethodFilter' to: [/*]
2018-08-28 10:33:18.447  INFO Vtyc-Qiu-7460 --- [ost-startStop-1] o.s.b.w.s.FilterRegistrationBean         : Mapping filter: 'httpPutFormContentFilter' to: [/*]
2018-08-28 10:33:18.447  INFO Vtyc-Qiu-7460 --- [ost-startStop-1] o.s.b.w.s.FilterRegistrationBean         : Mapping filter: 'requestContextFilter' to: [/*]
2018-08-28 10:33:18.725  INFO Vtyc-Qiu-7460 --- [           main] o.s.j.d.DriverManagerDataSource          : Loaded JDBC driver: com.microsoft.sqlserver.jdbc.SQLServerDriver
2018-08-28 10:33:18.731  INFO Vtyc-Qiu-7460 --- [           main] o.s.j.d.DriverManagerDataSource          : Loaded JDBC driver: com.microsoft.sqlserver.jdbc.SQLServerDriver
2018-08-28 10:33:19.713  INFO Vtyc-Qiu-7460 --- [           main] j.LocalContainerEntityManagerFactoryBean : Building JPA container EntityManagerFactory for persistence unit 'default'
2018-08-28 10:33:19.728  INFO Vtyc-Qiu-7460 --- [           main] o.h.j.i.u.LogHelper                      : HHH000204: Processing PersistenceUnitInfo [
	name: default
	...]
2018-08-28 10:33:19.815  INFO Vtyc-Qiu-7460 --- [           main] o.h.Version                              : HHH000412: Hibernate Core {5.2.14.Final}
2018-08-28 10:33:19.816  INFO Vtyc-Qiu-7460 --- [           main] o.h.c.Environment                        : HHH000206: hibernate.properties not found
2018-08-28 10:33:19.861  INFO Vtyc-Qiu-7460 --- [           main] o.h.a.c.Version                          : HCANN000001: Hibernate Commons Annotations {5.0.1.Final}
2018-08-28 10:33:20.026  INFO Vtyc-Qiu-7460 --- [           main] o.h.d.Dialect                            : HHH000400: Using dialect: org.hibernate.dialect.SQLServer2012Dialect
2018-08-28 10:33:20.291  INFO Vtyc-Qiu-7460 --- [           main] j.LocalContainerEntityManagerFactoryBean : Initialized JPA EntityManagerFactory for persistence unit 'default'
2018-08-28 10:33:20.311  INFO Vtyc-Qiu-7460 --- [           main] o.s.j.d.DriverManagerDataSource          : Loaded JDBC driver: com.microsoft.sqlserver.jdbc.SQLServerDriver
2018-08-28 10:33:20.312  INFO Vtyc-Qiu-7460 --- [           main] o.s.j.d.DriverManagerDataSource          : Loaded JDBC driver: com.microsoft.sqlserver.jdbc.SQLServerDriver
2018-08-28 10:33:20.747  INFO Vtyc-Qiu-7460 --- [           main] s.w.s.m.m.a.RequestMappingHandlerAdapter : Looking for @ControllerAdvice: org.springframework.boot.web.servlet.context.AnnotationConfigServletWebServerApplicationContext@313b2ea6: startup date [Tue Aug 28 10:33:15 CST 2018]; root of context hierarchy
2018-08-28 10:33:20.774  WARN Vtyc-Qiu-7460 --- [           main] aWebConfiguration$JpaWebMvcConfiguration : spring.jpa.open-in-view is enabled by default. Therefore, database queries may be performed during view rendering. Explicitly configure spring.jpa.open-in-view to disable this warning
2018-08-28 10:33:20.827  INFO Vtyc-Qiu-7460 --- [           main] s.w.s.m.m.a.RequestMappingHandlerMapping : Mapped "{[/CQ/api],methods=[GET]}" onto public java.lang.String com.vtyc.controller.CQProlinkSQLController.getAllApi()
2018-08-28 10:33:20.830  INFO Vtyc-Qiu-7460 --- [           main] s.w.s.m.m.a.RequestMappingHandlerMapping : Mapped "{[/CQ/pt/{id}],methods=[GET]}" onto public java.lang.String com.vtyc.controller.CQProlinkSQLController.checkPartNum(java.lang.String)
2018-08-28 10:33:20.830  INFO Vtyc-Qiu-7460 --- [           main] s.w.s.m.m.a.RequestMappingHandlerMapping : Mapped "{[/CQ/count_pt],methods=[GET]}" onto public java.lang.String com.vtyc.controller.CQProlinkSQLController.getCountPt()
2018-08-28 10:33:20.830  INFO Vtyc-Qiu-7460 --- [           main] s.w.s.m.m.a.RequestMappingHandlerMapping : Mapped "{[/CQ/productionDayAll/{s_date}],methods=[GET]}" onto public java.lang.String com.vtyc.controller.CQProlinkSQLController.getProductionByDayAll(java.lang.String)
2018-08-28 10:33:20.830  INFO Vtyc-Qiu-7460 --- [           main] s.w.s.m.m.a.RequestMappingHandlerMapping : Mapped "{[/CQ/productionNightAll/{s_date}],methods=[GET]}" onto public java.lang.String com.vtyc.controller.CQProlinkSQLController.getProductionByNightAll(java.lang.String)
2018-08-28 10:33:20.831  INFO Vtyc-Qiu-7460 --- [           main] s.w.s.m.m.a.RequestMappingHandlerMapping : Mapped "{[/CQ/costcenterToWorkcenters/{costcenter}],methods=[GET]}" onto public java.lang.String com.vtyc.controller.CQProlinkSQLController.costcenterToWorkcenters(java.lang.String)
2018-08-28 10:33:20.831  INFO Vtyc-Qiu-7460 --- [           main] s.w.s.m.m.a.RequestMappingHandlerMapping : Mapped "{[/CQ/wcs],methods=[GET]}" onto public java.lang.String com.vtyc.controller.CQProlinkSQLController.getAllWorkcenters()
2018-08-28 10:33:20.831  INFO Vtyc-Qiu-7460 --- [           main] s.w.s.m.m.a.RequestMappingHandlerMapping : Mapped "{[/CQ/productionDay/{workcenter}/{s_date}],methods=[GET]}" onto public java.lang.String com.vtyc.controller.CQProlinkSQLController.getProductionByDay(java.lang.String,java.lang.String)
2018-08-28 10:33:20.831  INFO Vtyc-Qiu-7460 --- [           main] s.w.s.m.m.a.RequestMappingHandlerMapping : Mapped "{[/CQ/wc/{wc_id}],methods=[GET]}" onto public java.lang.String com.vtyc.controller.CQProlinkSQLController.getWorkcenterDesc(java.lang.String)
2018-08-28 10:33:20.832  INFO Vtyc-Qiu-7460 --- [           main] s.w.s.m.m.a.RequestMappingHandlerMapping : Mapped "{[/CQ/productionNight/{workcenter}/{s_date}],methods=[GET]}" onto public java.lang.String com.vtyc.controller.CQProlinkSQLController.getProductionByNight(java.lang.String,java.lang.String)
2018-08-28 10:33:20.832  INFO Vtyc-Qiu-7460 --- [           main] s.w.s.m.m.a.RequestMappingHandlerMapping : Mapped "{[/CQ/wc_wcd],methods=[GET]}" onto public java.lang.String com.vtyc.controller.CQProlinkSQLController.getAllWorkcenterWorkcenterDecs()
2018-08-28 10:33:20.837  INFO Vtyc-Qiu-7460 --- [           main] s.w.s.m.m.a.RequestMappingHandlerMapping : Mapped "{[/CZ/api],methods=[GET]}" onto public java.lang.String com.vtyc.controller.CzProlinkSQLController.getAllApi()
2018-08-28 10:33:20.837  INFO Vtyc-Qiu-7460 --- [           main] s.w.s.m.m.a.RequestMappingHandlerMapping : Mapped "{[/CZ/pt/{id}],methods=[GET]}" onto public java.lang.String com.vtyc.controller.CzProlinkSQLController.checkPartNum(java.lang.String)
2018-08-28 10:33:20.837  INFO Vtyc-Qiu-7460 --- [           main] s.w.s.m.m.a.RequestMappingHandlerMapping : Mapped "{[/CZ/count_pt],methods=[GET]}" onto public java.lang.String com.vtyc.controller.CzProlinkSQLController.getCountPt()
2018-08-28 10:33:20.838  INFO Vtyc-Qiu-7460 --- [           main] s.w.s.m.m.a.RequestMappingHandlerMapping : Mapped "{[/CZ/productionDayAll/{s_date}],methods=[GET]}" onto public java.lang.String com.vtyc.controller.CzProlinkSQLController.getProductionByDayAll(java.lang.String)
2018-08-28 10:33:20.838  INFO Vtyc-Qiu-7460 --- [           main] s.w.s.m.m.a.RequestMappingHandlerMapping : Mapped "{[/CZ/productionNightAll/{s_date}],methods=[GET]}" onto public java.lang.String com.vtyc.controller.CzProlinkSQLController.getProductionByNightAll(java.lang.String)
2018-08-28 10:33:20.838  INFO Vtyc-Qiu-7460 --- [           main] s.w.s.m.m.a.RequestMappingHandlerMapping : Mapped "{[/CZ/costcenterToWorkcenters/{costcenter}],methods=[GET]}" onto public java.lang.String com.vtyc.controller.CzProlinkSQLController.costcenterToWorkcenters(java.lang.String)
2018-08-28 10:33:20.838  INFO Vtyc-Qiu-7460 --- [           main] s.w.s.m.m.a.RequestMappingHandlerMapping : Mapped "{[/CZ/wcs],methods=[GET]}" onto public java.lang.String com.vtyc.controller.CzProlinkSQLController.getAllWorkcenters()
2018-08-28 10:33:20.839  INFO Vtyc-Qiu-7460 --- [           main] s.w.s.m.m.a.RequestMappingHandlerMapping : Mapped "{[/CZ/productionDay/{workcenter}/{s_date}],methods=[GET]}" onto public java.lang.String com.vtyc.controller.CzProlinkSQLController.getProductionByDay(java.lang.String,java.lang.String)
2018-08-28 10:33:20.839  INFO Vtyc-Qiu-7460 --- [           main] s.w.s.m.m.a.RequestMappingHandlerMapping : Mapped "{[/CZ/wc/{wc_id}],methods=[GET]}" onto public java.lang.String com.vtyc.controller.CzProlinkSQLController.getWorkcenterDesc(java.lang.String)
2018-08-28 10:33:20.839  INFO Vtyc-Qiu-7460 --- [           main] s.w.s.m.m.a.RequestMappingHandlerMapping : Mapped "{[/CZ/productionNight/{workcenter}/{s_date}],methods=[GET]}" onto public java.lang.String com.vtyc.controller.CzProlinkSQLController.getProductionByNight(java.lang.String,java.lang.String)
2018-08-28 10:33:20.839  INFO Vtyc-Qiu-7460 --- [           main] s.w.s.m.m.a.RequestMappingHandlerMapping : Mapped "{[/CZ/wc_wcd],methods=[GET]}" onto public java.lang.String com.vtyc.controller.CzProlinkSQLController.getAllWorkcenterWorkcenterDecs()
2018-08-28 10:33:20.840  INFO Vtyc-Qiu-7460 --- [           main] s.w.s.m.m.a.RequestMappingHandlerMapping : Mapped "{[/simpleemail]}" onto public java.lang.String com.vtyc.controller.QQEmailController.home()
2018-08-28 10:33:20.840  INFO Vtyc-Qiu-7460 --- [           main] s.w.s.m.m.a.RequestMappingHandlerMapping : Mapped "{[/vtycemail]}" onto public java.lang.String com.vtyc.controller.VtycEmailController.home()
2018-08-28 10:33:20.843  INFO Vtyc-Qiu-7460 --- [           main] s.w.s.m.m.a.RequestMappingHandlerMapping : Mapped "{[/error]}" onto public org.springframework.http.ResponseEntity<java.util.Map<java.lang.String, java.lang.Object>> org.springframework.boot.autoconfigure.web.servlet.error.BasicErrorController.error(javax.servlet.http.HttpServletRequest)
2018-08-28 10:33:20.844  INFO Vtyc-Qiu-7460 --- [           main] s.w.s.m.m.a.RequestMappingHandlerMapping : Mapped "{[/error],produces=[text/html]}" onto public org.springframework.web.servlet.ModelAndView org.springframework.boot.autoconfigure.web.servlet.error.BasicErrorController.errorHtml(javax.servlet.http.HttpServletRequest,javax.servlet.http.HttpServletResponse)
2018-08-28 10:33:20.884  INFO Vtyc-Qiu-7460 --- [           main] o.s.w.s.h.SimpleUrlHandlerMapping        : Mapped URL path [/webjars/**] onto handler of type [class org.springframework.web.servlet.resource.ResourceHttpRequestHandler]
2018-08-28 10:33:20.884  INFO Vtyc-Qiu-7460 --- [           main] o.s.w.s.h.SimpleUrlHandlerMapping        : Mapped URL path [/**] onto handler of type [class org.springframework.web.servlet.resource.ResourceHttpRequestHandler]
2018-08-28 10:33:20.931  INFO Vtyc-Qiu-7460 --- [           main] o.s.w.s.h.SimpleUrlHandlerMapping        : Mapped URL path [/**/favicon.ico] onto handler of type [class org.springframework.web.servlet.resource.ResourceHttpRequestHandler]
2018-08-28 10:33:21.280  INFO Vtyc-Qiu-7460 --- [           main] o.s.j.e.a.AnnotationMBeanExporter        : Registering beans for JMX exposure on startup
2018-08-28 10:33:21.302  INFO Vtyc-Qiu-7460 --- [           main] o.a.c.h.Http11NioProtocol                : Starting ProtocolHandler ["http-nio-9999"]
2018-08-28 10:33:21.313  INFO Vtyc-Qiu-7460 --- [           main] o.a.t.u.n.NioSelectorPool                : Using a shared selector for servlet write/read
2018-08-28 10:33:21.333  INFO Vtyc-Qiu-7460 --- [           main] o.s.b.w.e.t.TomcatWebServer              : Tomcat started on port(s): 9999 (http) with context path ''
2018-08-28 10:33:21.336  INFO Vtyc-Qiu-7460 --- [           main] c.v.SqlserverApplication                 : Started SqlserverApplication in 6.64 seconds (JVM running for 9.569)
2018-08-28 10:33:35.989  INFO Vtyc-Qiu-7460 --- [nio-9999-exec-2] o.a.c.c.C.[.[.[/]                        : Initializing Spring FrameworkServlet 'dispatcherServlet'
2018-08-28 10:33:35.989  INFO Vtyc-Qiu-7460 --- [nio-9999-exec-2] o.s.w.s.DispatcherServlet                : FrameworkServlet 'dispatcherServlet': initialization started
2018-08-28 10:33:36.006  INFO Vtyc-Qiu-7460 --- [nio-9999-exec-2] o.s.w.s.DispatcherServlet                : FrameworkServlet 'dispatcherServlet': initialization completed in 17 ms
2018-08-28 10:34:23.976  INFO Vtyc-Qiu-7460 --- [           main] c.v.SqlserverApplication                 : Info log
2018-08-28 10:34:23.981  WARN Vtyc-Qiu-7460 --- [           main] c.v.SqlserverApplication                 : Hey, This is a warning!
2018-08-28 10:34:23.983 ERROR Vtyc-Qiu-7460 --- [           main] c.v.SqlserverApplication                 : Oops! We have an Error. OK
2018-08-28 10:34:23.983 FATAL Vtyc-Qiu-7460 --- [           main] c.v.SqlserverApplication                 : Damn! Fatal error. Please fix me.
2018-08-28 10:34:24.640  INFO Vtyc-Qiu-7460 --- [           main] c.v.SqlserverApplication                 : Starting SqlserverApplication on Vtyc-Qiu-7460 with PID 1828 (D:\work\qiuuqan\projects\sqlserver\target\classes started by tmc10427 in D:\work\qiuuqan\projects\sqlserver)
2018-08-28 10:34:24.641  INFO Vtyc-Qiu-7460 --- [           main] c.v.SqlserverApplication                 : No active profile set, falling back to default profiles: default
2018-08-28 10:34:24.722  INFO Vtyc-Qiu-7460 --- [           main] ConfigServletWebServerApplicationContext : Refreshing org.springframework.boot.web.servlet.context.AnnotationConfigServletWebServerApplicationContext@36b4fe2a: startup date [Tue Aug 28 10:34:24 CST 2018]; root of context hierarchy
2018-08-28 10:34:25.875  INFO Vtyc-Qiu-7460 --- [           main] trationDelegate$BeanPostProcessorChecker : Bean 'org.springframework.transaction.annotation.ProxyTransactionManagementConfiguration' of type [org.springframework.transaction.annotation.ProxyTransactionManagementConfiguration$$EnhancerBySpringCGLIB$$94113f8e] is not eligible for getting processed by all BeanPostProcessors (for example: not eligible for auto-proxying)
2018-08-28 10:34:26.142  INFO Vtyc-Qiu-7460 --- [           main] o.s.b.w.e.t.TomcatWebServer              : Tomcat initialized with port(s): 9999 (http)
2018-08-28 10:34:26.154  INFO Vtyc-Qiu-7460 --- [           main] o.a.c.h.Http11NioProtocol                : Initializing ProtocolHandler ["http-nio-9999"]
2018-08-28 10:34:26.162  INFO Vtyc-Qiu-7460 --- [           main] o.a.c.c.StandardService                  : Starting service [Tomcat]
2018-08-28 10:34:26.163  INFO Vtyc-Qiu-7460 --- [           main] o.a.c.c.StandardEngine                   : Starting Servlet Engine: Apache Tomcat/8.5.28
2018-08-28 10:34:26.169  INFO Vtyc-Qiu-7460 --- [ost-startStop-1] o.a.c.c.AprLifecycleListener             : Loaded APR based Apache Tomcat Native library [1.2.16] using APR version [1.6.3].
2018-08-28 10:34:26.170  INFO Vtyc-Qiu-7460 --- [ost-startStop-1] o.a.c.c.AprLifecycleListener             : APR capabilities: IPv6 [true], sendfile [true], accept filters [false], random [true].
2018-08-28 10:34:26.170  INFO Vtyc-Qiu-7460 --- [ost-startStop-1] o.a.c.c.AprLifecycleListener             : APR/OpenSSL configuration: useAprConnector [false], useOpenSSL [true]
2018-08-28 10:34:27.221  INFO Vtyc-Qiu-7460 --- [ost-startStop-1] o.a.c.c.AprLifecycleListener             : OpenSSL successfully initialized [OpenSSL 1.0.2m  2 Nov 2017]
2018-08-28 10:34:27.327  INFO Vtyc-Qiu-7460 --- [ost-startStop-1] o.a.c.c.C.[.[.[/]                        : Initializing Spring embedded WebApplicationContext
2018-08-28 10:34:27.327  INFO Vtyc-Qiu-7460 --- [ost-startStop-1] o.s.w.c.ContextLoader                    : Root WebApplicationContext: initialization completed in 2611 ms
2018-08-28 10:34:27.449  INFO Vtyc-Qiu-7460 --- [ost-startStop-1] o.s.b.w.s.ServletRegistrationBean        : Servlet dispatcherServlet mapped to [/]
2018-08-28 10:34:27.453  INFO Vtyc-Qiu-7460 --- [ost-startStop-1] o.s.b.w.s.FilterRegistrationBean         : Mapping filter: 'characterEncodingFilter' to: [/*]
2018-08-28 10:34:27.453  INFO Vtyc-Qiu-7460 --- [ost-startStop-1] o.s.b.w.s.FilterRegistrationBean         : Mapping filter: 'hiddenHttpMethodFilter' to: [/*]
2018-08-28 10:34:27.453  INFO Vtyc-Qiu-7460 --- [ost-startStop-1] o.s.b.w.s.FilterRegistrationBean         : Mapping filter: 'httpPutFormContentFilter' to: [/*]
2018-08-28 10:34:27.453  INFO Vtyc-Qiu-7460 --- [ost-startStop-1] o.s.b.w.s.FilterRegistrationBean         : Mapping filter: 'requestContextFilter' to: [/*]
2018-08-28 10:34:27.551  INFO Vtyc-Qiu-7460 --- [           main] o.s.j.d.DriverManagerDataSource          : Loaded JDBC driver: com.microsoft.sqlserver.jdbc.SQLServerDriver
2018-08-28 10:34:27.557  INFO Vtyc-Qiu-7460 --- [           main] o.s.j.d.DriverManagerDataSource          : Loaded JDBC driver: com.microsoft.sqlserver.jdbc.SQLServerDriver
2018-08-28 10:34:28.007  INFO Vtyc-Qiu-7460 --- [           main] j.LocalContainerEntityManagerFactoryBean : Building JPA container EntityManagerFactory for persistence unit 'default'
2018-08-28 10:34:28.018  INFO Vtyc-Qiu-7460 --- [           main] o.h.j.i.u.LogHelper                      : HHH000204: Processing PersistenceUnitInfo [
	name: default
	...]
2018-08-28 10:34:28.072  INFO Vtyc-Qiu-7460 --- [           main] o.h.Version                              : HHH000412: Hibernate Core {5.2.14.Final}
2018-08-28 10:34:28.074  INFO Vtyc-Qiu-7460 --- [           main] o.h.c.Environment                        : HHH000206: hibernate.properties not found
2018-08-28 10:34:28.104  INFO Vtyc-Qiu-7460 --- [           main] o.h.a.c.Version                          : HCANN000001: Hibernate Commons Annotations {5.0.1.Final}
2018-08-28 10:34:28.219  INFO Vtyc-Qiu-7460 --- [           main] o.h.d.Dialect                            : HHH000400: Using dialect: org.hibernate.dialect.SQLServer2012Dialect
2018-08-28 10:34:28.434  INFO Vtyc-Qiu-7460 --- [           main] j.LocalContainerEntityManagerFactoryBean : Initialized JPA EntityManagerFactory for persistence unit 'default'
2018-08-28 10:34:28.457  INFO Vtyc-Qiu-7460 --- [           main] o.s.j.d.DriverManagerDataSource          : Loaded JDBC driver: com.microsoft.sqlserver.jdbc.SQLServerDriver
2018-08-28 10:34:28.459  INFO Vtyc-Qiu-7460 --- [           main] o.s.j.d.DriverManagerDataSource          : Loaded JDBC driver: com.microsoft.sqlserver.jdbc.SQLServerDriver
2018-08-28 10:34:28.856  INFO Vtyc-Qiu-7460 --- [           main] s.w.s.m.m.a.RequestMappingHandlerAdapter : Looking for @ControllerAdvice: org.springframework.boot.web.servlet.context.AnnotationConfigServletWebServerApplicationContext@36b4fe2a: startup date [Tue Aug 28 10:34:24 CST 2018]; root of context hierarchy
2018-08-28 10:34:28.890  WARN Vtyc-Qiu-7460 --- [           main] aWebConfiguration$JpaWebMvcConfiguration : spring.jpa.open-in-view is enabled by default. Therefore, database queries may be performed during view rendering. Explicitly configure spring.jpa.open-in-view to disable this warning
2018-08-28 10:34:28.934  INFO Vtyc-Qiu-7460 --- [           main] s.w.s.m.m.a.RequestMappingHandlerMapping : Mapped "{[/CQ/api],methods=[GET]}" onto public java.lang.String com.vtyc.controller.CQProlinkSQLController.getAllApi()
2018-08-28 10:34:28.935  INFO Vtyc-Qiu-7460 --- [           main] s.w.s.m.m.a.RequestMappingHandlerMapping : Mapped "{[/CQ/count_pt],methods=[GET]}" onto public java.lang.String com.vtyc.controller.CQProlinkSQLController.getCountPt()
2018-08-28 10:34:28.937  INFO Vtyc-Qiu-7460 --- [           main] s.w.s.m.m.a.RequestMappingHandlerMapping : Mapped "{[/CQ/pt/{id}],methods=[GET]}" onto public java.lang.String com.vtyc.controller.CQProlinkSQLController.checkPartNum(java.lang.String)
2018-08-28 10:34:28.937  INFO Vtyc-Qiu-7460 --- [           main] s.w.s.m.m.a.RequestMappingHandlerMapping : Mapped "{[/CQ/productionDayAll/{s_date}],methods=[GET]}" onto public java.lang.String com.vtyc.controller.CQProlinkSQLController.getProductionByDayAll(java.lang.String)
2018-08-28 10:34:28.937  INFO Vtyc-Qiu-7460 --- [           main] s.w.s.m.m.a.RequestMappingHandlerMapping : Mapped "{[/CQ/wc_wcd],methods=[GET]}" onto public java.lang.String com.vtyc.controller.CQProlinkSQLController.getAllWorkcenterWorkcenterDecs()
2018-08-28 10:34:28.937  INFO Vtyc-Qiu-7460 --- [           main] s.w.s.m.m.a.RequestMappingHandlerMapping : Mapped "{[/CQ/wc/{wc_id}],methods=[GET]}" onto public java.lang.String com.vtyc.controller.CQProlinkSQLController.getWorkcenterDesc(java.lang.String)
2018-08-28 10:34:28.938  INFO Vtyc-Qiu-7460 --- [           main] s.w.s.m.m.a.RequestMappingHandlerMapping : Mapped "{[/CQ/wcs],methods=[GET]}" onto public java.lang.String com.vtyc.controller.CQProlinkSQLController.getAllWorkcenters()
2018-08-28 10:34:28.938  INFO Vtyc-Qiu-7460 --- [           main] s.w.s.m.m.a.RequestMappingHandlerMapping : Mapped "{[/CQ/productionNight/{workcenter}/{s_date}],methods=[GET]}" onto public java.lang.String com.vtyc.controller.CQProlinkSQLController.getProductionByNight(java.lang.String,java.lang.String)
2018-08-28 10:34:28.938  INFO Vtyc-Qiu-7460 --- [           main] s.w.s.m.m.a.RequestMappingHandlerMapping : Mapped "{[/CQ/productionNightAll/{s_date}],methods=[GET]}" onto public java.lang.String com.vtyc.controller.CQProlinkSQLController.getProductionByNightAll(java.lang.String)
2018-08-28 10:34:28.938  INFO Vtyc-Qiu-7460 --- [           main] s.w.s.m.m.a.RequestMappingHandlerMapping : Mapped "{[/CQ/costcenterToWorkcenters/{costcenter}],methods=[GET]}" onto public java.lang.String com.vtyc.controller.CQProlinkSQLController.costcenterToWorkcenters(java.lang.String)
2018-08-28 10:34:28.939  INFO Vtyc-Qiu-7460 --- [           main] s.w.s.m.m.a.RequestMappingHandlerMapping : Mapped "{[/CQ/productionDay/{workcenter}/{s_date}],methods=[GET]}" onto public java.lang.String com.vtyc.controller.CQProlinkSQLController.getProductionByDay(java.lang.String,java.lang.String)
2018-08-28 10:34:28.944  INFO Vtyc-Qiu-7460 --- [           main] s.w.s.m.m.a.RequestMappingHandlerMapping : Mapped "{[/CZ/api],methods=[GET]}" onto public java.lang.String com.vtyc.controller.CzProlinkSQLController.getAllApi()
2018-08-28 10:34:28.944  INFO Vtyc-Qiu-7460 --- [           main] s.w.s.m.m.a.RequestMappingHandlerMapping : Mapped "{[/CZ/count_pt],methods=[GET]}" onto public java.lang.String com.vtyc.controller.CzProlinkSQLController.getCountPt()
2018-08-28 10:34:28.945  INFO Vtyc-Qiu-7460 --- [           main] s.w.s.m.m.a.RequestMappingHandlerMapping : Mapped "{[/CZ/pt/{id}],methods=[GET]}" onto public java.lang.String com.vtyc.controller.CzProlinkSQLController.checkPartNum(java.lang.String)
2018-08-28 10:34:28.945  INFO Vtyc-Qiu-7460 --- [           main] s.w.s.m.m.a.RequestMappingHandlerMapping : Mapped "{[/CZ/productionDayAll/{s_date}],methods=[GET]}" onto public java.lang.String com.vtyc.controller.CzProlinkSQLController.getProductionByDayAll(java.lang.String)
2018-08-28 10:34:28.945  INFO Vtyc-Qiu-7460 --- [           main] s.w.s.m.m.a.RequestMappingHandlerMapping : Mapped "{[/CZ/wc_wcd],methods=[GET]}" onto public java.lang.String com.vtyc.controller.CzProlinkSQLController.getAllWorkcenterWorkcenterDecs()
2018-08-28 10:34:28.946  INFO Vtyc-Qiu-7460 --- [           main] s.w.s.m.m.a.RequestMappingHandlerMapping : Mapped "{[/CZ/wc/{wc_id}],methods=[GET]}" onto public java.lang.String com.vtyc.controller.CzProlinkSQLController.getWorkcenterDesc(java.lang.String)
2018-08-28 10:34:28.946  INFO Vtyc-Qiu-7460 --- [           main] s.w.s.m.m.a.RequestMappingHandlerMapping : Mapped "{[/CZ/wcs],methods=[GET]}" onto public java.lang.String com.vtyc.controller.CzProlinkSQLController.getAllWorkcenters()
2018-08-28 10:34:28.946  INFO Vtyc-Qiu-7460 --- [           main] s.w.s.m.m.a.RequestMappingHandlerMapping : Mapped "{[/CZ/productionNight/{workcenter}/{s_date}],methods=[GET]}" onto public java.lang.String com.vtyc.controller.CzProlinkSQLController.getProductionByNight(java.lang.String,java.lang.String)
2018-08-28 10:34:28.946  INFO Vtyc-Qiu-7460 --- [           main] s.w.s.m.m.a.RequestMappingHandlerMapping : Mapped "{[/CZ/productionNightAll/{s_date}],methods=[GET]}" onto public java.lang.String com.vtyc.controller.CzProlinkSQLController.getProductionByNightAll(java.lang.String)
2018-08-28 10:34:28.947  INFO Vtyc-Qiu-7460 --- [           main] s.w.s.m.m.a.RequestMappingHandlerMapping : Mapped "{[/CZ/costcenterToWorkcenters/{costcenter}],methods=[GET]}" onto public java.lang.String com.vtyc.controller.CzProlinkSQLController.costcenterToWorkcenters(java.lang.String)
2018-08-28 10:34:28.947  INFO Vtyc-Qiu-7460 --- [           main] s.w.s.m.m.a.RequestMappingHandlerMapping : Mapped "{[/CZ/productionDay/{workcenter}/{s_date}],methods=[GET]}" onto public java.lang.String com.vtyc.controller.CzProlinkSQLController.getProductionByDay(java.lang.String,java.lang.String)
2018-08-28 10:34:28.947  INFO Vtyc-Qiu-7460 --- [           main] s.w.s.m.m.a.RequestMappingHandlerMapping : Mapped "{[/simpleemail]}" onto public java.lang.String com.vtyc.controller.QQEmailController.home()
2018-08-28 10:34:28.948  INFO Vtyc-Qiu-7460 --- [           main] s.w.s.m.m.a.RequestMappingHandlerMapping : Mapped "{[/vtycemail]}" onto public java.lang.String com.vtyc.controller.VtycEmailController.home()
2018-08-28 10:34:28.951  INFO Vtyc-Qiu-7460 --- [           main] s.w.s.m.m.a.RequestMappingHandlerMapping : Mapped "{[/error]}" onto public org.springframework.http.ResponseEntity<java.util.Map<java.lang.String, java.lang.Object>> org.springframework.boot.autoconfigure.web.servlet.error.BasicErrorController.error(javax.servlet.http.HttpServletRequest)
2018-08-28 10:34:28.952  INFO Vtyc-Qiu-7460 --- [           main] s.w.s.m.m.a.RequestMappingHandlerMapping : Mapped "{[/error],produces=[text/html]}" onto public org.springframework.web.servlet.ModelAndView org.springframework.boot.autoconfigure.web.servlet.error.BasicErrorController.errorHtml(javax.servlet.http.HttpServletRequest,javax.servlet.http.HttpServletResponse)
2018-08-28 10:34:28.991  INFO Vtyc-Qiu-7460 --- [           main] o.s.w.s.h.SimpleUrlHandlerMapping        : Mapped URL path [/webjars/**] onto handler of type [class org.springframework.web.servlet.resource.ResourceHttpRequestHandler]
2018-08-28 10:34:28.991  INFO Vtyc-Qiu-7460 --- [           main] o.s.w.s.h.SimpleUrlHandlerMapping        : Mapped URL path [/**] onto handler of type [class org.springframework.web.servlet.resource.ResourceHttpRequestHandler]
2018-08-28 10:34:29.029  INFO Vtyc-Qiu-7460 --- [           main] o.s.w.s.h.SimpleUrlHandlerMapping        : Mapped URL path [/**/favicon.ico] onto handler of type [class org.springframework.web.servlet.resource.ResourceHttpRequestHandler]
2018-08-28 10:34:29.343  INFO Vtyc-Qiu-7460 --- [           main] o.s.j.e.a.AnnotationMBeanExporter        : Registering beans for JMX exposure on startup
2018-08-28 10:34:29.357  INFO Vtyc-Qiu-7460 --- [           main] o.a.c.h.Http11NioProtocol                : Starting ProtocolHandler ["http-nio-9999"]
2018-08-28 10:34:29.365  INFO Vtyc-Qiu-7460 --- [           main] o.a.t.u.n.NioSelectorPool                : Using a shared selector for servlet write/read
2018-08-28 10:34:29.378  INFO Vtyc-Qiu-7460 --- [           main] o.s.b.w.e.t.TomcatWebServer              : Tomcat started on port(s): 9999 (http) with context path ''
2018-08-28 10:34:29.381  INFO Vtyc-Qiu-7460 --- [           main] c.v.SqlserverApplication                 : Started SqlserverApplication in 5.292 seconds (JVM running for 6.46)
2018-08-28 10:34:34.107  INFO Vtyc-Qiu-7460 --- [nio-9999-exec-1] o.a.c.c.C.[.[.[/]                        : Initializing Spring FrameworkServlet 'dispatcherServlet'
2018-08-28 10:34:34.107  INFO Vtyc-Qiu-7460 --- [nio-9999-exec-1] o.s.w.s.DispatcherServlet                : FrameworkServlet 'dispatcherServlet': initialization started
2018-08-28 10:34:34.127  INFO Vtyc-Qiu-7460 --- [nio-9999-exec-1] o.s.w.s.DispatcherServlet                : FrameworkServlet 'dispatcherServlet': initialization completed in 20 ms
2018-08-28 10:35:38.917  INFO Vtyc-Qiu-7460 --- [           main] .b.t.c.SpringBootTestContextBootstrapper : Neither @ContextConfiguration nor @ContextHierarchy found for test class [com.vtyc.SqlserverApplicationTests], using SpringBootContextLoader
2018-08-28 10:35:38.929  INFO Vtyc-Qiu-7460 --- [           main] o.s.t.c.s.AbstractContextLoader          : Could not detect default resource locations for test class [com.vtyc.SqlserverApplicationTests]: no resource found for suffixes {-context.xml, Context.groovy}.
2018-08-28 10:35:38.932  INFO Vtyc-Qiu-7460 --- [           main] t.c.s.AnnotationConfigContextLoaderUtils : Could not detect default configuration classes for test class [com.vtyc.SqlserverApplicationTests]: SqlserverApplicationTests does not declare any static, non-private, non-final, nested classes annotated with @Configuration.
2018-08-28 10:35:39.074  INFO Vtyc-Qiu-7460 --- [           main] .b.t.c.SpringBootTestContextBootstrapper : Found @SpringBootConfiguration com.vtyc.SqlserverApplication for test class com.vtyc.SqlserverApplicationTests
2018-08-28 10:35:39.221  INFO Vtyc-Qiu-7460 --- [           main] .b.t.c.SpringBootTestContextBootstrapper : Loaded default TestExecutionListener class names from location [META-INF/spring.factories]: [org.springframework.boot.test.mock.mockito.MockitoTestExecutionListener, org.springframework.boot.test.mock.mockito.ResetMocksTestExecutionListener, org.springframework.boot.test.autoconfigure.restdocs.RestDocsTestExecutionListener, org.springframework.boot.test.autoconfigure.web.client.MockRestServiceServerResetTestExecutionListener, org.springframework.boot.test.autoconfigure.web.servlet.MockMvcPrintOnlyOnFailureTestExecutionListener, org.springframework.boot.test.autoconfigure.web.servlet.WebDriverTestExecutionListener, org.springframework.test.context.web.ServletTestExecutionListener, org.springframework.test.context.support.DirtiesContextBeforeModesTestExecutionListener, org.springframework.test.context.support.DependencyInjectionTestExecutionListener, org.springframework.test.context.support.DirtiesContextTestExecutionListener, org.springframework.test.context.transaction.TransactionalTestExecutionListener, org.springframework.test.context.jdbc.SqlScriptsTestExecutionListener]
2018-08-28 10:35:39.254  INFO Vtyc-Qiu-7460 --- [           main] .b.t.c.SpringBootTestContextBootstrapper : Using TestExecutionListeners: [org.springframework.test.context.web.ServletTestExecutionListener@29f7cefd, org.springframework.test.context.support.DirtiesContextBeforeModesTestExecutionListener@700fb871, org.springframework.boot.test.mock.mockito.MockitoTestExecutionListener@3b35a229, org.springframework.boot.test.autoconfigure.SpringBootDependencyInjectionTestExecutionListener@9816741, org.springframework.test.context.support.DirtiesContextTestExecutionListener@1e16c0aa, org.springframework.test.context.transaction.TransactionalTestExecutionListener@13d73f29, org.springframework.test.context.jdbc.SqlScriptsTestExecutionListener@565f390, org.springframework.boot.test.mock.mockito.ResetMocksTestExecutionListener@7dc3712, org.springframework.boot.test.autoconfigure.restdocs.RestDocsTestExecutionListener@2f67a4d3, org.springframework.boot.test.autoconfigure.web.client.MockRestServiceServerResetTestExecutionListener@5e3f861, org.springframework.boot.test.autoconfigure.web.servlet.MockMvcPrintOnlyOnFailureTestExecutionListener@2fb0623e, org.springframework.boot.test.autoconfigure.web.servlet.WebDriverTestExecutionListener@49b2a47d]
2018-08-28 10:35:39.602  INFO Vtyc-Qiu-7460 --- [           main] c.v.SqlserverApplicationTests            : Starting SqlserverApplicationTests on Vtyc-Qiu-7460 with PID 10676 (started by tmc10427 in D:\work\qiuuqan\projects\sqlserver)
2018-08-28 10:35:39.603  INFO Vtyc-Qiu-7460 --- [           main] c.v.SqlserverApplicationTests            : No active profile set, falling back to default profiles: default
2018-08-28 10:35:39.713  INFO Vtyc-Qiu-7460 --- [           main] o.s.w.c.s.GenericWebApplicationContext   : Refreshing org.springframework.web.context.support.GenericWebApplicationContext@56c4278e: startup date [Tue Aug 28 10:35:39 CST 2018]; root of context hierarchy
2018-08-28 10:35:41.637  INFO Vtyc-Qiu-7460 --- [           main] trationDelegate$BeanPostProcessorChecker : Bean 'org.springframework.transaction.annotation.ProxyTransactionManagementConfiguration' of type [org.springframework.transaction.annotation.ProxyTransactionManagementConfiguration$$EnhancerBySpringCGLIB$$f3e468b6] is not eligible for getting processed by all BeanPostProcessors (for example: not eligible for auto-proxying)
2018-08-28 10:35:41.849  INFO Vtyc-Qiu-7460 --- [           main] o.s.j.d.DriverManagerDataSource          : Loaded JDBC driver: com.microsoft.sqlserver.jdbc.SQLServerDriver
2018-08-28 10:35:41.902  INFO Vtyc-Qiu-7460 --- [           main] o.s.j.d.DriverManagerDataSource          : Loaded JDBC driver: com.microsoft.sqlserver.jdbc.SQLServerDriver
2018-08-28 10:35:42.668  INFO Vtyc-Qiu-7460 --- [           main] j.LocalContainerEntityManagerFactoryBean : Building JPA container EntityManagerFactory for persistence unit 'default'
2018-08-28 10:35:42.691  INFO Vtyc-Qiu-7460 --- [           main] o.h.j.i.u.LogHelper                      : HHH000204: Processing PersistenceUnitInfo [
	name: default
	...]
2018-08-28 10:35:42.791  INFO Vtyc-Qiu-7460 --- [           main] o.h.Version                              : HHH000412: Hibernate Core {5.2.14.Final}
2018-08-28 10:35:42.793  INFO Vtyc-Qiu-7460 --- [           main] o.h.c.Environment                        : HHH000206: hibernate.properties not found
2018-08-28 10:35:42.852  INFO Vtyc-Qiu-7460 --- [           main] o.h.a.c.Version                          : HCANN000001: Hibernate Commons Annotations {5.0.1.Final}
2018-08-28 10:35:43.014  INFO Vtyc-Qiu-7460 --- [           main] o.h.d.Dialect                            : HHH000400: Using dialect: org.hibernate.dialect.SQLServer2012Dialect
2018-08-28 10:35:43.427  INFO Vtyc-Qiu-7460 --- [           main] j.LocalContainerEntityManagerFactoryBean : Initialized JPA EntityManagerFactory for persistence unit 'default'
2018-08-28 10:35:43.464  INFO Vtyc-Qiu-7460 --- [           main] o.s.j.d.DriverManagerDataSource          : Loaded JDBC driver: com.microsoft.sqlserver.jdbc.SQLServerDriver
2018-08-28 10:35:43.467  INFO Vtyc-Qiu-7460 --- [           main] o.s.j.d.DriverManagerDataSource          : Loaded JDBC driver: com.microsoft.sqlserver.jdbc.SQLServerDriver
2018-08-28 10:35:44.470  INFO Vtyc-Qiu-7460 --- [           main] s.w.s.m.m.a.RequestMappingHandlerAdapter : Looking for @ControllerAdvice: org.springframework.web.context.support.GenericWebApplicationContext@56c4278e: startup date [Tue Aug 28 10:35:39 CST 2018]; root of context hierarchy
2018-08-28 10:35:44.546  WARN Vtyc-Qiu-7460 --- [           main] aWebConfiguration$JpaWebMvcConfiguration : spring.jpa.open-in-view is enabled by default. Therefore, database queries may be performed during view rendering. Explicitly configure spring.jpa.open-in-view to disable this warning
2018-08-28 10:35:44.624  INFO Vtyc-Qiu-7460 --- [           main] s.w.s.m.m.a.RequestMappingHandlerMapping : Mapped "{[/CQ/wc_wcd],methods=[GET]}" onto public java.lang.String com.vtyc.controller.CQProlinkSQLController.getAllWorkcenterWorkcenterDecs()
2018-08-28 10:35:44.625  INFO Vtyc-Qiu-7460 --- [           main] s.w.s.m.m.a.RequestMappingHandlerMapping : Mapped "{[/CQ/productionNight/{workcenter}/{s_date}],methods=[GET]}" onto public java.lang.String com.vtyc.controller.CQProlinkSQLController.getProductionByNight(java.lang.String,java.lang.String)
2018-08-28 10:35:44.626  INFO Vtyc-Qiu-7460 --- [           main] s.w.s.m.m.a.RequestMappingHandlerMapping : Mapped "{[/CQ/productionNightAll/{s_date}],methods=[GET]}" onto public java.lang.String com.vtyc.controller.CQProlinkSQLController.getProductionByNightAll(java.lang.String)
2018-08-28 10:35:44.626  INFO Vtyc-Qiu-7460 --- [           main] s.w.s.m.m.a.RequestMappingHandlerMapping : Mapped "{[/CQ/wc/{wc_id}],methods=[GET]}" onto public java.lang.String com.vtyc.controller.CQProlinkSQLController.getWorkcenterDesc(java.lang.String)
2018-08-28 10:35:44.627  INFO Vtyc-Qiu-7460 --- [           main] s.w.s.m.m.a.RequestMappingHandlerMapping : Mapped "{[/CQ/productionDayAll/{s_date}],methods=[GET]}" onto public java.lang.String com.vtyc.controller.CQProlinkSQLController.getProductionByDayAll(java.lang.String)
2018-08-28 10:35:44.634  INFO Vtyc-Qiu-7460 --- [           main] s.w.s.m.m.a.RequestMappingHandlerMapping : Mapped "{[/CQ/wcs],methods=[GET]}" onto public java.lang.String com.vtyc.controller.CQProlinkSQLController.getAllWorkcenters()
2018-08-28 10:35:44.634  INFO Vtyc-Qiu-7460 --- [           main] s.w.s.m.m.a.RequestMappingHandlerMapping : Mapped "{[/CQ/costcenterToWorkcenters/{costcenter}],methods=[GET]}" onto public java.lang.String com.vtyc.controller.CQProlinkSQLController.costcenterToWorkcenters(java.lang.String)
2018-08-28 10:35:44.636  INFO Vtyc-Qiu-7460 --- [           main] s.w.s.m.m.a.RequestMappingHandlerMapping : Mapped "{[/CQ/productionDay/{workcenter}/{s_date}],methods=[GET]}" onto public java.lang.String com.vtyc.controller.CQProlinkSQLController.getProductionByDay(java.lang.String,java.lang.String)
2018-08-28 10:35:44.637  INFO Vtyc-Qiu-7460 --- [           main] s.w.s.m.m.a.RequestMappingHandlerMapping : Mapped "{[/CQ/count_pt],methods=[GET]}" onto public java.lang.String com.vtyc.controller.CQProlinkSQLController.getCountPt()
2018-08-28 10:35:44.640  INFO Vtyc-Qiu-7460 --- [           main] s.w.s.m.m.a.RequestMappingHandlerMapping : Mapped "{[/CQ/pt/{id}],methods=[GET]}" onto public java.lang.String com.vtyc.controller.CQProlinkSQLController.checkPartNum(java.lang.String)
2018-08-28 10:35:44.673  INFO Vtyc-Qiu-7460 --- [           main] s.w.s.m.m.a.RequestMappingHandlerMapping : Mapped "{[/CQ/api],methods=[GET]}" onto public java.lang.String com.vtyc.controller.CQProlinkSQLController.getAllApi()
2018-08-28 10:35:44.691  INFO Vtyc-Qiu-7460 --- [           main] s.w.s.m.m.a.RequestMappingHandlerMapping : Mapped "{[/CZ/wc_wcd],methods=[GET]}" onto public java.lang.String com.vtyc.controller.CzProlinkSQLController.getAllWorkcenterWorkcenterDecs()
2018-08-28 10:35:44.691  INFO Vtyc-Qiu-7460 --- [           main] s.w.s.m.m.a.RequestMappingHandlerMapping : Mapped "{[/CZ/productionNight/{workcenter}/{s_date}],methods=[GET]}" onto public java.lang.String com.vtyc.controller.CzProlinkSQLController.getProductionByNight(java.lang.String,java.lang.String)
2018-08-28 10:35:44.692  INFO Vtyc-Qiu-7460 --- [           main] s.w.s.m.m.a.RequestMappingHandlerMapping : Mapped "{[/CZ/productionNightAll/{s_date}],methods=[GET]}" onto public java.lang.String com.vtyc.controller.CzProlinkSQLController.getProductionByNightAll(java.lang.String)
2018-08-28 10:35:44.697  INFO Vtyc-Qiu-7460 --- [           main] s.w.s.m.m.a.RequestMappingHandlerMapping : Mapped "{[/CZ/wc/{wc_id}],methods=[GET]}" onto public java.lang.String com.vtyc.controller.CzProlinkSQLController.getWorkcenterDesc(java.lang.String)
2018-08-28 10:35:44.699  INFO Vtyc-Qiu-7460 --- [           main] s.w.s.m.m.a.RequestMappingHandlerMapping : Mapped "{[/CZ/productionDayAll/{s_date}],methods=[GET]}" onto public java.lang.String com.vtyc.controller.CzProlinkSQLController.getProductionByDayAll(java.lang.String)
2018-08-28 10:35:44.699  INFO Vtyc-Qiu-7460 --- [           main] s.w.s.m.m.a.RequestMappingHandlerMapping : Mapped "{[/CZ/wcs],methods=[GET]}" onto public java.lang.String com.vtyc.controller.CzProlinkSQLController.getAllWorkcenters()
2018-08-28 10:35:44.700  INFO Vtyc-Qiu-7460 --- [           main] s.w.s.m.m.a.RequestMappingHandlerMapping : Mapped "{[/CZ/costcenterToWorkcenters/{costcenter}],methods=[GET]}" onto public java.lang.String com.vtyc.controller.CzProlinkSQLController.costcenterToWorkcenters(java.lang.String)
2018-08-28 10:35:44.701  INFO Vtyc-Qiu-7460 --- [           main] s.w.s.m.m.a.RequestMappingHandlerMapping : Mapped "{[/CZ/productionDay/{workcenter}/{s_date}],methods=[GET]}" onto public java.lang.String com.vtyc.controller.CzProlinkSQLController.getProductionByDay(java.lang.String,java.lang.String)
2018-08-28 10:35:44.701  INFO Vtyc-Qiu-7460 --- [           main] s.w.s.m.m.a.RequestMappingHandlerMapping : Mapped "{[/CZ/count_pt],methods=[GET]}" onto public java.lang.String com.vtyc.controller.CzProlinkSQLController.getCountPt()
2018-08-28 10:35:44.702  INFO Vtyc-Qiu-7460 --- [           main] s.w.s.m.m.a.RequestMappingHandlerMapping : Mapped "{[/CZ/pt/{id}],methods=[GET]}" onto public java.lang.String com.vtyc.controller.CzProlinkSQLController.checkPartNum(java.lang.String)
2018-08-28 10:35:44.704  INFO Vtyc-Qiu-7460 --- [           main] s.w.s.m.m.a.RequestMappingHandlerMapping : Mapped "{[/CZ/api],methods=[GET]}" onto public java.lang.String com.vtyc.controller.CzProlinkSQLController.getAllApi()
2018-08-28 10:35:44.706  INFO Vtyc-Qiu-7460 --- [           main] s.w.s.m.m.a.RequestMappingHandlerMapping : Mapped "{[/simpleemail]}" onto public java.lang.String com.vtyc.controller.QQEmailController.home()
2018-08-28 10:35:44.707  INFO Vtyc-Qiu-7460 --- [           main] s.w.s.m.m.a.RequestMappingHandlerMapping : Mapped "{[/vtycemail]}" onto public java.lang.String com.vtyc.controller.VtycEmailController.home()
2018-08-28 10:35:44.714  INFO Vtyc-Qiu-7460 --- [           main] s.w.s.m.m.a.RequestMappingHandlerMapping : Mapped "{[/error]}" onto public org.springframework.http.ResponseEntity<java.util.Map<java.lang.String, java.lang.Object>> org.springframework.boot.autoconfigure.web.servlet.error.BasicErrorController.error(javax.servlet.http.HttpServletRequest)
2018-08-28 10:35:44.715  INFO Vtyc-Qiu-7460 --- [           main] s.w.s.m.m.a.RequestMappingHandlerMapping : Mapped "{[/error],produces=[text/html]}" onto public org.springframework.web.servlet.ModelAndView org.springframework.boot.autoconfigure.web.servlet.error.BasicErrorController.errorHtml(javax.servlet.http.HttpServletRequest,javax.servlet.http.HttpServletResponse)
2018-08-28 10:35:44.809  INFO Vtyc-Qiu-7460 --- [           main] o.s.w.s.h.SimpleUrlHandlerMapping        : Mapped URL path [/webjars/**] onto handler of type [class org.springframework.web.servlet.resource.ResourceHttpRequestHandler]
2018-08-28 10:35:44.810  INFO Vtyc-Qiu-7460 --- [           main] o.s.w.s.h.SimpleUrlHandlerMapping        : Mapped URL path [/**] onto handler of type [class org.springframework.web.servlet.resource.ResourceHttpRequestHandler]
2018-08-28 10:35:44.898  INFO Vtyc-Qiu-7460 --- [           main] o.s.w.s.h.SimpleUrlHandlerMapping        : Mapped URL path [/**/favicon.ico] onto handler of type [class org.springframework.web.servlet.resource.ResourceHttpRequestHandler]
2018-08-28 10:35:45.533  INFO Vtyc-Qiu-7460 --- [           main] c.v.SqlserverApplicationTests            : Started SqlserverApplicationTests in 6.23 seconds (JVM running for 8.852)
2018-08-28 10:35:45.970  INFO Vtyc-Qiu-7460 --- [       Thread-2] o.s.w.c.s.GenericWebApplicationContext   : Closing org.springframework.web.context.support.GenericWebApplicationContext@56c4278e: startup date [Tue Aug 28 10:35:39 CST 2018]; root of context hierarchy
2018-08-28 10:35:45.975  INFO Vtyc-Qiu-7460 --- [       Thread-2] j.LocalContainerEntityManagerFactoryBean : Closing JPA EntityManagerFactory for persistence unit 'default'
