2018-11-14 08:32:35.811  INFO Vtyc-Qiu-7460 --- [           main] c.v.SqlserverApplication                 : Info log
2018-11-14 08:32:35.841  WARN Vtyc-Qiu-7460 --- [           main] c.v.SqlserverApplication                 : Hey, This is a warning!
2018-11-14 08:32:35.842 ERROR Vtyc-Qiu-7460 --- [           main] c.v.SqlserverApplication                 : Oops! We have an Error. OK
2018-11-14 08:32:35.842 FATAL Vtyc-Qiu-7460 --- [           main] c.v.SqlserverApplication                 : Damn! Fatal error. Please fix me.
2018-11-14 08:32:36.376  INFO Vtyc-Qiu-7460 --- [           main] c.v.SqlserverApplication                 : Starting SqlserverApplication on Vtyc-Qiu-7460 with PID 12752 (D:\work\qiuuqan\projects\sqlserver\target\classes started by tmc10427 in D:\work\qiuuqan\projects\sqlserver)
2018-11-14 08:32:36.376  INFO Vtyc-Qiu-7460 --- [           main] c.v.SqlserverApplication                 : No active profile set, falling back to default profiles: default
2018-11-14 08:32:36.414  INFO Vtyc-Qiu-7460 --- [           main] ConfigServletWebServerApplicationContext : Refreshing org.springframework.boot.web.servlet.context.AnnotationConfigServletWebServerApplicationContext@6a03bcb1: startup date [Wed Nov 14 08:32:36 CST 2018]; root of context hierarchy
2018-11-14 08:32:37.613  INFO Vtyc-Qiu-7460 --- [           main] trationDelegate$BeanPostProcessorChecker : Bean 'org.springframework.transaction.annotation.ProxyTransactionManagementConfiguration' of type [org.springframework.transaction.annotation.ProxyTransactionManagementConfiguration$$EnhancerBySpringCGLIB$$b4c06399] is not eligible for getting processed by all BeanPostProcessors (for example: not eligible for auto-proxying)
2018-11-14 08:32:38.198  INFO Vtyc-Qiu-7460 --- [           main] o.s.b.w.e.t.TomcatWebServer              : Tomcat initialized with port(s): 9999 (http)
2018-11-14 08:32:38.212  INFO Vtyc-Qiu-7460 --- [           main] o.a.c.h.Http11NioProtocol                : Initializing ProtocolHandler ["http-nio-9999"]
2018-11-14 08:32:38.221  INFO Vtyc-Qiu-7460 --- [           main] o.a.c.c.StandardService                  : Starting service [Tomcat]
2018-11-14 08:32:38.222  INFO Vtyc-Qiu-7460 --- [           main] o.a.c.c.StandardEngine                   : Starting Servlet Engine: Apache Tomcat/8.5.28
2018-11-14 08:32:38.225  INFO Vtyc-Qiu-7460 --- [ost-startStop-1] o.a.c.c.AprLifecycleListener             : Loaded APR based Apache Tomcat Native library [1.2.16] using APR version [1.6.3].
2018-11-14 08:32:38.226  INFO Vtyc-Qiu-7460 --- [ost-startStop-1] o.a.c.c.AprLifecycleListener             : APR capabilities: IPv6 [true], sendfile [true], accept filters [false], random [true].
2018-11-14 08:32:38.226  INFO Vtyc-Qiu-7460 --- [ost-startStop-1] o.a.c.c.AprLifecycleListener             : APR/OpenSSL configuration: useAprConnector [false], useOpenSSL [true]
2018-11-14 08:32:39.354  INFO Vtyc-Qiu-7460 --- [ost-startStop-1] o.a.c.c.AprLifecycleListener             : OpenSSL successfully initialized [OpenSSL 1.0.2m  2 Nov 2017]
2018-11-14 08:32:39.434  INFO Vtyc-Qiu-7460 --- [ost-startStop-1] o.a.c.c.C.[.[.[/]                        : Initializing Spring embedded WebApplicationContext
2018-11-14 08:32:39.434  INFO Vtyc-Qiu-7460 --- [ost-startStop-1] o.s.w.c.ContextLoader                    : Root WebApplicationContext: initialization completed in 3023 ms
2018-11-14 08:32:39.522  INFO Vtyc-Qiu-7460 --- [ost-startStop-1] o.s.b.w.s.ServletRegistrationBean        : Servlet dispatcherServlet mapped to [/]
2018-11-14 08:32:39.526  INFO Vtyc-Qiu-7460 --- [ost-startStop-1] o.s.b.w.s.FilterRegistrationBean         : Mapping filter: 'characterEncodingFilter' to: [/*]
2018-11-14 08:32:39.526  INFO Vtyc-Qiu-7460 --- [ost-startStop-1] o.s.b.w.s.FilterRegistrationBean         : Mapping filter: 'hiddenHttpMethodFilter' to: [/*]
2018-11-14 08:32:39.526  INFO Vtyc-Qiu-7460 --- [ost-startStop-1] o.s.b.w.s.FilterRegistrationBean         : Mapping filter: 'httpPutFormContentFilter' to: [/*]
2018-11-14 08:32:39.527  INFO Vtyc-Qiu-7460 --- [ost-startStop-1] o.s.b.w.s.FilterRegistrationBean         : Mapping filter: 'requestContextFilter' to: [/*]
2018-11-14 08:32:39.616  INFO Vtyc-Qiu-7460 --- [           main] o.s.j.d.DriverManagerDataSource          : Loaded JDBC driver: com.microsoft.sqlserver.jdbc.SQLServerDriver
2018-11-14 08:32:39.620  INFO Vtyc-Qiu-7460 --- [           main] o.s.j.d.DriverManagerDataSource          : Loaded JDBC driver: com.microsoft.sqlserver.jdbc.SQLServerDriver
2018-11-14 08:32:40.035  INFO Vtyc-Qiu-7460 --- [           main] j.LocalContainerEntityManagerFactoryBean : Building JPA container EntityManagerFactory for persistence unit 'default'
2018-11-14 08:32:40.046  INFO Vtyc-Qiu-7460 --- [           main] o.h.j.i.u.LogHelper                      : HHH000204: Processing PersistenceUnitInfo [
	name: default
	...]
2018-11-14 08:32:40.118  INFO Vtyc-Qiu-7460 --- [           main] o.h.Version                              : HHH000412: Hibernate Core {5.2.14.Final}
2018-11-14 08:32:40.118  INFO Vtyc-Qiu-7460 --- [           main] o.h.c.Environment                        : HHH000206: hibernate.properties not found
2018-11-14 08:32:40.152  INFO Vtyc-Qiu-7460 --- [           main] o.h.a.c.Version                          : HCANN000001: Hibernate Commons Annotations {5.0.1.Final}
2018-11-14 08:32:40.280  INFO Vtyc-Qiu-7460 --- [           main] o.h.d.Dialect                            : HHH000400: Using dialect: org.hibernate.dialect.SQLServer2012Dialect
2018-11-14 08:32:40.542  INFO Vtyc-Qiu-7460 --- [           main] j.LocalContainerEntityManagerFactoryBean : Initialized JPA EntityManagerFactory for persistence unit 'default'
2018-11-14 08:32:40.557  INFO Vtyc-Qiu-7460 --- [           main] o.s.j.d.DriverManagerDataSource          : Loaded JDBC driver: com.microsoft.sqlserver.jdbc.SQLServerDriver
2018-11-14 08:32:40.558  INFO Vtyc-Qiu-7460 --- [           main] o.s.j.d.DriverManagerDataSource          : Loaded JDBC driver: com.microsoft.sqlserver.jdbc.SQLServerDriver
2018-11-14 08:32:40.900  INFO Vtyc-Qiu-7460 --- [           main] s.w.s.m.m.a.RequestMappingHandlerAdapter : Looking for @ControllerAdvice: org.springframework.boot.web.servlet.context.AnnotationConfigServletWebServerApplicationContext@6a03bcb1: startup date [Wed Nov 14 08:32:36 CST 2018]; root of context hierarchy
2018-11-14 08:32:40.933  WARN Vtyc-Qiu-7460 --- [           main] aWebConfiguration$JpaWebMvcConfiguration : spring.jpa.open-in-view is enabled by default. Therefore, database queries may be performed during view rendering. Explicitly configure spring.jpa.open-in-view to disable this warning
2018-11-14 08:32:41.098  INFO Vtyc-Qiu-7460 --- [           main] s.w.s.m.m.a.RequestMappingHandlerMapping : Mapped "{[/CQ/count_pt],methods=[GET]}" onto public java.lang.String com.vtyc.controller.CQProlinkSQLController.getCountPt()
2018-11-14 08:32:41.101  INFO Vtyc-Qiu-7460 --- [           main] s.w.s.m.m.a.RequestMappingHandlerMapping : Mapped "{[/CQ/pt/{id}/**],methods=[GET]}" onto public java.lang.String com.vtyc.controller.CQProlinkSQLController.checkPartNum(java.lang.String,javax.servlet.http.HttpServletRequest)
2018-11-14 08:32:41.101  INFO Vtyc-Qiu-7460 --- [           main] s.w.s.m.m.a.RequestMappingHandlerMapping : Mapped "{[/CQ/api],methods=[GET]}" onto public java.lang.String com.vtyc.controller.CQProlinkSQLController.getAllApi()
2018-11-14 08:32:41.101  INFO Vtyc-Qiu-7460 --- [           main] s.w.s.m.m.a.RequestMappingHandlerMapping : Mapped "{[/CQ/wc_wcd],methods=[GET]}" onto public java.lang.String com.vtyc.controller.CQProlinkSQLController.getAllWorkcenterWorkcenterDecs()
2018-11-14 08:32:41.102  INFO Vtyc-Qiu-7460 --- [           main] s.w.s.m.m.a.RequestMappingHandlerMapping : Mapped "{[/CQ/workcenterToCostcenter/{workcenter}],methods=[GET]}" onto public java.lang.String com.vtyc.controller.CQProlinkSQLController.workcenterToCostcenter(java.lang.String)
2018-11-14 08:32:41.102  INFO Vtyc-Qiu-7460 --- [           main] s.w.s.m.m.a.RequestMappingHandlerMapping : Mapped "{[/CQ/productionNightAll/{s_date}],methods=[GET]}" onto public java.lang.String com.vtyc.controller.CQProlinkSQLController.getProductionByNightAll(java.lang.String)
2018-11-14 08:32:41.102  INFO Vtyc-Qiu-7460 --- [           main] s.w.s.m.m.a.RequestMappingHandlerMapping : Mapped "{[/CQ/costcenterToWorkcenters/{costcenter}],methods=[GET]}" onto public java.lang.String com.vtyc.controller.CQProlinkSQLController.costcenterToWorkcenters(java.lang.String)
2018-11-14 08:32:41.102  INFO Vtyc-Qiu-7460 --- [           main] s.w.s.m.m.a.RequestMappingHandlerMapping : Mapped "{[/CQ/productionDayAll/{s_date}],methods=[GET]}" onto public java.lang.String com.vtyc.controller.CQProlinkSQLController.getProductionByDayAll(java.lang.String)
2018-11-14 08:32:41.103  INFO Vtyc-Qiu-7460 --- [           main] s.w.s.m.m.a.RequestMappingHandlerMapping : Mapped "{[/CQ/wcs],methods=[GET]}" onto public java.lang.String com.vtyc.controller.CQProlinkSQLController.getAllWorkcenters()
2018-11-14 08:32:41.103  INFO Vtyc-Qiu-7460 --- [           main] s.w.s.m.m.a.RequestMappingHandlerMapping : Mapped "{[/CQ/productionDay/{workcenter}/{s_date}],methods=[GET]}" onto public java.lang.String com.vtyc.controller.CQProlinkSQLController.getProductionByDay(java.lang.String,java.lang.String)
2018-11-14 08:32:41.103  INFO Vtyc-Qiu-7460 --- [           main] s.w.s.m.m.a.RequestMappingHandlerMapping : Mapped "{[/CQ/wc/{wc_id}],methods=[GET]}" onto public java.lang.String com.vtyc.controller.CQProlinkSQLController.getWorkcenterDesc(java.lang.String)
2018-11-14 08:32:41.103  INFO Vtyc-Qiu-7460 --- [           main] s.w.s.m.m.a.RequestMappingHandlerMapping : Mapped "{[/CQ/productionNight/{workcenter}/{s_date}],methods=[GET]}" onto public java.lang.String com.vtyc.controller.CQProlinkSQLController.getProductionByNight(java.lang.String,java.lang.String)
2018-11-14 08:32:41.112  INFO Vtyc-Qiu-7460 --- [           main] s.w.s.m.m.a.RequestMappingHandlerMapping : Mapped "{[/CZ/count_pt],methods=[GET]}" onto public java.lang.String com.vtyc.controller.CzProlinkSQLController.getCountPt()
2018-11-14 08:32:41.113  INFO Vtyc-Qiu-7460 --- [           main] s.w.s.m.m.a.RequestMappingHandlerMapping : Mapped "{[/CZ/pt/{id}/**],methods=[GET]}" onto public java.lang.String com.vtyc.controller.CzProlinkSQLController.checkPartNum(java.lang.String,javax.servlet.http.HttpServletRequest)
2018-11-14 08:32:41.113  INFO Vtyc-Qiu-7460 --- [           main] s.w.s.m.m.a.RequestMappingHandlerMapping : Mapped "{[/CZ/api],methods=[GET]}" onto public java.lang.String com.vtyc.controller.CzProlinkSQLController.getAllApi()
2018-11-14 08:32:41.113  INFO Vtyc-Qiu-7460 --- [           main] s.w.s.m.m.a.RequestMappingHandlerMapping : Mapped "{[/CZ/wc_wcd],methods=[GET]}" onto public java.lang.String com.vtyc.controller.CzProlinkSQLController.getAllWorkcenterWorkcenterDecs()
2018-11-14 08:32:41.114  INFO Vtyc-Qiu-7460 --- [           main] s.w.s.m.m.a.RequestMappingHandlerMapping : Mapped "{[/CZ/workcenterToCostcenter/{workcenter}],methods=[GET]}" onto public java.lang.String com.vtyc.controller.CzProlinkSQLController.workcenterToCostcenter(java.lang.String)
2018-11-14 08:32:41.114  INFO Vtyc-Qiu-7460 --- [           main] s.w.s.m.m.a.RequestMappingHandlerMapping : Mapped "{[/CZ/productionNightAll/{s_date}],methods=[GET]}" onto public java.lang.String com.vtyc.controller.CzProlinkSQLController.getProductionByNightAll(java.lang.String)
2018-11-14 08:32:41.114  INFO Vtyc-Qiu-7460 --- [           main] s.w.s.m.m.a.RequestMappingHandlerMapping : Mapped "{[/CZ/costcenterToWorkcenters/{costcenter}],methods=[GET]}" onto public java.lang.String com.vtyc.controller.CzProlinkSQLController.costcenterToWorkcenters(java.lang.String)
2018-11-14 08:32:41.115  INFO Vtyc-Qiu-7460 --- [           main] s.w.s.m.m.a.RequestMappingHandlerMapping : Mapped "{[/CZ/productionDayAll/{s_date}],methods=[GET]}" onto public java.lang.String com.vtyc.controller.CzProlinkSQLController.getProductionByDayAll(java.lang.String)
2018-11-14 08:32:41.115  INFO Vtyc-Qiu-7460 --- [           main] s.w.s.m.m.a.RequestMappingHandlerMapping : Mapped "{[/CZ/wcs],methods=[GET]}" onto public java.lang.String com.vtyc.controller.CzProlinkSQLController.getAllWorkcenters()
2018-11-14 08:32:41.115  INFO Vtyc-Qiu-7460 --- [           main] s.w.s.m.m.a.RequestMappingHandlerMapping : Mapped "{[/CZ/productionDay/{workcenter}/{s_date}],methods=[GET]}" onto public java.lang.String com.vtyc.controller.CzProlinkSQLController.getProductionByDay(java.lang.String,java.lang.String)
2018-11-14 08:32:41.115  INFO Vtyc-Qiu-7460 --- [           main] s.w.s.m.m.a.RequestMappingHandlerMapping : Mapped "{[/CZ/wc/{wc_id}],methods=[GET]}" onto public java.lang.String com.vtyc.controller.CzProlinkSQLController.getWorkcenterDesc(java.lang.String)
2018-11-14 08:32:41.116  INFO Vtyc-Qiu-7460 --- [           main] s.w.s.m.m.a.RequestMappingHandlerMapping : Mapped "{[/CZ/productionNight/{workcenter}/{s_date}],methods=[GET]}" onto public java.lang.String com.vtyc.controller.CzProlinkSQLController.getProductionByNight(java.lang.String,java.lang.String)
2018-11-14 08:32:41.117  INFO Vtyc-Qiu-7460 --- [           main] s.w.s.m.m.a.RequestMappingHandlerMapping : Mapped "{[/simpleemail]}" onto public java.lang.String com.vtyc.controller.QQEmailController.home()
2018-11-14 08:32:41.118  INFO Vtyc-Qiu-7460 --- [           main] s.w.s.m.m.a.RequestMappingHandlerMapping : Mapped "{[/vtycemail]}" onto public java.lang.String com.vtyc.controller.VtycEmailController.home()
2018-11-14 08:32:41.120  INFO Vtyc-Qiu-7460 --- [           main] s.w.s.m.m.a.RequestMappingHandlerMapping : Mapped "{[/error]}" onto public org.springframework.http.ResponseEntity<java.util.Map<java.lang.String, java.lang.Object>> org.springframework.boot.autoconfigure.web.servlet.error.BasicErrorController.error(javax.servlet.http.HttpServletRequest)
2018-11-14 08:32:41.121  INFO Vtyc-Qiu-7460 --- [           main] s.w.s.m.m.a.RequestMappingHandlerMapping : Mapped "{[/error],produces=[text/html]}" onto public org.springframework.web.servlet.ModelAndView org.springframework.boot.autoconfigure.web.servlet.error.BasicErrorController.errorHtml(javax.servlet.http.HttpServletRequest,javax.servlet.http.HttpServletResponse)
2018-11-14 08:32:41.157  INFO Vtyc-Qiu-7460 --- [           main] o.s.w.s.h.SimpleUrlHandlerMapping        : Mapped URL path [/webjars/**] onto handler of type [class org.springframework.web.servlet.resource.ResourceHttpRequestHandler]
2018-11-14 08:32:41.158  INFO Vtyc-Qiu-7460 --- [           main] o.s.w.s.h.SimpleUrlHandlerMapping        : Mapped URL path [/**] onto handler of type [class org.springframework.web.servlet.resource.ResourceHttpRequestHandler]
2018-11-14 08:32:41.194  INFO Vtyc-Qiu-7460 --- [           main] o.s.w.s.h.SimpleUrlHandlerMapping        : Mapped URL path [/**/favicon.ico] onto handler of type [class org.springframework.web.servlet.resource.ResourceHttpRequestHandler]
2018-11-14 08:32:41.507  INFO Vtyc-Qiu-7460 --- [           main] o.s.j.e.a.AnnotationMBeanExporter        : Registering beans for JMX exposure on startup
2018-11-14 08:32:41.521  INFO Vtyc-Qiu-7460 --- [           main] o.a.c.h.Http11NioProtocol                : Starting ProtocolHandler ["http-nio-9999"]
2018-11-14 08:32:41.528  INFO Vtyc-Qiu-7460 --- [           main] o.a.t.u.n.NioSelectorPool                : Using a shared selector for servlet write/read
2018-11-14 08:32:41.566  INFO Vtyc-Qiu-7460 --- [           main] o.s.b.w.e.t.TomcatWebServer              : Tomcat started on port(s): 9999 (http) with context path ''
2018-11-14 08:32:41.569  INFO Vtyc-Qiu-7460 --- [           main] c.v.SqlserverApplication                 : Started SqlserverApplication in 5.666 seconds (JVM running for 8.263)
2018-11-14 08:32:50.980  INFO Vtyc-Qiu-7460 --- [nio-9999-exec-1] o.a.c.c.C.[.[.[/]                        : Initializing Spring FrameworkServlet 'dispatcherServlet'
2018-11-14 08:32:50.981  INFO Vtyc-Qiu-7460 --- [nio-9999-exec-1] o.s.w.s.DispatcherServlet                : FrameworkServlet 'dispatcherServlet': initialization started
2018-11-14 08:32:50.994  INFO Vtyc-Qiu-7460 --- [nio-9999-exec-1] o.s.w.s.DispatcherServlet                : FrameworkServlet 'dispatcherServlet': initialization completed in 13 ms
2018-11-14 08:33:25.599  INFO Vtyc-Qiu-7460 --- [           main] c.v.SqlserverApplication                 : Info log
2018-11-14 08:33:25.612  WARN Vtyc-Qiu-7460 --- [           main] c.v.SqlserverApplication                 : Hey, This is a warning!
2018-11-14 08:33:25.613 ERROR Vtyc-Qiu-7460 --- [           main] c.v.SqlserverApplication                 : Oops! We have an Error. OK
2018-11-14 08:33:25.613 FATAL Vtyc-Qiu-7460 --- [           main] c.v.SqlserverApplication                 : Damn! Fatal error. Please fix me.
2018-11-14 08:33:26.173  INFO Vtyc-Qiu-7460 --- [           main] c.v.SqlserverApplication                 : Starting SqlserverApplication on Vtyc-Qiu-7460 with PID 11096 (D:\work\qiuuqan\projects\sqlserver\target\classes started by tmc10427 in D:\work\qiuuqan\projects\sqlserver)
2018-11-14 08:33:26.174  INFO Vtyc-Qiu-7460 --- [           main] c.v.SqlserverApplication                 : No active profile set, falling back to default profiles: default
2018-11-14 08:33:26.238  INFO Vtyc-Qiu-7460 --- [           main] ConfigServletWebServerApplicationContext : Refreshing org.springframework.boot.web.servlet.context.AnnotationConfigServletWebServerApplicationContext@60015ef5: startup date [Wed Nov 14 08:33:26 CST 2018]; root of context hierarchy
2018-11-14 08:33:27.193  INFO Vtyc-Qiu-7460 --- [           main] trationDelegate$BeanPostProcessorChecker : Bean 'org.springframework.transaction.annotation.ProxyTransactionManagementConfiguration' of type [org.springframework.transaction.annotation.ProxyTransactionManagementConfiguration$$EnhancerBySpringCGLIB$$550cf234] is not eligible for getting processed by all BeanPostProcessors (for example: not eligible for auto-proxying)
2018-11-14 08:33:27.384  INFO Vtyc-Qiu-7460 --- [           main] o.s.b.w.e.t.TomcatWebServer              : Tomcat initialized with port(s): 9999 (http)
2018-11-14 08:33:27.393  INFO Vtyc-Qiu-7460 --- [           main] o.a.c.h.Http11NioProtocol                : Initializing ProtocolHandler ["http-nio-9999"]
2018-11-14 08:33:27.398  INFO Vtyc-Qiu-7460 --- [           main] o.a.c.c.StandardService                  : Starting service [Tomcat]
2018-11-14 08:33:27.399  INFO Vtyc-Qiu-7460 --- [           main] o.a.c.c.StandardEngine                   : Starting Servlet Engine: Apache Tomcat/8.5.28
2018-11-14 08:33:27.408  INFO Vtyc-Qiu-7460 --- [ost-startStop-1] o.a.c.c.AprLifecycleListener             : Loaded APR based Apache Tomcat Native library [1.2.16] using APR version [1.6.3].
2018-11-14 08:33:27.408  INFO Vtyc-Qiu-7460 --- [ost-startStop-1] o.a.c.c.AprLifecycleListener             : APR capabilities: IPv6 [true], sendfile [true], accept filters [false], random [true].
2018-11-14 08:33:27.408  INFO Vtyc-Qiu-7460 --- [ost-startStop-1] o.a.c.c.AprLifecycleListener             : APR/OpenSSL configuration: useAprConnector [false], useOpenSSL [true]
2018-11-14 08:33:28.436  INFO Vtyc-Qiu-7460 --- [ost-startStop-1] o.a.c.c.AprLifecycleListener             : OpenSSL successfully initialized [OpenSSL 1.0.2m  2 Nov 2017]
2018-11-14 08:33:28.499  INFO Vtyc-Qiu-7460 --- [ost-startStop-1] o.a.c.c.C.[.[.[/]                        : Initializing Spring embedded WebApplicationContext
2018-11-14 08:33:28.499  INFO Vtyc-Qiu-7460 --- [ost-startStop-1] o.s.w.c.ContextLoader                    : Root WebApplicationContext: initialization completed in 2266 ms
2018-11-14 08:33:28.584  INFO Vtyc-Qiu-7460 --- [ost-startStop-1] o.s.b.w.s.ServletRegistrationBean        : Servlet dispatcherServlet mapped to [/]
2018-11-14 08:33:28.587  INFO Vtyc-Qiu-7460 --- [ost-startStop-1] o.s.b.w.s.FilterRegistrationBean         : Mapping filter: 'characterEncodingFilter' to: [/*]
2018-11-14 08:33:28.587  INFO Vtyc-Qiu-7460 --- [ost-startStop-1] o.s.b.w.s.FilterRegistrationBean         : Mapping filter: 'hiddenHttpMethodFilter' to: [/*]
2018-11-14 08:33:28.587  INFO Vtyc-Qiu-7460 --- [ost-startStop-1] o.s.b.w.s.FilterRegistrationBean         : Mapping filter: 'httpPutFormContentFilter' to: [/*]
2018-11-14 08:33:28.587  INFO Vtyc-Qiu-7460 --- [ost-startStop-1] o.s.b.w.s.FilterRegistrationBean         : Mapping filter: 'requestContextFilter' to: [/*]
2018-11-14 08:33:28.666  INFO Vtyc-Qiu-7460 --- [           main] o.s.j.d.DriverManagerDataSource          : Loaded JDBC driver: com.microsoft.sqlserver.jdbc.SQLServerDriver
2018-11-14 08:33:28.670  INFO Vtyc-Qiu-7460 --- [           main] o.s.j.d.DriverManagerDataSource          : Loaded JDBC driver: com.microsoft.sqlserver.jdbc.SQLServerDriver
2018-11-14 08:33:29.003  INFO Vtyc-Qiu-7460 --- [           main] j.LocalContainerEntityManagerFactoryBean : Building JPA container EntityManagerFactory for persistence unit 'default'
2018-11-14 08:33:29.013  INFO Vtyc-Qiu-7460 --- [           main] o.h.j.i.u.LogHelper                      : HHH000204: Processing PersistenceUnitInfo [
	name: default
	...]
2018-11-14 08:33:29.055  INFO Vtyc-Qiu-7460 --- [           main] o.h.Version                              : HHH000412: Hibernate Core {5.2.14.Final}
2018-11-14 08:33:29.056  INFO Vtyc-Qiu-7460 --- [           main] o.h.c.Environment                        : HHH000206: hibernate.properties not found
2018-11-14 08:33:29.081  INFO Vtyc-Qiu-7460 --- [           main] o.h.a.c.Version                          : HCANN000001: Hibernate Commons Annotations {5.0.1.Final}
2018-11-14 08:33:29.148  INFO Vtyc-Qiu-7460 --- [           main] o.h.d.Dialect                            : HHH000400: Using dialect: org.hibernate.dialect.SQLServer2012Dialect
2018-11-14 08:33:29.316  INFO Vtyc-Qiu-7460 --- [           main] j.LocalContainerEntityManagerFactoryBean : Initialized JPA EntityManagerFactory for persistence unit 'default'
2018-11-14 08:33:29.331  INFO Vtyc-Qiu-7460 --- [           main] o.s.j.d.DriverManagerDataSource          : Loaded JDBC driver: com.microsoft.sqlserver.jdbc.SQLServerDriver
2018-11-14 08:33:29.332  INFO Vtyc-Qiu-7460 --- [           main] o.s.j.d.DriverManagerDataSource          : Loaded JDBC driver: com.microsoft.sqlserver.jdbc.SQLServerDriver
2018-11-14 08:33:29.603  INFO Vtyc-Qiu-7460 --- [           main] s.w.s.m.m.a.RequestMappingHandlerAdapter : Looking for @ControllerAdvice: org.springframework.boot.web.servlet.context.AnnotationConfigServletWebServerApplicationContext@60015ef5: startup date [Wed Nov 14 08:33:26 CST 2018]; root of context hierarchy
2018-11-14 08:33:29.626  WARN Vtyc-Qiu-7460 --- [           main] aWebConfiguration$JpaWebMvcConfiguration : spring.jpa.open-in-view is enabled by default. Therefore, database queries may be performed during view rendering. Explicitly configure spring.jpa.open-in-view to disable this warning
2018-11-14 08:33:29.664  INFO Vtyc-Qiu-7460 --- [           main] s.w.s.m.m.a.RequestMappingHandlerMapping : Mapped "{[/CQ/pt/{id}/**],methods=[GET]}" onto public java.lang.String com.vtyc.controller.CQProlinkSQLController.checkPartNum(java.lang.String,javax.servlet.http.HttpServletRequest)
2018-11-14 08:33:29.665  INFO Vtyc-Qiu-7460 --- [           main] s.w.s.m.m.a.RequestMappingHandlerMapping : Mapped "{[/CQ/count_pt],methods=[GET]}" onto public java.lang.String com.vtyc.controller.CQProlinkSQLController.getCountPt()
2018-11-14 08:33:29.665  INFO Vtyc-Qiu-7460 --- [           main] s.w.s.m.m.a.RequestMappingHandlerMapping : Mapped "{[/CQ/api],methods=[GET]}" onto public java.lang.String com.vtyc.controller.CQProlinkSQLController.getAllApi()
2018-11-14 08:33:29.665  INFO Vtyc-Qiu-7460 --- [           main] s.w.s.m.m.a.RequestMappingHandlerMapping : Mapped "{[/CQ/costcenterToWorkcenters/{costcenter}],methods=[GET]}" onto public java.lang.String com.vtyc.controller.CQProlinkSQLController.costcenterToWorkcenters(java.lang.String)
2018-11-14 08:33:29.665  INFO Vtyc-Qiu-7460 --- [           main] s.w.s.m.m.a.RequestMappingHandlerMapping : Mapped "{[/CQ/workcenterToCostcenter/{workcenter}],methods=[GET]}" onto public java.lang.String com.vtyc.controller.CQProlinkSQLController.workcenterToCostcenter(java.lang.String)
2018-11-14 08:33:29.665  INFO Vtyc-Qiu-7460 --- [           main] s.w.s.m.m.a.RequestMappingHandlerMapping : Mapped "{[/CQ/wc/{wc_id}],methods=[GET]}" onto public java.lang.String com.vtyc.controller.CQProlinkSQLController.getWorkcenterDesc(java.lang.String)
2018-11-14 08:33:29.666  INFO Vtyc-Qiu-7460 --- [           main] s.w.s.m.m.a.RequestMappingHandlerMapping : Mapped "{[/CQ/productionDayAll/{s_date}],methods=[GET]}" onto public java.lang.String com.vtyc.controller.CQProlinkSQLController.getProductionByDayAll(java.lang.String)
2018-11-14 08:33:29.666  INFO Vtyc-Qiu-7460 --- [           main] s.w.s.m.m.a.RequestMappingHandlerMapping : Mapped "{[/CQ/productionDay/{workcenter}/{s_date}],methods=[GET]}" onto public java.lang.String com.vtyc.controller.CQProlinkSQLController.getProductionByDay(java.lang.String,java.lang.String)
2018-11-14 08:33:29.666  INFO Vtyc-Qiu-7460 --- [           main] s.w.s.m.m.a.RequestMappingHandlerMapping : Mapped "{[/CQ/productionNight/{workcenter}/{s_date}],methods=[GET]}" onto public java.lang.String com.vtyc.controller.CQProlinkSQLController.getProductionByNight(java.lang.String,java.lang.String)
2018-11-14 08:33:29.666  INFO Vtyc-Qiu-7460 --- [           main] s.w.s.m.m.a.RequestMappingHandlerMapping : Mapped "{[/CQ/wc_wcd],methods=[GET]}" onto public java.lang.String com.vtyc.controller.CQProlinkSQLController.getAllWorkcenterWorkcenterDecs()
2018-11-14 08:33:29.666  INFO Vtyc-Qiu-7460 --- [           main] s.w.s.m.m.a.RequestMappingHandlerMapping : Mapped "{[/CQ/productionNightAll/{s_date}],methods=[GET]}" onto public java.lang.String com.vtyc.controller.CQProlinkSQLController.getProductionByNightAll(java.lang.String)
2018-11-14 08:33:29.666  INFO Vtyc-Qiu-7460 --- [           main] s.w.s.m.m.a.RequestMappingHandlerMapping : Mapped "{[/CQ/wcs],methods=[GET]}" onto public java.lang.String com.vtyc.controller.CQProlinkSQLController.getAllWorkcenters()
2018-11-14 08:33:29.670  INFO Vtyc-Qiu-7460 --- [           main] s.w.s.m.m.a.RequestMappingHandlerMapping : Mapped "{[/CZ/pt/{id}/**],methods=[GET]}" onto public java.lang.String com.vtyc.controller.CzProlinkSQLController.checkPartNum(java.lang.String,javax.servlet.http.HttpServletRequest)
2018-11-14 08:33:29.671  INFO Vtyc-Qiu-7460 --- [           main] s.w.s.m.m.a.RequestMappingHandlerMapping : Mapped "{[/CZ/count_pt],methods=[GET]}" onto public java.lang.String com.vtyc.controller.CzProlinkSQLController.getCountPt()
2018-11-14 08:33:29.671  INFO Vtyc-Qiu-7460 --- [           main] s.w.s.m.m.a.RequestMappingHandlerMapping : Mapped "{[/CZ/api],methods=[GET]}" onto public java.lang.String com.vtyc.controller.CzProlinkSQLController.getAllApi()
2018-11-14 08:33:29.671  INFO Vtyc-Qiu-7460 --- [           main] s.w.s.m.m.a.RequestMappingHandlerMapping : Mapped "{[/CZ/costcenterToWorkcenters/{costcenter}],methods=[GET]}" onto public java.lang.String com.vtyc.controller.CzProlinkSQLController.costcenterToWorkcenters(java.lang.String)
2018-11-14 08:33:29.671  INFO Vtyc-Qiu-7460 --- [           main] s.w.s.m.m.a.RequestMappingHandlerMapping : Mapped "{[/CZ/workcenterToCostcenter/{workcenter}],methods=[GET]}" onto public java.lang.String com.vtyc.controller.CzProlinkSQLController.workcenterToCostcenter(java.lang.String)
2018-11-14 08:33:29.671  INFO Vtyc-Qiu-7460 --- [           main] s.w.s.m.m.a.RequestMappingHandlerMapping : Mapped "{[/CZ/wc/{wc_id}],methods=[GET]}" onto public java.lang.String com.vtyc.controller.CzProlinkSQLController.getWorkcenterDesc(java.lang.String)
2018-11-14 08:33:29.671  INFO Vtyc-Qiu-7460 --- [           main] s.w.s.m.m.a.RequestMappingHandlerMapping : Mapped "{[/CZ/productionDayAll/{s_date}],methods=[GET]}" onto public java.lang.String com.vtyc.controller.CzProlinkSQLController.getProductionByDayAll(java.lang.String)
2018-11-14 08:33:29.672  INFO Vtyc-Qiu-7460 --- [           main] s.w.s.m.m.a.RequestMappingHandlerMapping : Mapped "{[/CZ/productionDay/{workcenter}/{s_date}],methods=[GET]}" onto public java.lang.String com.vtyc.controller.CzProlinkSQLController.getProductionByDay(java.lang.String,java.lang.String)
2018-11-14 08:33:29.672  INFO Vtyc-Qiu-7460 --- [           main] s.w.s.m.m.a.RequestMappingHandlerMapping : Mapped "{[/CZ/productionNight/{workcenter}/{s_date}],methods=[GET]}" onto public java.lang.String com.vtyc.controller.CzProlinkSQLController.getProductionByNight(java.lang.String,java.lang.String)
2018-11-14 08:33:29.672  INFO Vtyc-Qiu-7460 --- [           main] s.w.s.m.m.a.RequestMappingHandlerMapping : Mapped "{[/CZ/wc_wcd],methods=[GET]}" onto public java.lang.String com.vtyc.controller.CzProlinkSQLController.getAllWorkcenterWorkcenterDecs()
2018-11-14 08:33:29.673  INFO Vtyc-Qiu-7460 --- [           main] s.w.s.m.m.a.RequestMappingHandlerMapping : Mapped "{[/CZ/productionNightAll/{s_date}],methods=[GET]}" onto public java.lang.String com.vtyc.controller.CzProlinkSQLController.getProductionByNightAll(java.lang.String)
2018-11-14 08:33:29.673  INFO Vtyc-Qiu-7460 --- [           main] s.w.s.m.m.a.RequestMappingHandlerMapping : Mapped "{[/CZ/wcs],methods=[GET]}" onto public java.lang.String com.vtyc.controller.CzProlinkSQLController.getAllWorkcenters()
2018-11-14 08:33:29.673  INFO Vtyc-Qiu-7460 --- [           main] s.w.s.m.m.a.RequestMappingHandlerMapping : Mapped "{[/simpleemail]}" onto public java.lang.String com.vtyc.controller.QQEmailController.home()
2018-11-14 08:33:29.673  INFO Vtyc-Qiu-7460 --- [           main] s.w.s.m.m.a.RequestMappingHandlerMapping : Mapped "{[/vtycemail]}" onto public java.lang.String com.vtyc.controller.VtycEmailController.home()
2018-11-14 08:33:29.676  INFO Vtyc-Qiu-7460 --- [           main] s.w.s.m.m.a.RequestMappingHandlerMapping : Mapped "{[/error]}" onto public org.springframework.http.ResponseEntity<java.util.Map<java.lang.String, java.lang.Object>> org.springframework.boot.autoconfigure.web.servlet.error.BasicErrorController.error(javax.servlet.http.HttpServletRequest)
2018-11-14 08:33:29.677  INFO Vtyc-Qiu-7460 --- [           main] s.w.s.m.m.a.RequestMappingHandlerMapping : Mapped "{[/error],produces=[text/html]}" onto public org.springframework.web.servlet.ModelAndView org.springframework.boot.autoconfigure.web.servlet.error.BasicErrorController.errorHtml(javax.servlet.http.HttpServletRequest,javax.servlet.http.HttpServletResponse)
2018-11-14 08:33:29.707  INFO Vtyc-Qiu-7460 --- [           main] o.s.w.s.h.SimpleUrlHandlerMapping        : Mapped URL path [/webjars/**] onto handler of type [class org.springframework.web.servlet.resource.ResourceHttpRequestHandler]
2018-11-14 08:33:29.707  INFO Vtyc-Qiu-7460 --- [           main] o.s.w.s.h.SimpleUrlHandlerMapping        : Mapped URL path [/**] onto handler of type [class org.springframework.web.servlet.resource.ResourceHttpRequestHandler]
2018-11-14 08:33:29.740  INFO Vtyc-Qiu-7460 --- [           main] o.s.w.s.h.SimpleUrlHandlerMapping        : Mapped URL path [/**/favicon.ico] onto handler of type [class org.springframework.web.servlet.resource.ResourceHttpRequestHandler]
2018-11-14 08:33:29.973  INFO Vtyc-Qiu-7460 --- [           main] o.s.j.e.a.AnnotationMBeanExporter        : Registering beans for JMX exposure on startup
2018-11-14 08:33:29.986  INFO Vtyc-Qiu-7460 --- [           main] o.a.c.h.Http11NioProtocol                : Starting ProtocolHandler ["http-nio-9999"]
2018-11-14 08:33:29.993  INFO Vtyc-Qiu-7460 --- [           main] o.a.t.u.n.NioSelectorPool                : Using a shared selector for servlet write/read
2018-11-14 08:33:30.003  INFO Vtyc-Qiu-7460 --- [           main] o.s.b.w.e.t.TomcatWebServer              : Tomcat started on port(s): 9999 (http) with context path ''
2018-11-14 08:33:30.005  INFO Vtyc-Qiu-7460 --- [           main] c.v.SqlserverApplication                 : Started SqlserverApplication in 4.325 seconds (JVM running for 5.347)
2018-11-14 08:34:23.799  INFO Vtyc-Qiu-7460 --- [nio-9999-exec-4] o.a.c.c.C.[.[.[/]                        : Initializing Spring FrameworkServlet 'dispatcherServlet'
2018-11-14 08:34:23.799  INFO Vtyc-Qiu-7460 --- [nio-9999-exec-4] o.s.w.s.DispatcherServlet                : FrameworkServlet 'dispatcherServlet': initialization started
2018-11-14 08:34:23.817  INFO Vtyc-Qiu-7460 --- [nio-9999-exec-4] o.s.w.s.DispatcherServlet                : FrameworkServlet 'dispatcherServlet': initialization completed in 18 ms
2018-11-14 08:34:23.890  INFO Vtyc-Qiu-7460 --- [nio-9999-exec-4] c.v.c.CzProlinkSQLController             : -----------------requestURL:    http://localhost:9999/CZ/pt/17-8104-00-7
