2018-08-22 13:46:13.843  INFO Vtyc-Qiu-7460 --- [           main] .b.t.c.SpringBootTestContextBootstrapper : Neither @ContextConfiguration nor @ContextHierarchy found for test class [com.vtyc.SqlserverApplicationTests], using SpringBootContextLoader
2018-08-22 13:46:13.941  INFO Vtyc-Qiu-7460 --- [           main] o.s.t.c.s.AbstractContextLoader          : Could not detect default resource locations for test class [com.vtyc.SqlserverApplicationTests]: no resource found for suffixes {-context.xml, Context.groovy}.
2018-08-22 13:46:13.943  INFO Vtyc-Qiu-7460 --- [           main] t.c.s.AnnotationConfigContextLoaderUtils : Could not detect default configuration classes for test class [com.vtyc.SqlserverApplicationTests]: SqlserverApplicationTests does not declare any static, non-private, non-final, nested classes annotated with @Configuration.
2018-08-22 13:46:14.084  INFO Vtyc-Qiu-7460 --- [           main] .b.t.c.SpringBootTestContextBootstrapper : Found @SpringBootConfiguration com.vtyc.SqlserverApplication for test class com.vtyc.SqlserverApplicationTests
2018-08-22 13:46:14.232  INFO Vtyc-Qiu-7460 --- [           main] .b.t.c.SpringBootTestContextBootstrapper : Loaded default TestExecutionListener class names from location [META-INF/spring.factories]: [org.springframework.boot.test.mock.mockito.MockitoTestExecutionListener, org.springframework.boot.test.mock.mockito.ResetMocksTestExecutionListener, org.springframework.boot.test.autoconfigure.restdocs.RestDocsTestExecutionListener, org.springframework.boot.test.autoconfigure.web.client.MockRestServiceServerResetTestExecutionListener, org.springframework.boot.test.autoconfigure.web.servlet.MockMvcPrintOnlyOnFailureTestExecutionListener, org.springframework.boot.test.autoconfigure.web.servlet.WebDriverTestExecutionListener, org.springframework.test.context.web.ServletTestExecutionListener, org.springframework.test.context.support.DirtiesContextBeforeModesTestExecutionListener, org.springframework.test.context.support.DependencyInjectionTestExecutionListener, org.springframework.test.context.support.DirtiesContextTestExecutionListener, org.springframework.test.context.transaction.TransactionalTestExecutionListener, org.springframework.test.context.jdbc.SqlScriptsTestExecutionListener]
2018-08-22 13:46:14.258  INFO Vtyc-Qiu-7460 --- [           main] .b.t.c.SpringBootTestContextBootstrapper : Using TestExecutionListeners: [org.springframework.test.context.web.ServletTestExecutionListener@7dc3712, org.springframework.test.context.support.DirtiesContextBeforeModesTestExecutionListener@2f67a4d3, org.springframework.boot.test.mock.mockito.MockitoTestExecutionListener@5e3f861, org.springframework.boot.test.autoconfigure.SpringBootDependencyInjectionTestExecutionListener@2fb0623e, org.springframework.test.context.support.DirtiesContextTestExecutionListener@49b2a47d, org.springframework.test.context.transaction.TransactionalTestExecutionListener@5be1d0a4, org.springframework.test.context.jdbc.SqlScriptsTestExecutionListener@415b0b49, org.springframework.boot.test.mock.mockito.ResetMocksTestExecutionListener@6d5620ce, org.springframework.boot.test.autoconfigure.restdocs.RestDocsTestExecutionListener@311bf055, org.springframework.boot.test.autoconfigure.web.client.MockRestServiceServerResetTestExecutionListener@642a7222, org.springframework.boot.test.autoconfigure.web.servlet.MockMvcPrintOnlyOnFailureTestExecutionListener@7d322cad, org.springframework.boot.test.autoconfigure.web.servlet.WebDriverTestExecutionListener@21be3395]
2018-08-22 13:46:14.617  INFO Vtyc-Qiu-7460 --- [           main] c.v.SqlserverApplicationTests            : Starting SqlserverApplicationTests on Vtyc-Qiu-7460 with PID 15052 (started by tmc10427 in D:\work\qiuuqan\projects\sqlserver)
2018-08-22 13:46:14.618  INFO Vtyc-Qiu-7460 --- [           main] c.v.SqlserverApplicationTests            : No active profile set, falling back to default profiles: default
2018-08-22 13:46:14.742  INFO Vtyc-Qiu-7460 --- [           main] o.s.w.c.s.GenericWebApplicationContext   : Refreshing org.springframework.web.context.support.GenericWebApplicationContext@6f19ac19: startup date [Wed Aug 22 13:46:14 CST 2018]; root of context hierarchy
2018-08-22 13:46:16.466  INFO Vtyc-Qiu-7460 --- [           main] trationDelegate$BeanPostProcessorChecker : Bean 'org.springframework.transaction.annotation.ProxyTransactionManagementConfiguration' of type [org.springframework.transaction.annotation.ProxyTransactionManagementConfiguration$$EnhancerBySpringCGLIB$$1be4cc54] is not eligible for getting processed by all BeanPostProcessors (for example: not eligible for auto-proxying)
2018-08-22 13:46:16.645  INFO Vtyc-Qiu-7460 --- [           main] o.s.j.d.DriverManagerDataSource          : Loaded JDBC driver: com.microsoft.sqlserver.jdbc.SQLServerDriver
2018-08-22 13:46:16.686  INFO Vtyc-Qiu-7460 --- [           main] o.s.j.d.DriverManagerDataSource          : Loaded JDBC driver: com.microsoft.sqlserver.jdbc.SQLServerDriver
2018-08-22 13:46:17.453  INFO Vtyc-Qiu-7460 --- [           main] j.LocalContainerEntityManagerFactoryBean : Building JPA container EntityManagerFactory for persistence unit 'default'
2018-08-22 13:46:17.472  INFO Vtyc-Qiu-7460 --- [           main] o.h.j.i.u.LogHelper                      : HHH000204: Processing PersistenceUnitInfo [
	name: default
	...]
2018-08-22 13:46:17.560  INFO Vtyc-Qiu-7460 --- [           main] o.h.Version                              : HHH000412: Hibernate Core {5.2.14.Final}
2018-08-22 13:46:17.562  INFO Vtyc-Qiu-7460 --- [           main] o.h.c.Environment                        : HHH000206: hibernate.properties not found
2018-08-22 13:46:17.612  INFO Vtyc-Qiu-7460 --- [           main] o.h.a.c.Version                          : HCANN000001: Hibernate Commons Annotations {5.0.1.Final}
2018-08-22 13:46:17.767  INFO Vtyc-Qiu-7460 --- [           main] o.h.d.Dialect                            : HHH000400: Using dialect: org.hibernate.dialect.SQLServer2012Dialect
2018-08-22 13:46:18.513  INFO Vtyc-Qiu-7460 --- [           main] j.LocalContainerEntityManagerFactoryBean : Initialized JPA EntityManagerFactory for persistence unit 'default'
2018-08-22 13:46:18.550  INFO Vtyc-Qiu-7460 --- [           main] o.s.j.d.DriverManagerDataSource          : Loaded JDBC driver: com.microsoft.sqlserver.jdbc.SQLServerDriver
2018-08-22 13:46:18.552  INFO Vtyc-Qiu-7460 --- [           main] o.s.j.d.DriverManagerDataSource          : Loaded JDBC driver: com.microsoft.sqlserver.jdbc.SQLServerDriver
2018-08-22 13:46:19.534  INFO Vtyc-Qiu-7460 --- [           main] s.w.s.m.m.a.RequestMappingHandlerAdapter : Looking for @ControllerAdvice: org.springframework.web.context.support.GenericWebApplicationContext@6f19ac19: startup date [Wed Aug 22 13:46:14 CST 2018]; root of context hierarchy
2018-08-22 13:46:19.619  WARN Vtyc-Qiu-7460 --- [           main] aWebConfiguration$JpaWebMvcConfiguration : spring.jpa.open-in-view is enabled by default. Therefore, database queries may be performed during view rendering. Explicitly configure spring.jpa.open-in-view to disable this warning
2018-08-22 13:46:19.739  INFO Vtyc-Qiu-7460 --- [           main] s.w.s.m.m.a.RequestMappingHandlerMapping : Mapped "{[/CQ/api],methods=[GET]}" onto public java.lang.String com.vtyc.controller.CQProlinkSQLController.getAllApi()
2018-08-22 13:46:19.740  INFO Vtyc-Qiu-7460 --- [           main] s.w.s.m.m.a.RequestMappingHandlerMapping : Mapped "{[/CQ/count_pt],methods=[GET]}" onto public java.lang.String com.vtyc.controller.CQProlinkSQLController.getCountPt()
2018-08-22 13:46:19.742  INFO Vtyc-Qiu-7460 --- [           main] s.w.s.m.m.a.RequestMappingHandlerMapping : Mapped "{[/CQ/pt/{id}],methods=[GET]}" onto public java.lang.String com.vtyc.controller.CQProlinkSQLController.checkPartNum(java.lang.String)
2018-08-22 13:46:19.742  INFO Vtyc-Qiu-7460 --- [           main] s.w.s.m.m.a.RequestMappingHandlerMapping : Mapped "{[/CQ/productionNight/{workcenter}/{s_date}],methods=[GET]}" onto public java.lang.String com.vtyc.controller.CQProlinkSQLController.getProductionByNight(java.lang.String,java.lang.String)
2018-08-22 13:46:19.743  INFO Vtyc-Qiu-7460 --- [           main] s.w.s.m.m.a.RequestMappingHandlerMapping : Mapped "{[/CQ/productionDayAll/{s_date}],methods=[GET]}" onto public java.lang.String com.vtyc.controller.CQProlinkSQLController.getProductionByDayAll(java.lang.String)
2018-08-22 13:46:19.743  INFO Vtyc-Qiu-7460 --- [           main] s.w.s.m.m.a.RequestMappingHandlerMapping : Mapped "{[/CQ/wc_wcd],methods=[GET]}" onto public java.lang.String com.vtyc.controller.CQProlinkSQLController.getAllWorkcenterWorkcenterDecs()
2018-08-22 13:46:19.744  INFO Vtyc-Qiu-7460 --- [           main] s.w.s.m.m.a.RequestMappingHandlerMapping : Mapped "{[/CQ/wc/{wc_id}],methods=[GET]}" onto public java.lang.String com.vtyc.controller.CQProlinkSQLController.getWorkcenterDesc(java.lang.String)
2018-08-22 13:46:19.746  INFO Vtyc-Qiu-7460 --- [           main] s.w.s.m.m.a.RequestMappingHandlerMapping : Mapped "{[/CQ/wcs],methods=[GET]}" onto public java.lang.String com.vtyc.controller.CQProlinkSQLController.getAllWorkcenters()
2018-08-22 13:46:19.747  INFO Vtyc-Qiu-7460 --- [           main] s.w.s.m.m.a.RequestMappingHandlerMapping : Mapped "{[/CQ/productionDay/{workcenter}/{s_date}],methods=[GET]}" onto public java.lang.String com.vtyc.controller.CQProlinkSQLController.getProductionByDay(java.lang.String,java.lang.String)
2018-08-22 13:46:19.748  INFO Vtyc-Qiu-7460 --- [           main] s.w.s.m.m.a.RequestMappingHandlerMapping : Mapped "{[/CQ/productionNightAll/{s_date}],methods=[GET]}" onto public java.lang.String com.vtyc.controller.CQProlinkSQLController.getProductionByNightAll(java.lang.String)
2018-08-22 13:46:19.757  INFO Vtyc-Qiu-7460 --- [           main] s.w.s.m.m.a.RequestMappingHandlerMapping : Mapped "{[/CZ/api],methods=[GET]}" onto public java.lang.String com.vtyc.controller.CzProlinkSQLController.getAllApi()
2018-08-22 13:46:19.759  INFO Vtyc-Qiu-7460 --- [           main] s.w.s.m.m.a.RequestMappingHandlerMapping : Mapped "{[/CZ/count_pt],methods=[GET]}" onto public java.lang.String com.vtyc.controller.CzProlinkSQLController.getCountPt()
2018-08-22 13:46:19.761  INFO Vtyc-Qiu-7460 --- [           main] s.w.s.m.m.a.RequestMappingHandlerMapping : Mapped "{[/CZ/pt/{id}],methods=[GET]}" onto public java.lang.String com.vtyc.controller.CzProlinkSQLController.checkPartNum(java.lang.String)
2018-08-22 13:46:19.761  INFO Vtyc-Qiu-7460 --- [           main] s.w.s.m.m.a.RequestMappingHandlerMapping : Mapped "{[/CZ/productionNight/{workcenter}/{s_date}],methods=[GET]}" onto public java.lang.String com.vtyc.controller.CzProlinkSQLController.getProductionByNight(java.lang.String,java.lang.String)
2018-08-22 13:46:19.762  INFO Vtyc-Qiu-7460 --- [           main] s.w.s.m.m.a.RequestMappingHandlerMapping : Mapped "{[/CZ/productionDayAll/{s_date}],methods=[GET]}" onto public java.lang.String com.vtyc.controller.CzProlinkSQLController.getProductionByDayAll(java.lang.String)
2018-08-22 13:46:19.762  INFO Vtyc-Qiu-7460 --- [           main] s.w.s.m.m.a.RequestMappingHandlerMapping : Mapped "{[/CZ/wc_wcd],methods=[GET]}" onto public java.lang.String com.vtyc.controller.CzProlinkSQLController.getAllWorkcenterWorkcenterDecs()
2018-08-22 13:46:19.763  INFO Vtyc-Qiu-7460 --- [           main] s.w.s.m.m.a.RequestMappingHandlerMapping : Mapped "{[/CZ/wc/{wc_id}],methods=[GET]}" onto public java.lang.String com.vtyc.controller.CzProlinkSQLController.getWorkcenterDesc(java.lang.String)
2018-08-22 13:46:19.763  INFO Vtyc-Qiu-7460 --- [           main] s.w.s.m.m.a.RequestMappingHandlerMapping : Mapped "{[/CZ/wcs],methods=[GET]}" onto public java.lang.String com.vtyc.controller.CzProlinkSQLController.getAllWorkcenters()
2018-08-22 13:46:19.764  INFO Vtyc-Qiu-7460 --- [           main] s.w.s.m.m.a.RequestMappingHandlerMapping : Mapped "{[/CZ/productionDay/{workcenter}/{s_date}],methods=[GET]}" onto public java.lang.String com.vtyc.controller.CzProlinkSQLController.getProductionByDay(java.lang.String,java.lang.String)
2018-08-22 13:46:19.765  INFO Vtyc-Qiu-7460 --- [           main] s.w.s.m.m.a.RequestMappingHandlerMapping : Mapped "{[/CZ/productionNightAll/{s_date}],methods=[GET]}" onto public java.lang.String com.vtyc.controller.CzProlinkSQLController.getProductionByNightAll(java.lang.String)
2018-08-22 13:46:19.766  INFO Vtyc-Qiu-7460 --- [           main] s.w.s.m.m.a.RequestMappingHandlerMapping : Mapped "{[/simpleemail]}" onto public java.lang.String com.vtyc.controller.QQEmailController.home()
2018-08-22 13:46:19.767  INFO Vtyc-Qiu-7460 --- [           main] s.w.s.m.m.a.RequestMappingHandlerMapping : Mapped "{[/vtycemail]}" onto public java.lang.String com.vtyc.controller.VtycEmailController.home()
2018-08-22 13:46:19.786  INFO Vtyc-Qiu-7460 --- [           main] s.w.s.m.m.a.RequestMappingHandlerMapping : Mapped "{[/error]}" onto public org.springframework.http.ResponseEntity<java.util.Map<java.lang.String, java.lang.Object>> org.springframework.boot.autoconfigure.web.servlet.error.BasicErrorController.error(javax.servlet.http.HttpServletRequest)
2018-08-22 13:46:19.789  INFO Vtyc-Qiu-7460 --- [           main] s.w.s.m.m.a.RequestMappingHandlerMapping : Mapped "{[/error],produces=[text/html]}" onto public org.springframework.web.servlet.ModelAndView org.springframework.boot.autoconfigure.web.servlet.error.BasicErrorController.errorHtml(javax.servlet.http.HttpServletRequest,javax.servlet.http.HttpServletResponse)
2018-08-22 13:46:19.849  INFO Vtyc-Qiu-7460 --- [           main] o.s.w.s.h.SimpleUrlHandlerMapping        : Mapped URL path [/webjars/**] onto handler of type [class org.springframework.web.servlet.resource.ResourceHttpRequestHandler]
2018-08-22 13:46:19.849  INFO Vtyc-Qiu-7460 --- [           main] o.s.w.s.h.SimpleUrlHandlerMapping        : Mapped URL path [/**] onto handler of type [class org.springframework.web.servlet.resource.ResourceHttpRequestHandler]
2018-08-22 13:46:19.917  INFO Vtyc-Qiu-7460 --- [           main] o.s.w.s.h.SimpleUrlHandlerMapping        : Mapped URL path [/**/favicon.ico] onto handler of type [class org.springframework.web.servlet.resource.ResourceHttpRequestHandler]
2018-08-22 13:46:20.429  INFO Vtyc-Qiu-7460 --- [           main] c.v.SqlserverApplicationTests            : Started SqlserverApplicationTests in 6.125 seconds (JVM running for 8.544)
2018-08-22 13:46:20.876  INFO Vtyc-Qiu-7460 --- [       Thread-2] o.s.w.c.s.GenericWebApplicationContext   : Closing org.springframework.web.context.support.GenericWebApplicationContext@6f19ac19: startup date [Wed Aug 22 13:46:14 CST 2018]; root of context hierarchy
2018-08-22 13:46:20.883  INFO Vtyc-Qiu-7460 --- [       Thread-2] j.LocalContainerEntityManagerFactoryBean : Closing JPA EntityManagerFactory for persistence unit 'default'
