2018-12-05 08:52:07.154  INFO vtyc-quan-7460 --- [           main] .b.t.c.SpringBootTestContextBootstrapper : Neither @ContextConfiguration nor @ContextHierarchy found for test class [com.vtyc.SqlserverApplicationTests], using SpringBootContextLoader
2018-12-05 08:52:07.215  INFO vtyc-quan-7460 --- [           main] o.s.t.c.s.AbstractContextLoader          : Could not detect default resource locations for test class [com.vtyc.SqlserverApplicationTests]: no resource found for suffixes {-context.xml, Context.groovy}.
2018-12-05 08:52:07.216  INFO vtyc-quan-7460 --- [           main] t.c.s.AnnotationConfigContextLoaderUtils : Could not detect default configuration classes for test class [com.vtyc.SqlserverApplicationTests]: SqlserverApplicationTests does not declare any static, non-private, non-final, nested classes annotated with @Configuration.
2018-12-05 08:52:07.332  INFO vtyc-quan-7460 --- [           main] .b.t.c.SpringBootTestContextBootstrapper : Found @SpringBootConfiguration com.vtyc.SqlserverApplication for test class com.vtyc.SqlserverApplicationTests
2018-12-05 08:52:07.551  INFO vtyc-quan-7460 --- [           main] .b.t.c.SpringBootTestContextBootstrapper : Loaded default TestExecutionListener class names from location [META-INF/spring.factories]: [org.springframework.boot.test.mock.mockito.MockitoTestExecutionListener, org.springframework.boot.test.mock.mockito.ResetMocksTestExecutionListener, org.springframework.boot.test.autoconfigure.restdocs.RestDocsTestExecutionListener, org.springframework.boot.test.autoconfigure.web.client.MockRestServiceServerResetTestExecutionListener, org.springframework.boot.test.autoconfigure.web.servlet.MockMvcPrintOnlyOnFailureTestExecutionListener, org.springframework.boot.test.autoconfigure.web.servlet.WebDriverTestExecutionListener, org.springframework.test.context.web.ServletTestExecutionListener, org.springframework.test.context.support.DirtiesContextBeforeModesTestExecutionListener, org.springframework.test.context.support.DependencyInjectionTestExecutionListener, org.springframework.test.context.support.DirtiesContextTestExecutionListener, org.springframework.test.context.transaction.TransactionalTestExecutionListener, org.springframework.test.context.jdbc.SqlScriptsTestExecutionListener]
2018-12-05 08:52:07.578  INFO vtyc-quan-7460 --- [           main] .b.t.c.SpringBootTestContextBootstrapper : Using TestExecutionListeners: [org.springframework.test.context.web.ServletTestExecutionListener@4b8729ff, org.springframework.test.context.support.DirtiesContextBeforeModesTestExecutionListener@61710c6, org.springframework.boot.test.mock.mockito.MockitoTestExecutionListener@3214ee6, org.springframework.boot.test.autoconfigure.SpringBootDependencyInjectionTestExecutionListener@383dc82c, org.springframework.test.context.support.DirtiesContextTestExecutionListener@4a07d605, org.springframework.test.context.transaction.TransactionalTestExecutionListener@74287ea3, org.springframework.test.context.jdbc.SqlScriptsTestExecutionListener@7d7758be, org.springframework.boot.test.mock.mockito.ResetMocksTestExecutionListener@2bdd8394, org.springframework.boot.test.autoconfigure.restdocs.RestDocsTestExecutionListener@5f9edf14, org.springframework.boot.test.autoconfigure.web.client.MockRestServiceServerResetTestExecutionListener@68746f22, org.springframework.boot.test.autoconfigure.web.servlet.MockMvcPrintOnlyOnFailureTestExecutionListener@2f01783a, org.springframework.boot.test.autoconfigure.web.servlet.WebDriverTestExecutionListener@68878f6d]
2018-12-05 08:52:09.225  INFO vtyc-quan-7460 --- [           main] c.v.SqlserverApplicationTests            : Starting SqlserverApplicationTests on vtyc-quan-7460 with PID 2660 (started by tmc10427 in D:\work\qiuuqan\projects\sqlserver)
2018-12-05 08:52:09.229  INFO vtyc-quan-7460 --- [           main] c.v.SqlserverApplicationTests            : No active profile set, falling back to default profiles: default
2018-12-05 08:52:09.457  INFO vtyc-quan-7460 --- [           main] o.s.w.c.s.GenericWebApplicationContext   : Refreshing org.springframework.web.context.support.GenericWebApplicationContext@7daa0fbd: startup date [Wed Dec 05 08:52:09 CST 2018]; root of context hierarchy
2018-12-05 08:52:11.269  INFO vtyc-quan-7460 --- [           main] f.a.AutowiredAnnotationBeanPostProcessor : JSR-330 'javax.inject.Inject' annotation found and supported for autowiring
2018-12-05 08:52:11.382  INFO vtyc-quan-7460 --- [           main] trationDelegate$BeanPostProcessorChecker : Bean 'org.springframework.transaction.annotation.ProxyTransactionManagementConfiguration' of type [org.springframework.transaction.annotation.ProxyTransactionManagementConfiguration$$EnhancerBySpringCGLIB$$daf4e3f2] is not eligible for getting processed by all BeanPostProcessors (for example: not eligible for auto-proxying)
2018-12-05 08:52:11.452  INFO vtyc-quan-7460 --- [           main] o.s.j.d.DriverManagerDataSource          : Loaded JDBC driver: com.microsoft.sqlserver.jdbc.SQLServerDriver
2018-12-05 08:52:11.486  INFO vtyc-quan-7460 --- [           main] o.s.j.d.DriverManagerDataSource          : Loaded JDBC driver: com.microsoft.sqlserver.jdbc.SQLServerDriver
2018-12-05 08:52:12.214  INFO vtyc-quan-7460 --- [           main] j.LocalContainerEntityManagerFactoryBean : Building JPA container EntityManagerFactory for persistence unit 'default'
2018-12-05 08:52:12.227  INFO vtyc-quan-7460 --- [           main] o.h.j.i.u.LogHelper                      : HHH000204: Processing PersistenceUnitInfo [
	name: default
	...]
2018-12-05 08:52:12.290  INFO vtyc-quan-7460 --- [           main] o.h.Version                              : HHH000412: Hibernate Core {5.2.14.Final}
2018-12-05 08:52:12.292  INFO vtyc-quan-7460 --- [           main] o.h.c.Environment                        : HHH000206: hibernate.properties not found
2018-12-05 08:52:12.328  INFO vtyc-quan-7460 --- [           main] o.h.a.c.Version                          : HCANN000001: Hibernate Commons Annotations {5.0.1.Final}
2018-12-05 08:52:12.458  INFO vtyc-quan-7460 --- [           main] o.h.d.Dialect                            : HHH000400: Using dialect: org.hibernate.dialect.SQLServer2012Dialect
2018-12-05 08:52:12.849  INFO vtyc-quan-7460 --- [           main] j.LocalContainerEntityManagerFactoryBean : Initialized JPA EntityManagerFactory for persistence unit 'default'
2018-12-05 08:52:12.878  INFO vtyc-quan-7460 --- [           main] o.s.j.d.DriverManagerDataSource          : Loaded JDBC driver: com.microsoft.sqlserver.jdbc.SQLServerDriver
2018-12-05 08:52:12.879  INFO vtyc-quan-7460 --- [           main] o.s.j.d.DriverManagerDataSource          : Loaded JDBC driver: com.microsoft.sqlserver.jdbc.SQLServerDriver
2018-12-05 08:52:14.033  INFO vtyc-quan-7460 --- [           main] s.w.s.m.m.a.RequestMappingHandlerAdapter : Looking for @ControllerAdvice: org.springframework.web.context.support.GenericWebApplicationContext@7daa0fbd: startup date [Wed Dec 05 08:52:09 CST 2018]; root of context hierarchy
2018-12-05 08:52:14.090  WARN vtyc-quan-7460 --- [           main] aWebConfiguration$JpaWebMvcConfiguration : spring.jpa.open-in-view is enabled by default. Therefore, database queries may be performed during view rendering. Explicitly configure spring.jpa.open-in-view to disable this warning
2018-12-05 08:52:14.146  INFO vtyc-quan-7460 --- [           main] s.w.s.m.m.a.RequestMappingHandlerMapping : Mapped "{[/CQ/api],methods=[GET]}" onto public java.lang.String com.vtyc.controller.CQProlinkSQLController.getAllApi()
2018-12-05 08:52:14.147  INFO vtyc-quan-7460 --- [           main] s.w.s.m.m.a.RequestMappingHandlerMapping : Mapped "{[/CQ/pt/{id}/**],methods=[GET]}" onto public java.lang.String com.vtyc.controller.CQProlinkSQLController.checkPartNum(java.lang.String,javax.servlet.http.HttpServletRequest)
2018-12-05 08:52:14.148  INFO vtyc-quan-7460 --- [           main] s.w.s.m.m.a.RequestMappingHandlerMapping : Mapped "{[/CQ/count_pt],methods=[GET]}" onto public java.lang.String com.vtyc.controller.CQProlinkSQLController.getCountPt()
2018-12-05 08:52:14.148  INFO vtyc-quan-7460 --- [           main] s.w.s.m.m.a.RequestMappingHandlerMapping : Mapped "{[/CQ/ccs],methods=[GET]}" onto public java.lang.String com.vtyc.controller.CQProlinkSQLController.getAllCostCenter()
2018-12-05 08:52:14.149  INFO vtyc-quan-7460 --- [           main] s.w.s.m.m.a.RequestMappingHandlerMapping : Mapped "{[/CQ/productionNight/{workcenter}/{s_date}],methods=[GET]}" onto public java.lang.String com.vtyc.controller.CQProlinkSQLController.getProductionByNight(java.lang.String,java.lang.String)
2018-12-05 08:52:14.150  INFO vtyc-quan-7460 --- [           main] s.w.s.m.m.a.RequestMappingHandlerMapping : Mapped "{[/CQ/wc_wcd],methods=[GET]}" onto public java.lang.String com.vtyc.controller.CQProlinkSQLController.getAllWorkcenterWorkcenterDecs()
2018-12-05 08:52:14.150  INFO vtyc-quan-7460 --- [           main] s.w.s.m.m.a.RequestMappingHandlerMapping : Mapped "{[/CQ/productionDayAll/{s_date}],methods=[GET]}" onto public java.lang.String com.vtyc.controller.CQProlinkSQLController.getProductionByDayAll(java.lang.String)
2018-12-05 08:52:14.150  INFO vtyc-quan-7460 --- [           main] s.w.s.m.m.a.RequestMappingHandlerMapping : Mapped "{[/CQ/productionDay/{workcenter}/{s_date}],methods=[GET]}" onto public java.lang.String com.vtyc.controller.CQProlinkSQLController.getProductionByDay(java.lang.String,java.lang.String)
2018-12-05 08:52:14.151  INFO vtyc-quan-7460 --- [           main] s.w.s.m.m.a.RequestMappingHandlerMapping : Mapped "{[/CQ/costcenterToWorkcenters/{costcenter}],methods=[GET]}" onto public java.lang.String com.vtyc.controller.CQProlinkSQLController.costcenterToWorkcenters(java.lang.String)
2018-12-05 08:52:14.151  INFO vtyc-quan-7460 --- [           main] s.w.s.m.m.a.RequestMappingHandlerMapping : Mapped "{[/CQ/workcenterToCostcenter/{workcenter}],methods=[GET]}" onto public java.lang.String com.vtyc.controller.CQProlinkSQLController.workcenterToCostcenter(java.lang.String)
2018-12-05 08:52:14.152  INFO vtyc-quan-7460 --- [           main] s.w.s.m.m.a.RequestMappingHandlerMapping : Mapped "{[/CQ/wc/{wc_id}],methods=[GET]}" onto public java.lang.String com.vtyc.controller.CQProlinkSQLController.getWorkcenterDesc(java.lang.String)
2018-12-05 08:52:14.152  INFO vtyc-quan-7460 --- [           main] s.w.s.m.m.a.RequestMappingHandlerMapping : Mapped "{[/CQ/wcs],methods=[GET]}" onto public java.lang.String com.vtyc.controller.CQProlinkSQLController.getAllWorkcenters()
2018-12-05 08:52:14.153  INFO vtyc-quan-7460 --- [           main] s.w.s.m.m.a.RequestMappingHandlerMapping : Mapped "{[/CQ/productionNightAll/{s_date}],methods=[GET]}" onto public java.lang.String com.vtyc.controller.CQProlinkSQLController.getProductionByNightAll(java.lang.String)
2018-12-05 08:52:14.158  INFO vtyc-quan-7460 --- [           main] s.w.s.m.m.a.RequestMappingHandlerMapping : Mapped "{[/CZ/api],methods=[GET]}" onto public java.lang.String com.vtyc.controller.CzProlinkSQLController.getAllApi()
2018-12-05 08:52:14.159  INFO vtyc-quan-7460 --- [           main] s.w.s.m.m.a.RequestMappingHandlerMapping : Mapped "{[/CZ/pt/{id}/**],methods=[GET]}" onto public java.lang.String com.vtyc.controller.CzProlinkSQLController.checkPartNum(java.lang.String,javax.servlet.http.HttpServletRequest)
2018-12-05 08:52:14.159  INFO vtyc-quan-7460 --- [           main] s.w.s.m.m.a.RequestMappingHandlerMapping : Mapped "{[/CZ/count_pt],methods=[GET]}" onto public java.lang.String com.vtyc.controller.CzProlinkSQLController.getCountPt()
2018-12-05 08:52:14.160  INFO vtyc-quan-7460 --- [           main] s.w.s.m.m.a.RequestMappingHandlerMapping : Mapped "{[/CZ/ccs],methods=[GET]}" onto public java.lang.String com.vtyc.controller.CzProlinkSQLController.getAllCostCenter()
2018-12-05 08:52:14.160  INFO vtyc-quan-7460 --- [           main] s.w.s.m.m.a.RequestMappingHandlerMapping : Mapped "{[/CZ/productionNight/{workcenter}/{s_date}],methods=[GET]}" onto public java.lang.String com.vtyc.controller.CzProlinkSQLController.getProductionByNight(java.lang.String,java.lang.String)
2018-12-05 08:52:14.160  INFO vtyc-quan-7460 --- [           main] s.w.s.m.m.a.RequestMappingHandlerMapping : Mapped "{[/CZ/wc_wcd],methods=[GET]}" onto public java.lang.String com.vtyc.controller.CzProlinkSQLController.getAllWorkcenterWorkcenterDecs()
2018-12-05 08:52:14.161  INFO vtyc-quan-7460 --- [           main] s.w.s.m.m.a.RequestMappingHandlerMapping : Mapped "{[/CZ/productionDayAll/{s_date}],methods=[GET]}" onto public java.lang.String com.vtyc.controller.CzProlinkSQLController.getProductionByDayAll(java.lang.String)
2018-12-05 08:52:14.161  INFO vtyc-quan-7460 --- [           main] s.w.s.m.m.a.RequestMappingHandlerMapping : Mapped "{[/CZ/productionDay/{workcenter}/{s_date}],methods=[GET]}" onto public java.lang.String com.vtyc.controller.CzProlinkSQLController.getProductionByDay(java.lang.String,java.lang.String)
2018-12-05 08:52:14.161  INFO vtyc-quan-7460 --- [           main] s.w.s.m.m.a.RequestMappingHandlerMapping : Mapped "{[/CZ/costcenterToWorkcenters/{costcenter}],methods=[GET]}" onto public java.lang.String com.vtyc.controller.CzProlinkSQLController.costcenterToWorkcenters(java.lang.String)
2018-12-05 08:52:14.162  INFO vtyc-quan-7460 --- [           main] s.w.s.m.m.a.RequestMappingHandlerMapping : Mapped "{[/CZ/workcenterToCostcenter/{workcenter}],methods=[GET]}" onto public java.lang.String com.vtyc.controller.CzProlinkSQLController.workcenterToCostcenter(java.lang.String)
2018-12-05 08:52:14.162  INFO vtyc-quan-7460 --- [           main] s.w.s.m.m.a.RequestMappingHandlerMapping : Mapped "{[/CZ/wc/{wc_id}],methods=[GET]}" onto public java.lang.String com.vtyc.controller.CzProlinkSQLController.getWorkcenterDesc(java.lang.String)
2018-12-05 08:52:14.162  INFO vtyc-quan-7460 --- [           main] s.w.s.m.m.a.RequestMappingHandlerMapping : Mapped "{[/CZ/wcs],methods=[GET]}" onto public java.lang.String com.vtyc.controller.CzProlinkSQLController.getAllWorkcenters()
2018-12-05 08:52:14.163  INFO vtyc-quan-7460 --- [           main] s.w.s.m.m.a.RequestMappingHandlerMapping : Mapped "{[/CZ/productionNightAll/{s_date}],methods=[GET]}" onto public java.lang.String com.vtyc.controller.CzProlinkSQLController.getProductionByNightAll(java.lang.String)
2018-12-05 08:52:14.163  INFO vtyc-quan-7460 --- [           main] s.w.s.m.m.a.RequestMappingHandlerMapping : Mapped "{[/simpleemail]}" onto public java.lang.String com.vtyc.controller.QQEmailController.home()
2018-12-05 08:52:14.164  INFO vtyc-quan-7460 --- [           main] s.w.s.m.m.a.RequestMappingHandlerMapping : Mapped "{[/vtycemail]}" onto public java.lang.String com.vtyc.controller.VtycEmailController.home()
2018-12-05 08:52:14.166  INFO vtyc-quan-7460 --- [           main] s.w.s.m.m.a.RequestMappingHandlerMapping : Mapped "{[/error]}" onto public org.springframework.http.ResponseEntity<java.util.Map<java.lang.String, java.lang.Object>> org.springframework.boot.autoconfigure.web.servlet.error.BasicErrorController.error(javax.servlet.http.HttpServletRequest)
2018-12-05 08:52:14.168  INFO vtyc-quan-7460 --- [           main] s.w.s.m.m.a.RequestMappingHandlerMapping : Mapped "{[/error],produces=[text/html]}" onto public org.springframework.web.servlet.ModelAndView org.springframework.boot.autoconfigure.web.servlet.error.BasicErrorController.errorHtml(javax.servlet.http.HttpServletRequest,javax.servlet.http.HttpServletResponse)
2018-12-05 08:52:14.237  INFO vtyc-quan-7460 --- [           main] o.s.w.s.h.SimpleUrlHandlerMapping        : Mapped URL path [/webjars/**] onto handler of type [class org.springframework.web.servlet.resource.ResourceHttpRequestHandler]
2018-12-05 08:52:14.237  INFO vtyc-quan-7460 --- [           main] o.s.w.s.h.SimpleUrlHandlerMapping        : Mapped URL path [/**] onto handler of type [class org.springframework.web.servlet.resource.ResourceHttpRequestHandler]
2018-12-05 08:52:14.336  INFO vtyc-quan-7460 --- [           main] o.s.w.s.h.SimpleUrlHandlerMapping        : Mapped URL path [/**/favicon.ico] onto handler of type [class org.springframework.web.servlet.resource.ResourceHttpRequestHandler]
2018-12-05 08:52:14.885  INFO vtyc-quan-7460 --- [           main] c.v.SqlserverApplicationTests            : Started SqlserverApplicationTests in 7.164 seconds (JVM running for 14.205)
2018-12-05 08:52:15.075  INFO vtyc-quan-7460 --- [       Thread-2] o.s.w.c.s.GenericWebApplicationContext   : Closing org.springframework.web.context.support.GenericWebApplicationContext@7daa0fbd: startup date [Wed Dec 05 08:52:09 CST 2018]; root of context hierarchy
2018-12-05 08:52:15.078  INFO vtyc-quan-7460 --- [       Thread-2] j.LocalContainerEntityManagerFactoryBean : Closing JPA EntityManagerFactory for persistence unit 'default'
