2018-08-02 15:46:02.713  INFO Vtyc-Qiu-7460 --- [           main] c.v.SqlserverApplication                 : Info log
2018-08-02 15:46:02.738  WARN Vtyc-Qiu-7460 --- [           main] c.v.SqlserverApplication                 : Hey, This is a warning!
2018-08-02 15:46:02.738 ERROR Vtyc-Qiu-7460 --- [           main] c.v.SqlserverApplication                 : Oops! We have an Error. OK
2018-08-02 15:46:02.739 FATAL Vtyc-Qiu-7460 --- [           main] c.v.SqlserverApplication                 : Damn! Fatal error. Please fix me.
2018-08-02 15:46:03.684  INFO Vtyc-Qiu-7460 --- [           main] c.v.SqlserverApplication                 : Starting SqlserverApplication on Vtyc-Qiu-7460 with PID 5468 (D:\work\qiuuqan\projects\sqlserver\target\classes started by tmc10427 in D:\work\qiuuqan\projects\sqlserver)
2018-08-02 15:46:03.685  INFO Vtyc-Qiu-7460 --- [           main] c.v.SqlserverApplication                 : No active profile set, falling back to default profiles: default
2018-08-02 15:46:03.726  INFO Vtyc-Qiu-7460 --- [           main] ConfigServletWebServerApplicationContext : Refreshing org.springframework.boot.web.servlet.context.AnnotationConfigServletWebServerApplicationContext@11c9af63: startup date [Thu Aug 02 15:46:03 CST 2018]; root of context hierarchy
2018-08-02 15:46:04.988  INFO Vtyc-Qiu-7460 --- [           main] trationDelegate$BeanPostProcessorChecker : Bean 'org.springframework.transaction.annotation.ProxyTransactionManagementConfiguration' of type [org.springframework.transaction.annotation.ProxyTransactionManagementConfiguration$$EnhancerBySpringCGLIB$$5349bd80] is not eligible for getting processed by all BeanPostProcessors (for example: not eligible for auto-proxying)
2018-08-02 15:46:05.408  INFO Vtyc-Qiu-7460 --- [           main] o.s.b.w.e.t.TomcatWebServer              : Tomcat initialized with port(s): 9999 (http)
2018-08-02 15:46:05.421  INFO Vtyc-Qiu-7460 --- [           main] o.a.c.h.Http11NioProtocol                : Initializing ProtocolHandler ["http-nio-9999"]
2018-08-02 15:46:05.428  INFO Vtyc-Qiu-7460 --- [           main] o.a.c.c.StandardService                  : Starting service [Tomcat]
2018-08-02 15:46:05.429  INFO Vtyc-Qiu-7460 --- [           main] o.a.c.c.StandardEngine                   : Starting Servlet Engine: Apache Tomcat/8.5.28
2018-08-02 15:46:05.433  INFO Vtyc-Qiu-7460 --- [ost-startStop-1] o.a.c.c.AprLifecycleListener             : Loaded APR based Apache Tomcat Native library [1.2.16] using APR version [1.6.3].
2018-08-02 15:46:05.433  INFO Vtyc-Qiu-7460 --- [ost-startStop-1] o.a.c.c.AprLifecycleListener             : APR capabilities: IPv6 [true], sendfile [true], accept filters [false], random [true].
2018-08-02 15:46:05.433  INFO Vtyc-Qiu-7460 --- [ost-startStop-1] o.a.c.c.AprLifecycleListener             : APR/OpenSSL configuration: useAprConnector [false], useOpenSSL [true]
2018-08-02 15:46:06.532  INFO Vtyc-Qiu-7460 --- [ost-startStop-1] o.a.c.c.AprLifecycleListener             : OpenSSL successfully initialized [OpenSSL 1.0.2m  2 Nov 2017]
2018-08-02 15:46:06.623  INFO Vtyc-Qiu-7460 --- [ost-startStop-1] o.a.c.c.C.[.[.[/]                        : Initializing Spring embedded WebApplicationContext
2018-08-02 15:46:06.623  INFO Vtyc-Qiu-7460 --- [ost-startStop-1] o.s.w.c.ContextLoader                    : Root WebApplicationContext: initialization completed in 2900 ms
2018-08-02 15:46:06.779  INFO Vtyc-Qiu-7460 --- [ost-startStop-1] o.s.b.w.s.ServletRegistrationBean        : Servlet dispatcherServlet mapped to [/]
2018-08-02 15:46:06.783  INFO Vtyc-Qiu-7460 --- [ost-startStop-1] o.s.b.w.s.FilterRegistrationBean         : Mapping filter: 'characterEncodingFilter' to: [/*]
2018-08-02 15:46:06.784  INFO Vtyc-Qiu-7460 --- [ost-startStop-1] o.s.b.w.s.FilterRegistrationBean         : Mapping filter: 'hiddenHttpMethodFilter' to: [/*]
2018-08-02 15:46:06.784  INFO Vtyc-Qiu-7460 --- [ost-startStop-1] o.s.b.w.s.FilterRegistrationBean         : Mapping filter: 'httpPutFormContentFilter' to: [/*]
2018-08-02 15:46:06.784  INFO Vtyc-Qiu-7460 --- [ost-startStop-1] o.s.b.w.s.FilterRegistrationBean         : Mapping filter: 'requestContextFilter' to: [/*]
2018-08-02 15:46:06.991  INFO Vtyc-Qiu-7460 --- [           main] o.s.j.d.DriverManagerDataSource          : Loaded JDBC driver: com.microsoft.sqlserver.jdbc.SQLServerDriver
2018-08-02 15:46:07.000  INFO Vtyc-Qiu-7460 --- [           main] o.s.j.d.DriverManagerDataSource          : Loaded JDBC driver: com.microsoft.sqlserver.jdbc.SQLServerDriver
2018-08-02 15:46:07.604  INFO Vtyc-Qiu-7460 --- [           main] j.LocalContainerEntityManagerFactoryBean : Building JPA container EntityManagerFactory for persistence unit 'default'
2018-08-02 15:46:07.620  INFO Vtyc-Qiu-7460 --- [           main] o.h.j.i.u.LogHelper                      : HHH000204: Processing PersistenceUnitInfo [
	name: default
	...]
2018-08-02 15:46:07.746  INFO Vtyc-Qiu-7460 --- [           main] o.h.Version                              : HHH000412: Hibernate Core {5.2.14.Final}
2018-08-02 15:46:07.747  INFO Vtyc-Qiu-7460 --- [           main] o.h.c.Environment                        : HHH000206: hibernate.properties not found
2018-08-02 15:46:07.804  INFO Vtyc-Qiu-7460 --- [           main] o.h.a.c.Version                          : HCANN000001: Hibernate Commons Annotations {5.0.1.Final}
2018-08-02 15:46:07.954  INFO Vtyc-Qiu-7460 --- [           main] o.h.d.Dialect                            : HHH000400: Using dialect: org.hibernate.dialect.SQLServer2012Dialect
2018-08-02 15:46:08.202  INFO Vtyc-Qiu-7460 --- [           main] j.LocalContainerEntityManagerFactoryBean : Initialized JPA EntityManagerFactory for persistence unit 'default'
2018-08-02 15:46:08.227  INFO Vtyc-Qiu-7460 --- [           main] o.s.j.d.DriverManagerDataSource          : Loaded JDBC driver: com.microsoft.sqlserver.jdbc.SQLServerDriver
2018-08-02 15:46:08.228  INFO Vtyc-Qiu-7460 --- [           main] o.s.j.d.DriverManagerDataSource          : Loaded JDBC driver: com.microsoft.sqlserver.jdbc.SQLServerDriver
2018-08-02 15:46:08.614  INFO Vtyc-Qiu-7460 --- [           main] s.w.s.m.m.a.RequestMappingHandlerAdapter : Looking for @ControllerAdvice: org.springframework.boot.web.servlet.context.AnnotationConfigServletWebServerApplicationContext@11c9af63: startup date [Thu Aug 02 15:46:03 CST 2018]; root of context hierarchy
2018-08-02 15:46:08.647  WARN Vtyc-Qiu-7460 --- [           main] aWebConfiguration$JpaWebMvcConfiguration : spring.jpa.open-in-view is enabled by default. Therefore, database queries may be performed during view rendering. Explicitly configure spring.jpa.open-in-view to disable this warning
2018-08-02 15:46:08.837  INFO Vtyc-Qiu-7460 --- [           main] s.w.s.m.m.a.RequestMappingHandlerMapping : Mapped "{[/CQ/productionDay/{workcenter}/{s_date}],methods=[GET]}" onto public java.lang.String com.vtyc.controller.CQProlinkSQLController.getProductionByDay(java.lang.String,java.lang.String)
2018-08-02 15:46:08.838  INFO Vtyc-Qiu-7460 --- [           main] s.w.s.m.m.a.RequestMappingHandlerMapping : Mapped "{[/CQ/wcs],methods=[GET]}" onto public java.lang.String com.vtyc.controller.CQProlinkSQLController.getAllWorkcenters()
2018-08-02 15:46:08.839  INFO Vtyc-Qiu-7460 --- [           main] s.w.s.m.m.a.RequestMappingHandlerMapping : Mapped "{[/CQ/productionDayAll/{s_date}],methods=[GET]}" onto public java.lang.String com.vtyc.controller.CQProlinkSQLController.getProductionByDayAll(java.lang.String)
2018-08-02 15:46:08.839  INFO Vtyc-Qiu-7460 --- [           main] s.w.s.m.m.a.RequestMappingHandlerMapping : Mapped "{[/CQ/wc_wcd],methods=[GET]}" onto public java.lang.String com.vtyc.controller.CQProlinkSQLController.getAllWorkcenterWorkcenterDecs()
2018-08-02 15:46:08.839  INFO Vtyc-Qiu-7460 --- [           main] s.w.s.m.m.a.RequestMappingHandlerMapping : Mapped "{[/CQ/wc/{wc_id}],methods=[GET]}" onto public java.lang.String com.vtyc.controller.CQProlinkSQLController.getWorkcenterDesc(java.lang.String)
2018-08-02 15:46:08.840  INFO Vtyc-Qiu-7460 --- [           main] s.w.s.m.m.a.RequestMappingHandlerMapping : Mapped "{[/CQ/pt/{id}],methods=[GET]}" onto public java.lang.String com.vtyc.controller.CQProlinkSQLController.checkPartNum(java.lang.String)
2018-08-02 15:46:08.840  INFO Vtyc-Qiu-7460 --- [           main] s.w.s.m.m.a.RequestMappingHandlerMapping : Mapped "{[/CQ/count_pt],methods=[GET]}" onto public java.lang.String com.vtyc.controller.CQProlinkSQLController.getCountPt()
2018-08-02 15:46:08.841  INFO Vtyc-Qiu-7460 --- [           main] s.w.s.m.m.a.RequestMappingHandlerMapping : Mapped "{[/CQ/api],methods=[GET]}" onto public java.lang.String com.vtyc.controller.CQProlinkSQLController.getAllApi()
2018-08-02 15:46:08.842  INFO Vtyc-Qiu-7460 --- [           main] s.w.s.m.m.a.RequestMappingHandlerMapping : Mapped "{[/CQ/productionNightAll/{s_date}],methods=[GET]}" onto public java.lang.String com.vtyc.controller.CQProlinkSQLController.getProductionByNightAll(java.lang.String)
2018-08-02 15:46:08.842  INFO Vtyc-Qiu-7460 --- [           main] s.w.s.m.m.a.RequestMappingHandlerMapping : Mapped "{[/CQ/productionNight/{workcenter}/{s_date}],methods=[GET]}" onto public java.lang.String com.vtyc.controller.CQProlinkSQLController.getProductionByNight(java.lang.String,java.lang.String)
2018-08-02 15:46:08.849  INFO Vtyc-Qiu-7460 --- [           main] s.w.s.m.m.a.RequestMappingHandlerMapping : Mapped "{[/CZ/productionDay/{workcenter}/{s_date}],methods=[GET]}" onto public java.lang.String com.vtyc.controller.CzProlinkSQLController.getProductionByDay(java.lang.String,java.lang.String)
2018-08-02 15:46:08.850  INFO Vtyc-Qiu-7460 --- [           main] s.w.s.m.m.a.RequestMappingHandlerMapping : Mapped "{[/CZ/wcs],methods=[GET]}" onto public java.lang.String com.vtyc.controller.CzProlinkSQLController.getAllWorkcenters()
2018-08-02 15:46:08.850  INFO Vtyc-Qiu-7460 --- [           main] s.w.s.m.m.a.RequestMappingHandlerMapping : Mapped "{[/CZ/productionDayAll/{s_date}],methods=[GET]}" onto public java.lang.String com.vtyc.controller.CzProlinkSQLController.getProductionByDayAll(java.lang.String)
2018-08-02 15:46:08.850  INFO Vtyc-Qiu-7460 --- [           main] s.w.s.m.m.a.RequestMappingHandlerMapping : Mapped "{[/CZ/wc_wcd],methods=[GET]}" onto public java.lang.String com.vtyc.controller.CzProlinkSQLController.getAllWorkcenterWorkcenterDecs()
2018-08-02 15:46:08.851  INFO Vtyc-Qiu-7460 --- [           main] s.w.s.m.m.a.RequestMappingHandlerMapping : Mapped "{[/CZ/wc/{wc_id}],methods=[GET]}" onto public java.lang.String com.vtyc.controller.CzProlinkSQLController.getWorkcenterDesc(java.lang.String)
2018-08-02 15:46:08.852  INFO Vtyc-Qiu-7460 --- [           main] s.w.s.m.m.a.RequestMappingHandlerMapping : Mapped "{[/CZ/pt/{id}],methods=[GET]}" onto public java.lang.String com.vtyc.controller.CzProlinkSQLController.checkPartNum(java.lang.String)
2018-08-02 15:46:08.853  INFO Vtyc-Qiu-7460 --- [           main] s.w.s.m.m.a.RequestMappingHandlerMapping : Mapped "{[/CZ/count_pt],methods=[GET]}" onto public java.lang.String com.vtyc.controller.CzProlinkSQLController.getCountPt()
2018-08-02 15:46:08.853  INFO Vtyc-Qiu-7460 --- [           main] s.w.s.m.m.a.RequestMappingHandlerMapping : Mapped "{[/CZ/api],methods=[GET]}" onto public java.lang.String com.vtyc.controller.CzProlinkSQLController.getAllApi()
2018-08-02 15:46:08.853  INFO Vtyc-Qiu-7460 --- [           main] s.w.s.m.m.a.RequestMappingHandlerMapping : Mapped "{[/CZ/productionNightAll/{s_date}],methods=[GET]}" onto public java.lang.String com.vtyc.controller.CzProlinkSQLController.getProductionByNightAll(java.lang.String)
2018-08-02 15:46:08.854  INFO Vtyc-Qiu-7460 --- [           main] s.w.s.m.m.a.RequestMappingHandlerMapping : Mapped "{[/CZ/productionNight/{workcenter}/{s_date}],methods=[GET]}" onto public java.lang.String com.vtyc.controller.CzProlinkSQLController.getProductionByNight(java.lang.String,java.lang.String)
2018-08-02 15:46:08.854  INFO Vtyc-Qiu-7460 --- [           main] s.w.s.m.m.a.RequestMappingHandlerMapping : Mapped "{[/simpleemail]}" onto public java.lang.String com.vtyc.controller.QQEmailController.home()
2018-08-02 15:46:08.855  INFO Vtyc-Qiu-7460 --- [           main] s.w.s.m.m.a.RequestMappingHandlerMapping : Mapped "{[/vtycemail]}" onto public java.lang.String com.vtyc.controller.VtycEmailController.home()
2018-08-02 15:46:08.860  INFO Vtyc-Qiu-7460 --- [           main] s.w.s.m.m.a.RequestMappingHandlerMapping : Mapped "{[/error]}" onto public org.springframework.http.ResponseEntity<java.util.Map<java.lang.String, java.lang.Object>> org.springframework.boot.autoconfigure.web.servlet.error.BasicErrorController.error(javax.servlet.http.HttpServletRequest)
2018-08-02 15:46:08.861  INFO Vtyc-Qiu-7460 --- [           main] s.w.s.m.m.a.RequestMappingHandlerMapping : Mapped "{[/error],produces=[text/html]}" onto public org.springframework.web.servlet.ModelAndView org.springframework.boot.autoconfigure.web.servlet.error.BasicErrorController.errorHtml(javax.servlet.http.HttpServletRequest,javax.servlet.http.HttpServletResponse)
2018-08-02 15:46:08.913  INFO Vtyc-Qiu-7460 --- [           main] o.s.w.s.h.SimpleUrlHandlerMapping        : Mapped URL path [/webjars/**] onto handler of type [class org.springframework.web.servlet.resource.ResourceHttpRequestHandler]
2018-08-02 15:46:08.913  INFO Vtyc-Qiu-7460 --- [           main] o.s.w.s.h.SimpleUrlHandlerMapping        : Mapped URL path [/**] onto handler of type [class org.springframework.web.servlet.resource.ResourceHttpRequestHandler]
2018-08-02 15:46:08.996  INFO Vtyc-Qiu-7460 --- [           main] o.s.w.s.h.SimpleUrlHandlerMapping        : Mapped URL path [/**/favicon.ico] onto handler of type [class org.springframework.web.servlet.resource.ResourceHttpRequestHandler]
2018-08-02 15:46:09.374  INFO Vtyc-Qiu-7460 --- [           main] o.s.j.e.a.AnnotationMBeanExporter        : Registering beans for JMX exposure on startup
2018-08-02 15:46:09.393  INFO Vtyc-Qiu-7460 --- [           main] o.a.c.h.Http11NioProtocol                : Starting ProtocolHandler ["http-nio-9999"]
2018-08-02 15:46:09.404  INFO Vtyc-Qiu-7460 --- [           main] o.a.t.u.n.NioSelectorPool                : Using a shared selector for servlet write/read
2018-08-02 15:46:09.420  INFO Vtyc-Qiu-7460 --- [           main] o.s.b.w.e.t.TomcatWebServer              : Tomcat started on port(s): 9999 (http) with context path ''
2018-08-02 15:46:09.424  INFO Vtyc-Qiu-7460 --- [           main] c.v.SqlserverApplication                 : Started SqlserverApplication in 6.626 seconds (JVM running for 8.881)
2018-08-02 15:46:31.768  INFO Vtyc-Qiu-7460 --- [nio-9999-exec-1] o.a.c.c.C.[.[.[/]                        : Initializing Spring FrameworkServlet 'dispatcherServlet'
2018-08-02 15:46:31.768  INFO Vtyc-Qiu-7460 --- [nio-9999-exec-1] o.s.w.s.DispatcherServlet                : FrameworkServlet 'dispatcherServlet': initialization started
2018-08-02 15:46:31.784  INFO Vtyc-Qiu-7460 --- [nio-9999-exec-1] o.s.w.s.DispatcherServlet                : FrameworkServlet 'dispatcherServlet': initialization completed in 16 ms
