2018-06-04 10:04:24.683  INFO Vtyc-Qiu-7460 --- [           main] c.v.SqlserverApplication                 : Info log
2018-06-04 10:04:24.705  WARN Vtyc-Qiu-7460 --- [           main] c.v.SqlserverApplication                 : Hey, This is a warning!
2018-06-04 10:04:24.705 ERROR Vtyc-Qiu-7460 --- [           main] c.v.SqlserverApplication                 : Oops! We have an Error. OK
2018-06-04 10:04:24.705 FATAL Vtyc-Qiu-7460 --- [           main] c.v.SqlserverApplication                 : Damn! Fatal error. Please fix me.
2018-06-04 10:04:25.399  INFO Vtyc-Qiu-7460 --- [           main] c.v.SqlserverApplication                 : Starting SqlserverApplication on Vtyc-Qiu-7460 with PID 13336 (D:\quan_qiu\spring-projects\sqlserver\target\classes started by tmc10427 in D:\quan_qiu\spring-projects\sqlserver)
2018-06-04 10:04:25.399  INFO Vtyc-Qiu-7460 --- [           main] c.v.SqlserverApplication                 : No active profile set, falling back to default profiles: default
2018-06-04 10:04:25.447  INFO Vtyc-Qiu-7460 --- [           main] ConfigServletWebServerApplicationContext : Refreshing org.springframework.boot.web.servlet.context.AnnotationConfigServletWebServerApplicationContext@1757cd72: startup date [Mon Jun 04 10:04:25 CST 2018]; root of context hierarchy
2018-06-04 10:04:27.352  INFO Vtyc-Qiu-7460 --- [           main] trationDelegate$BeanPostProcessorChecker : Bean 'org.springframework.transaction.annotation.ProxyTransactionManagementConfiguration' of type [org.springframework.transaction.annotation.ProxyTransactionManagementConfiguration$$EnhancerBySpringCGLIB$$7b30ecb1] is not eligible for getting processed by all BeanPostProcessors (for example: not eligible for auto-proxying)
2018-06-04 10:04:28.020  INFO Vtyc-Qiu-7460 --- [           main] o.s.b.w.e.t.TomcatWebServer              : Tomcat initialized with port(s): 9999 (http)
2018-06-04 10:04:28.036  INFO Vtyc-Qiu-7460 --- [           main] o.a.c.h.Http11NioProtocol                : Initializing ProtocolHandler ["http-nio-9999"]
2018-06-04 10:04:28.048  INFO Vtyc-Qiu-7460 --- [           main] o.a.c.c.StandardService                  : Starting service [Tomcat]
2018-06-04 10:04:28.049  INFO Vtyc-Qiu-7460 --- [           main] o.a.c.c.StandardEngine                   : Starting Servlet Engine: Apache Tomcat/8.5.28
2018-06-04 10:04:28.061  INFO Vtyc-Qiu-7460 --- [ost-startStop-1] o.a.c.c.AprLifecycleListener             : Loaded APR based Apache Tomcat Native library [1.2.16] using APR version [1.6.3].
2018-06-04 10:04:28.061  INFO Vtyc-Qiu-7460 --- [ost-startStop-1] o.a.c.c.AprLifecycleListener             : APR capabilities: IPv6 [true], sendfile [true], accept filters [false], random [true].
2018-06-04 10:04:28.061  INFO Vtyc-Qiu-7460 --- [ost-startStop-1] o.a.c.c.AprLifecycleListener             : APR/OpenSSL configuration: useAprConnector [false], useOpenSSL [true]
2018-06-04 10:04:29.090  INFO Vtyc-Qiu-7460 --- [ost-startStop-1] o.a.c.c.AprLifecycleListener             : OpenSSL successfully initialized [OpenSSL 1.0.2m  2 Nov 2017]
2018-06-04 10:04:29.197  INFO Vtyc-Qiu-7460 --- [ost-startStop-1] o.a.c.c.C.[.[.[/]                        : Initializing Spring embedded WebApplicationContext
2018-06-04 10:04:29.197  INFO Vtyc-Qiu-7460 --- [ost-startStop-1] o.s.w.c.ContextLoader                    : Root WebApplicationContext: initialization completed in 3759 ms
2018-06-04 10:04:29.289  INFO Vtyc-Qiu-7460 --- [ost-startStop-1] o.s.b.w.s.ServletRegistrationBean        : Servlet dispatcherServlet mapped to [/]
2018-06-04 10:04:29.292  INFO Vtyc-Qiu-7460 --- [ost-startStop-1] o.s.b.w.s.FilterRegistrationBean         : Mapping filter: 'characterEncodingFilter' to: [/*]
2018-06-04 10:04:29.292  INFO Vtyc-Qiu-7460 --- [ost-startStop-1] o.s.b.w.s.FilterRegistrationBean         : Mapping filter: 'hiddenHttpMethodFilter' to: [/*]
2018-06-04 10:04:29.292  INFO Vtyc-Qiu-7460 --- [ost-startStop-1] o.s.b.w.s.FilterRegistrationBean         : Mapping filter: 'httpPutFormContentFilter' to: [/*]
2018-06-04 10:04:29.292  INFO Vtyc-Qiu-7460 --- [ost-startStop-1] o.s.b.w.s.FilterRegistrationBean         : Mapping filter: 'requestContextFilter' to: [/*]
2018-06-04 10:04:29.548  INFO Vtyc-Qiu-7460 --- [           main] o.s.j.d.DriverManagerDataSource          : Loaded JDBC driver: com.microsoft.sqlserver.jdbc.SQLServerDriver
2018-06-04 10:04:29.554  INFO Vtyc-Qiu-7460 --- [           main] o.s.j.d.DriverManagerDataSource          : Loaded JDBC driver: com.microsoft.sqlserver.jdbc.SQLServerDriver
2018-06-04 10:04:30.222  INFO Vtyc-Qiu-7460 --- [           main] j.LocalContainerEntityManagerFactoryBean : Building JPA container EntityManagerFactory for persistence unit 'default'
2018-06-04 10:04:30.329  INFO Vtyc-Qiu-7460 --- [           main] o.h.j.i.u.LogHelper                      : HHH000204: Processing PersistenceUnitInfo [
	name: default
	...]
2018-06-04 10:04:30.398  INFO Vtyc-Qiu-7460 --- [           main] o.h.Version                              : HHH000412: Hibernate Core {5.2.14.Final}
2018-06-04 10:04:30.399  INFO Vtyc-Qiu-7460 --- [           main] o.h.c.Environment                        : HHH000206: hibernate.properties not found
2018-06-04 10:04:30.442  INFO Vtyc-Qiu-7460 --- [           main] o.h.a.c.Version                          : HCANN000001: Hibernate Commons Annotations {5.0.1.Final}
2018-06-04 10:04:30.558  INFO Vtyc-Qiu-7460 --- [           main] o.h.d.Dialect                            : HHH000400: Using dialect: org.hibernate.dialect.SQLServer2012Dialect
2018-06-04 10:04:30.797  INFO Vtyc-Qiu-7460 --- [           main] j.LocalContainerEntityManagerFactoryBean : Initialized JPA EntityManagerFactory for persistence unit 'default'
2018-06-04 10:04:30.812  INFO Vtyc-Qiu-7460 --- [           main] o.s.j.d.DriverManagerDataSource          : Loaded JDBC driver: com.microsoft.sqlserver.jdbc.SQLServerDriver
2018-06-04 10:04:30.813  INFO Vtyc-Qiu-7460 --- [           main] o.s.j.d.DriverManagerDataSource          : Loaded JDBC driver: com.microsoft.sqlserver.jdbc.SQLServerDriver
2018-06-04 10:04:31.143  INFO Vtyc-Qiu-7460 --- [           main] s.w.s.m.m.a.RequestMappingHandlerAdapter : Looking for @ControllerAdvice: org.springframework.boot.web.servlet.context.AnnotationConfigServletWebServerApplicationContext@1757cd72: startup date [Mon Jun 04 10:04:25 CST 2018]; root of context hierarchy
2018-06-04 10:04:31.171  WARN Vtyc-Qiu-7460 --- [           main] aWebConfiguration$JpaWebMvcConfiguration : spring.jpa.open-in-view is enabled by default. Therefore, database queries may be performed during view rendering. Explicitly configure spring.jpa.open-in-view to disable this warning
2018-06-04 10:04:31.221  INFO Vtyc-Qiu-7460 --- [           main] s.w.s.m.m.a.RequestMappingHandlerMapping : Mapped "{[/CQ/wc_wcd],methods=[GET]}" onto public java.lang.String com.vtyc.controller.CQProlinkSQLController.getAllWorkcenterWorkcenterDecs()
2018-06-04 10:04:31.223  INFO Vtyc-Qiu-7460 --- [           main] s.w.s.m.m.a.RequestMappingHandlerMapping : Mapped "{[/CQ/workhourDay/{workcenter}/{vtyc_pn}/{s_date}],methods=[GET]}" onto public java.lang.String com.vtyc.controller.CQProlinkSQLController.getWorkHourByDayshift(java.lang.String,java.lang.String,java.lang.String)
2018-06-04 10:04:31.223  INFO Vtyc-Qiu-7460 --- [           main] s.w.s.m.m.a.RequestMappingHandlerMapping : Mapped "{[/CQ/wcs],methods=[GET]}" onto public java.lang.String com.vtyc.controller.CQProlinkSQLController.getAllWorkcenters()
2018-06-04 10:04:31.223  INFO Vtyc-Qiu-7460 --- [           main] s.w.s.m.m.a.RequestMappingHandlerMapping : Mapped "{[/CQ/workhourNight/{workcenter}/{vtyc_pn}/{s_date}],methods=[GET]}" onto public java.lang.String com.vtyc.controller.CQProlinkSQLController.getWorkHourByNightshift(java.lang.String,java.lang.String,java.lang.String)
2018-06-04 10:04:31.223  INFO Vtyc-Qiu-7460 --- [           main] s.w.s.m.m.a.RequestMappingHandlerMapping : Mapped "{[/CQ/wc/{wc_id}],methods=[GET]}" onto public java.lang.String com.vtyc.controller.CQProlinkSQLController.getWorkcenterDesc(java.lang.String)
2018-06-04 10:04:31.223  INFO Vtyc-Qiu-7460 --- [           main] s.w.s.m.m.a.RequestMappingHandlerMapping : Mapped "{[/CQ/count_pt],methods=[GET]}" onto public java.lang.String com.vtyc.controller.CQProlinkSQLController.getCountPt()
2018-06-04 10:04:31.224  INFO Vtyc-Qiu-7460 --- [           main] s.w.s.m.m.a.RequestMappingHandlerMapping : Mapped "{[/CQ/pt/{id}],methods=[GET]}" onto public java.lang.String com.vtyc.controller.CQProlinkSQLController.checkPartNum(java.lang.String)
2018-06-04 10:04:31.224  INFO Vtyc-Qiu-7460 --- [           main] s.w.s.m.m.a.RequestMappingHandlerMapping : Mapped "{[/CQ/api],methods=[GET]}" onto public java.lang.String com.vtyc.controller.CQProlinkSQLController.getAllApi()
2018-06-04 10:04:31.228  INFO Vtyc-Qiu-7460 --- [           main] s.w.s.m.m.a.RequestMappingHandlerMapping : Mapped "{[/CZ/wc_wcd],methods=[GET]}" onto public java.lang.String com.vtyc.controller.CzProlinkSQLController.getAllWorkcenterWorkcenterDecs()
2018-06-04 10:04:31.228  INFO Vtyc-Qiu-7460 --- [           main] s.w.s.m.m.a.RequestMappingHandlerMapping : Mapped "{[/CZ/workhourDay/{workcenter}/{vtyc_pn}/{s_date}],methods=[GET]}" onto public java.lang.String com.vtyc.controller.CzProlinkSQLController.getWorkHourByDayshift(java.lang.String,java.lang.String,java.lang.String)
2018-06-04 10:04:31.228  INFO Vtyc-Qiu-7460 --- [           main] s.w.s.m.m.a.RequestMappingHandlerMapping : Mapped "{[/CZ/wcs],methods=[GET]}" onto public java.lang.String com.vtyc.controller.CzProlinkSQLController.getAllWorkcenters()
2018-06-04 10:04:31.228  INFO Vtyc-Qiu-7460 --- [           main] s.w.s.m.m.a.RequestMappingHandlerMapping : Mapped "{[/CZ/workhourNight/{workcenter}/{vtyc_pn}/{s_date}],methods=[GET]}" onto public java.lang.String com.vtyc.controller.CzProlinkSQLController.getWorkHourByNightshift(java.lang.String,java.lang.String,java.lang.String)
2018-06-04 10:04:31.228  INFO Vtyc-Qiu-7460 --- [           main] s.w.s.m.m.a.RequestMappingHandlerMapping : Mapped "{[/CZ/wc/{wc_id}],methods=[GET]}" onto public java.lang.String com.vtyc.controller.CzProlinkSQLController.getWorkcenterDesc(java.lang.String)
2018-06-04 10:04:31.229  INFO Vtyc-Qiu-7460 --- [           main] s.w.s.m.m.a.RequestMappingHandlerMapping : Mapped "{[/CZ/count_pt],methods=[GET]}" onto public java.lang.String com.vtyc.controller.CzProlinkSQLController.getCountPt()
2018-06-04 10:04:31.229  INFO Vtyc-Qiu-7460 --- [           main] s.w.s.m.m.a.RequestMappingHandlerMapping : Mapped "{[/CZ/pt/{id}],methods=[GET]}" onto public java.lang.String com.vtyc.controller.CzProlinkSQLController.checkPartNum(java.lang.String)
2018-06-04 10:04:31.229  INFO Vtyc-Qiu-7460 --- [           main] s.w.s.m.m.a.RequestMappingHandlerMapping : Mapped "{[/CZ/api],methods=[GET]}" onto public java.lang.String com.vtyc.controller.CzProlinkSQLController.getAllApi()
2018-06-04 10:04:31.229  INFO Vtyc-Qiu-7460 --- [           main] s.w.s.m.m.a.RequestMappingHandlerMapping : Mapped "{[/simpleemail]}" onto public java.lang.String com.vtyc.controller.QQEmailController.home()
2018-06-04 10:04:31.230  INFO Vtyc-Qiu-7460 --- [           main] s.w.s.m.m.a.RequestMappingHandlerMapping : Mapped "{[/vtycemail]}" onto public java.lang.String com.vtyc.controller.VtycEmailController.home()
2018-06-04 10:04:31.232  INFO Vtyc-Qiu-7460 --- [           main] s.w.s.m.m.a.RequestMappingHandlerMapping : Mapped "{[/error]}" onto public org.springframework.http.ResponseEntity<java.util.Map<java.lang.String, java.lang.Object>> org.springframework.boot.autoconfigure.web.servlet.error.BasicErrorController.error(javax.servlet.http.HttpServletRequest)
2018-06-04 10:04:31.232  INFO Vtyc-Qiu-7460 --- [           main] s.w.s.m.m.a.RequestMappingHandlerMapping : Mapped "{[/error],produces=[text/html]}" onto public org.springframework.web.servlet.ModelAndView org.springframework.boot.autoconfigure.web.servlet.error.BasicErrorController.errorHtml(javax.servlet.http.HttpServletRequest,javax.servlet.http.HttpServletResponse)
2018-06-04 10:04:31.264  INFO Vtyc-Qiu-7460 --- [           main] o.s.w.s.h.SimpleUrlHandlerMapping        : Mapped URL path [/webjars/**] onto handler of type [class org.springframework.web.servlet.resource.ResourceHttpRequestHandler]
2018-06-04 10:04:31.264  INFO Vtyc-Qiu-7460 --- [           main] o.s.w.s.h.SimpleUrlHandlerMapping        : Mapped URL path [/**] onto handler of type [class org.springframework.web.servlet.resource.ResourceHttpRequestHandler]
2018-06-04 10:04:31.305  INFO Vtyc-Qiu-7460 --- [           main] o.s.w.s.h.SimpleUrlHandlerMapping        : Mapped URL path [/**/favicon.ico] onto handler of type [class org.springframework.web.servlet.resource.ResourceHttpRequestHandler]
2018-06-04 10:04:31.509  INFO Vtyc-Qiu-7460 --- [           main] o.s.j.e.a.AnnotationMBeanExporter        : Registering beans for JMX exposure on startup
2018-06-04 10:04:31.520  INFO Vtyc-Qiu-7460 --- [           main] o.a.c.h.Http11NioProtocol                : Starting ProtocolHandler ["http-nio-9999"]
2018-06-04 10:04:31.528  INFO Vtyc-Qiu-7460 --- [           main] o.a.t.u.n.NioSelectorPool                : Using a shared selector for servlet write/read
2018-06-04 10:04:31.538  INFO Vtyc-Qiu-7460 --- [           main] o.s.b.w.e.t.TomcatWebServer              : Tomcat started on port(s): 9999 (http) with context path ''
2018-06-04 10:04:31.540  INFO Vtyc-Qiu-7460 --- [           main] c.v.SqlserverApplication                 : Started SqlserverApplication in 6.717 seconds (JVM running for 9.995)
2018-06-04 10:10:53.663  INFO Vtyc-Qiu-7460 --- [nio-9999-exec-1] o.a.c.c.C.[.[.[/]                        : Initializing Spring FrameworkServlet 'dispatcherServlet'
2018-06-04 10:10:53.663  INFO Vtyc-Qiu-7460 --- [nio-9999-exec-1] o.s.w.s.DispatcherServlet                : FrameworkServlet 'dispatcherServlet': initialization started
2018-06-04 10:10:53.684  INFO Vtyc-Qiu-7460 --- [nio-9999-exec-1] o.s.w.s.DispatcherServlet                : FrameworkServlet 'dispatcherServlet': initialization completed in 21 ms
